[0mGET / [32m200[0m 1588.148 ms - 17162[0m
[0mGET /favicon.ico [33m404[0m 95.766 ms - 150[0m
[0mGET /users/sign-in [32m200[0m 19.828 ms - 8754[0m
[0mGET /users/css/layout.css [33m404[0m 14.793 ms - 159[0m
[0mGET /users/css/footer.css [33m404[0m 13.326 ms - 159[0m
[0mGET /users/css/layout.css [33m404[0m 7.287 ms - 159[0m
[0mGET /users/css/footer.css [33m404[0m 8.985 ms - 159[0m
[0mPOST /users/create-session [36m302[0m 112.391 ms - 46[0m
[0mGET / [32m200[0m 92.921 ms - 29870[0m
[0mGET /favicon.ico [33m404[0m 7.415 ms - 150[0m
[0mGET / [32m200[0m 309.889 ms - 29340[0m
[0mPOST /posts/create [36m302[0m 220.350 ms - 44[0m
[0mGET / [32m200[0m 28.741 ms - 32844[0m
[0mGET / [32m200[0m 567.993 ms - 32358[0m
[0mGET / [36m304[0m 25.361 ms - -[0m
[0mGET / [36m304[0m 24.431 ms - -[0m
[0mGET / [36m304[0m 34.427 ms - -[0m
[0mGET / [36m304[0m 30.543 ms - -[0m
[0mGET / [36m304[0m 28.629 ms - -[0m
[0mGET / [36m304[0m 22.081 ms - -[0m
[0mGET / [36m304[0m 20.713 ms - -[0m
[0mGET / [36m304[0m 28.588 ms - -[0m
[0mGET / [36m304[0m 21.162 ms - -[0m
[0mGET / [32m200[0m 25.625 ms - 32120[0m
[0mGET / [32m200[0m 30.116 ms - 32044[0m
[0mGET / [36m304[0m 23.883 ms - -[0m
[0mGET / [36m304[0m 27.693 ms - -[0m
[0mGET / [36m304[0m 21.406 ms - -[0m
[0mGET / [36m304[0m 19.356 ms - -[0m
[0mGET / [32m200[0m 20.657 ms - 32358[0m
[0mGET / [36m304[0m 21.861 ms - -[0m
[0mGET / [36m304[0m 22.052 ms - -[0m
[0mGET / [36m304[0m 21.025 ms - -[0m
[0mGET / [36m304[0m 35.323 ms - -[0m
[0mGET / [36m304[0m 21.767 ms - -[0m
[0mGET / [36m304[0m 19.433 ms - -[0m
[0mGET / [36m304[0m 25.091 ms - -[0m
[0mGET / [36m304[0m 30.756 ms - -[0m
[0mGET / [36m304[0m 22.635 ms - -[0m
[0mGET / [36m304[0m 35.306 ms - -[0m
[0mGET / [36m304[0m 22.549 ms - -[0m
[0mGET / [36m304[0m 28.114 ms - -[0m
[0mGET / [36m304[0m 23.521 ms - -[0m
[0mGET / [36m304[0m 23.160 ms - -[0m
[0mGET / [36m304[0m 21.521 ms - -[0m
[0mGET / [36m304[0m 25.676 ms - -[0m
[0mGET / [36m304[0m 26.909 ms - -[0m
[0mGET / [36m304[0m 25.255 ms - -[0m
[0mGET / [36m304[0m 18.641 ms - -[0m
[0mGET / [36m304[0m 24.267 ms - -[0m
[0mGET / [32m200[0m 30.311 ms - 18576[0m
[0mGET /favicon.ico [33m404[0m 2.191 ms - 150[0m
[0mGET /users/sign-in [32m200[0m 17.187 ms - 8754[0m
[0mGET /users/css/layout.css [33m404[0m 3.310 ms - 159[0m
[0mGET /users/css/footer.css [33m404[0m 1.960 ms - 159[0m
[0mGET /users/css/layout.css [33m404[0m 3.581 ms - 159[0m
[0mPOST /users/create-session [36m302[0m 15.191 ms - 46[0m
[0mGET / [32m200[0m 30.432 ms - 32888[0m
[0mGET / [32m200[0m 22.734 ms - 32358[0m
[0mGET / [36m304[0m 22.120 ms - -[0m
[0mGET / [36m304[0m 19.307 ms - -[0m
[0mGET / [36m304[0m 22.531 ms - -[0m
[0mGET / [36m304[0m 28.270 ms - -[0m
[0mGET / [36m304[0m 23.463 ms - -[0m
[0mGET / [0m-[0m - ms - -[0m
[0mGET / [32m200[0m 25.990 ms - 32358[0m
[0mGET / [36m304[0m 25.084 ms - -[0m
[0mGET / [36m304[0m 35.286 ms - -[0m
[0mGET / [36m304[0m 34.193 ms - -[0m
[0mGET / [36m304[0m 41.139 ms - -[0m
[0mGET / [36m304[0m 39.960 ms - -[0m
[0mGET / [36m304[0m 42.113 ms - -[0m
[0mGET / [36m304[0m 20.856 ms - -[0m
[0mGET / [36m304[0m 23.521 ms - -[0m
[0mGET / [36m304[0m 38.740 ms - -[0m
[0mGET / [36m304[0m 23.392 ms - -[0m
[0mGET / [36m304[0m 29.697 ms - -[0m
[0mGET / [36m304[0m 18.634 ms - -[0m
[0mGET / [36m304[0m 24.786 ms - -[0m
[0mGET / [36m304[0m 19.234 ms - -[0m
[0mPOST /users/create-session [36m302[0m 18.706 ms - 46[0m
[0mGET / [32m200[0m 41.306 ms - 32888[0m
[0mPOST /likes/toggle/?id=62679734bf3729861eef0c61&type=Post [32m200[0m 25.283 ms - 63[0m
[0mPOST /likes/toggle/?id=62679734bf3729861eef0c61&type=Post [32m200[0m 51.149 ms - 62[0m
[0mPOST /likes/toggle/?id=62679734bf3729861eef0c61&type=Post [32m200[0m 17.340 ms - 63[0m
[0mPOST /likes/toggle/?id=62679734bf3729861eef0c61&type=Post [32m200[0m 15.294 ms - 62[0m
[0mPOST /likes/toggle/?id=62679734bf3729861eef0c61&type=Post [32m200[0m 12.915 ms - 63[0m
[0mGET / [32m200[0m 25.517 ms - 32358[0m
[0mGET / [36m304[0m 27.772 ms - -[0m
[0mGET / [32m200[0m 43.563 ms - 32358[0m
[0mGET / [36m304[0m 21.368 ms - -[0m
[0mGET / [36m304[0m 22.038 ms - -[0m
[0mGET / [36m304[0m 20.467 ms - -[0m
[0mGET / [36m304[0m 23.452 ms - -[0m
[0mGET / [36m304[0m 25.549 ms - -[0m
[0mGET / [36m304[0m 24.966 ms - -[0m
[0mGET / [36m304[0m 25.447 ms - -[0m
[0mGET / [36m304[0m 31.709 ms - -[0m
[0mGET / [36m304[0m 23.155 ms - -[0m
[0mGET / [36m304[0m 22.046 ms - -[0m
[0mGET / [0m-[0m - ms - -[0m
[0mGET / [32m200[0m 645.564 ms - 18576[0m
[0mGET /favicon.ico [33m404[0m 308.169 ms - 150[0m
[0mGET /users/sign-in [32m200[0m 108.224 ms - 8754[0m
[0mGET /users/css/layout.css [33m404[0m 7.797 ms - 159[0m
[0mGET /users/css/footer.css [33m404[0m 18.130 ms - 159[0m
[0mGET /users/auth/google [36m302[0m 557.969 ms - 0[0m
[0mGET /users/auth/google/callback?code=4%2F0AX4XfWhGN0XEss0F8fLSN_N-AjEy8UE1QahuTODN9aWzDJV84BK1v2iPhavdthx4Gz8miw&scope=email+profile+https%3A%2F%2Fwww.googleapis.com%2Fauth%2Fuserinfo.profile+https%3A%2F%2Fwww.googleapis.com%2Fauth%2Fuserinfo.email+openid&authuser=0&prompt=consent [36m302[0m 3351.575 ms - 46[0m
[0mGET / [32m200[0m 25.380 ms - 32888[0m
[0mPOST /likes/toggle/?id=62679734bf3729861eef0c61&type=Post [32m200[0m 76525.343 ms - 62[0m
[0mPOST /likes/toggle/?id=62679734bf3729861eef0c61&type=Post [32m200[0m 75447.837 ms - 62[0m
[0mPOST /likes/toggle/?id=62679734bf3729861eef0c61&type=Post [32m200[0m 74283.922 ms - 62[0m
[0mPOST /likes/toggle/?id=62679734bf3729861eef0c61&type=Post [32m200[0m 74118.121 ms - 62[0m
[0mPOST /likes/toggle/?id=62679734bf3729861eef0c61&type=Post [32m200[0m 73946.653 ms - 62[0m
[0mGET / [32m200[0m 665.862 ms - 32358[0m
[0mGET / [36m304[0m 27.164 ms - -[0m
[0mGET / [36m304[0m 30.258 ms - -[0m
[0mPOST /likes/toggle/?id=62679734bf3729861eef0c61&type=Post [32m200[0m 138.259 ms - 63[0m
[0mPOST /likes/toggle/?id=62591f5afdc0d87eec105fa6&type=Post [32m200[0m 20.107 ms - 62[0m
[0mPOST /likes/toggle/?id=62591f5afdc0d87eec105fa6&type=Post [32m200[0m 21.713 ms - 63[0m
[0mGET / [32m200[0m 33.325 ms - 32487[0m
[0mGET / [32m200[0m 26.335 ms - 32632[0m
[0mGET / [36m304[0m 61.568 ms - -[0m
[0mGET / [32m200[0m 31.159 ms - 32637[0m
[0mGET / [32m200[0m 29.312 ms - 32637[0m
[0mGET / [32m200[0m 30.394 ms - 32661[0m
[0mGET / [32m200[0m 30.360 ms - 33473[0m
[0mGET / [36m304[0m 62.714 ms - -[0m
[0mGET / [36m304[0m 28.821 ms - -[0m
[0mGET / [32m200[0m 26.469 ms - 33042[0m
[0mGET / [32m200[0m 28.971 ms - 33035[0m
[0mGET / [36m304[0m 26.547 ms - -[0m
[0mGET / [36m304[0m 25.617 ms - -[0m
[0mGET / [36m304[0m 28.290 ms - -[0m
[0mGET / [36m304[0m 24.444 ms - -[0m
[0mGET / [36m304[0m 27.419 ms - -[0m
[0mGET / [36m304[0m 24.538 ms - -[0m
[0mGET / [36m304[0m 29.495 ms - -[0m
[0mGET / [36m304[0m 34.560 ms - -[0m
[0mGET / [36m304[0m 23.041 ms - -[0m
[0mGET / [36m304[0m 21.877 ms - -[0m
[0mGET / [36m304[0m 29.191 ms - -[0m
[0mGET / [36m304[0m 26.273 ms - -[0m
[0mGET / [36m304[0m 25.040 ms - -[0m
[0mGET / [32m200[0m 23.122 ms - 32815[0m
[0mGET / [36m304[0m 24.085 ms - -[0m
[0mGET / [32m200[0m 24.666 ms - 33002[0m
[0mGET / [32m200[0m 23.248 ms - 32922[0m
[0mGET / [36m304[0m 25.121 ms - -[0m
[0mGET / [36m304[0m 20.361 ms - -[0m
[0mGET / [32m200[0m 22.246 ms - 32994[0m
[0mGET / [32m200[0m 22.242 ms - 33010[0m
[0mGET / [32m200[0m 25.197 ms - 33012[0m
[0mGET / [32m200[0m 21.203 ms - 33100[0m
[0mGET / [32m200[0m 26.364 ms - 33095[0m
[0mGET / [32m200[0m 26.159 ms - 33100[0m
[0mGET / [32m200[0m 24.658 ms - 33115[0m
[0mGET / [32m200[0m 26.699 ms - 33105[0m
[0mGET / [32m200[0m 22.328 ms - 33106[0m
[0mGET / [32m200[0m 22.163 ms - 33106[0m
[0mGET / [32m200[0m 25.668 ms - 33106[0m
[0mGET / [32m200[0m 27.044 ms - 33094[0m
[0mGET / [32m200[0m 25.363 ms - 33107[0m
[0mGET / [32m200[0m 22.868 ms - 33107[0m
[0mGET / [32m200[0m 24.638 ms - 33107[0m
[0mGET / [32m200[0m 26.970 ms - 33111[0m
[0mGET / [32m200[0m 19.318 ms - 33105[0m
[0mGET / [32m200[0m 24.152 ms - 33117[0m
[0mGET / [32m200[0m 21.287 ms - 33112[0m
[0mGET / [32m200[0m 23.258 ms - 33112[0m
[0mGET / [32m200[0m 25.231 ms - 33112[0m
[0mGET / [36m304[0m 21.385 ms - -[0m
[0mGET / [36m304[0m 21.364 ms - -[0m
[0mGET / [36m304[0m 20.624 ms - -[0m
[0mGET / [36m304[0m 28.238 ms - -[0m
[0mGET / [32m200[0m 23.804 ms - 33124[0m
[0mGET / [32m200[0m 22.981 ms - 33012[0m
[0mGET / [32m200[0m 291.783 ms - 18589[0m
[0mGET /users/sign-in [32m200[0m 26.831 ms - 8754[0m
[0mGET /users/css/layout.css [33m404[0m 94.934 ms - 159[0m
[0mGET /users/css/footer.css [33m404[0m 97.406 ms - 159[0m
[0mGET /users/auth/google [36m302[0m 34.506 ms - 0[0m
[0mGET /users/auth/google/callback?code=4%2F0AX4XfWi8E_WO1EHRvLhvxY6Ua3fsDSX3ScbFsdUXI1kRVT0FIKZQavmiyl9oEHo7CPwpow&scope=email+profile+https%3A%2F%2Fwww.googleapis.com%2Fauth%2Fuserinfo.profile+https%3A%2F%2Fwww.googleapis.com%2Fauth%2Fuserinfo.email+openid&authuser=0&prompt=consent [36m302[0m 828.420 ms - 46[0m
[0mGET / [32m200[0m 21.505 ms - 33554[0m
[0mGET / [32m200[0m 24.307 ms - 33012[0m
[0mGET / [32m200[0m 24.317 ms - 33311[0m
[0mPOST /posts/create [36m302[0m 1.909 ms - 36[0m
[0mGET /users/sign-in [36m304[0m 37.791 ms - -[0m
[0mGET / [32m200[0m 108.905 ms - 18589[0m
[0mGET /users/sign-in [36m304[0m 8.090 ms - -[0m
[0mGET /users/css/layout.css [33m404[0m 9.625 ms - 159[0m
[0mGET /users/css/footer.css [33m404[0m 12.194 ms - 159[0m
[0mGET /users/css/layout.css [33m404[0m 4.052 ms - 159[0m
[0mGET /users/css/footer.css [33m404[0m 5.038 ms - 159[0m
[0mGET /users/auth/google [36m302[0m 2.775 ms - 0[0m
[0mGET /users/auth/google/callback?code=4%2F0AX4XfWjGOOQb7dxOGzJW5vSDSwzsORgNAaYal0XvvFWThU3UJT8A_rerX3xCfUxjO-8toA&scope=email+profile+https%3A%2F%2Fwww.googleapis.com%2Fauth%2Fuserinfo.profile+https%3A%2F%2Fwww.googleapis.com%2Fauth%2Fuserinfo.email+openid&authuser=0&prompt=consent [36m302[0m 8968.473 ms - 46[0m
[0mGET / [32m200[0m 29.690 ms - 33899[0m
