[0mGET / [32m200[0m 1198.539 ms - 4770[0m
[0mGET /favicon.ico [0m-[0m - ms - -[0m
[0mGET /users/sign-in [32m200[0m 25.325 ms - 8754[0m
[0mGET /users/css/footer.css [33m404[0m 10.823 ms - 159[0m
[0mGET /users/css/layout.css [33m404[0m 13.974 ms - 159[0m
[0mGET /users/css/layout.css [33m404[0m 4.993 ms - 159[0m
[0mGET /users/css/footer.css [33m404[0m 7.060 ms - 159[0m
[0mPOST /users/create-session [36m302[0m 79.949 ms - 46[0m
[0mGET / [32m200[0m 65.305 ms - 20697[0m
[0mGET / [32m200[0m 58.607 ms - 20167[0m
[0mGET /favicon.ico [0m-[0m - ms - -[0m
[0mGET /users/sign-out [36m302[0m 6.375 ms - 46[0m
[0mGET / [36m304[0m 30.289 ms - -[0m
[0mGET /users/sign-out [36m302[0m 2.618 ms - 46[0m
[0mGET / [32m200[0m 14.080 ms - 5355[0m
[0mGET / [32m200[0m 18.902 ms - 4811[0m
[0mGET / [32m200[0m 15.689 ms - 4813[0m
[0mGET /users/sign-in [32m200[0m 117.011 ms - 8754[0m
[0mGET /users/css/layout.css [33m404[0m 2.795 ms - 159[0m
[0mGET /users/css/footer.css [33m404[0m 2.390 ms - 159[0m
[0mGET /users/css/layout.css [33m404[0m 2.461 ms - 159[0m
[0mGET /users/css/footer.css [33m404[0m 3.400 ms - 159[0m
[0mPOST /users/create-session [36m302[0m 3.705 ms - 46[0m
[0mGET / [32m200[0m 20.532 ms - 20697[0m
[0mGET /users/sign-out [36m302[0m 4.252 ms - 46[0m
[0mGET / [32m200[0m 32.562 ms - 5340[0m
[0mGET / [32m200[0m 13.536 ms - 4813[0m
[0mGET / [32m200[0m 2424.167 ms - 4813[0m
[0mGET /favicon.ico [33m404[0m 33.554 ms - 150[0m
[0mGET / [36m304[0m 18.190 ms - -[0m
[0mGET /users/sign-in [32m200[0m 44.474 ms - 8754[0m
[0mGET /users/css/layout.css [33m404[0m 7.703 ms - 159[0m
[0mGET /users/css/footer.css [33m404[0m 7.864 ms - 159[0m
[0mGET /users/css/layout.css [33m404[0m 2.954 ms - 159[0m
[0mGET /users/css/footer.css [33m404[0m 3.912 ms - 159[0m
[0mGET / [36m304[0m 55.219 ms - -[0m
[0mGET / [32m200[0m 17.771 ms - 4811[0m
[0mGET / [32m200[0m 18.865 ms - 4780[0m
[0mGET / [36m304[0m 13.190 ms - -[0m
[0mGET / [32m200[0m 402.359 ms - 12268[0m
[0mGET / [32m200[0m 21.972 ms - 12268[0m
[0mGET / [32m200[0m 46.747 ms - 12269[0m
[0mGET / [32m200[0m 20.306 ms - 12269[0m
[0mGET / [32m200[0m 19.263 ms - 12269[0m
[0mGET / [32m200[0m 18.784 ms - 12307[0m
[0mGET / [32m200[0m 21.582 ms - 12269[0m
[0mGET /users/sign-in [36m304[0m 10.485 ms - -[0m
[0mGET /users/css/layout.css [33m404[0m 76.413 ms - 159[0m
[0mGET /users/css/footer.css [33m404[0m 5.853 ms - 159[0m
[0mGET /users/css/layout.css [33m404[0m 2.082 ms - 159[0m
[0mGET /users/css/footer.css [33m404[0m 2.501 ms - 159[0m
[0mPOST /users/create-session [36m302[0m 73.645 ms - 46[0m
[0mGET / [32m200[0m 47.871 ms - 20697[0m
[0mGET / [32m200[0m 26.846 ms - 20167[0m
[0mGET /users/sign-out [36m302[0m 6.690 ms - 46[0m
[0mGET / [36m304[0m 23.672 ms - -[0m
[0mGET /users/sign-out [36m302[0m 3.194 ms - 46[0m
[0mGET / [32m200[0m 279.125 ms - 12816[0m
[0mGET /favicon.ico [33m404[0m 2.615 ms - 150[0m
[0mGET / [32m200[0m 21.577 ms - 12289[0m
[0mGET / [32m200[0m 16.846 ms - 12310[0m
[0mGET / [32m200[0m 18.963 ms - 12327[0m
[0mGET / [32m200[0m 18.040 ms - 12339[0m
[0mGET /users/sign-in [36m304[0m 7.002 ms - -[0m
[0mGET /users/css/layout.css [33m404[0m 8.511 ms - 159[0m
[0mGET /users/css/footer.css [33m404[0m 5.286 ms - 159[0m
[0mGET /users/css/layout.css [33m404[0m 2.848 ms - 159[0m
[0mGET /users/css/footer.css [33m404[0m 4.302 ms - 159[0m
[0mPOST /users/create-session [36m302[0m 4.935 ms - 46[0m
[0mGET / [32m200[0m 19.924 ms - 20697[0m
[0mGET /favicon.ico [33m404[0m 4.607 ms - 150[0m
[0mGET /users/sign-out [36m302[0m 6.840 ms - 46[0m
[0mGET / [32m200[0m 18.464 ms - 12866[0m
[0mGET /favicon.ico [33m404[0m 3.950 ms - 150[0m
[0mGET / [32m200[0m 21.151 ms - 12522[0m
[0mGET /users/sign-in [36m304[0m 6.606 ms - -[0m
[0mGET /users/css/layout.css [33m404[0m 5.165 ms - 159[0m
[0mGET /users/css/footer.css [33m404[0m 2.608 ms - 159[0m
[0mGET /users/css/layout.css [33m404[0m 3.499 ms - 159[0m
[0mGET /users/css/footer.css [33m404[0m 3.889 ms - 159[0m
[0mGET / [36m304[0m 18.901 ms - -[0m
[0mGET / [32m200[0m 14.930 ms - 4839[0m
[0mGET / [36m304[0m 13.382 ms - -[0m
[0mGET /users/sign-in [36m304[0m 5.710 ms - -[0m
[0mGET /users/css/layout.css [33m404[0m 9.124 ms - 159[0m
[0mGET /users/css/footer.css [33m404[0m 3.655 ms - 159[0m
[0mGET /users/css/layout.css [33m404[0m 2.101 ms - 159[0m
[0mGET /users/css/footer.css [33m404[0m 2.736 ms - 159[0m
[0mGET /users/sign-in [36m304[0m 5.236 ms - -[0m
[0mGET /users/css/layout.css [33m404[0m 9.670 ms - 159[0m
[0mGET /users/css/footer.css [33m404[0m 5.972 ms - 159[0m
[0mGET /users/css/layout.css [33m404[0m 2.069 ms - 159[0m
[0mGET /users/css/footer.css [33m404[0m 2.838 ms - 159[0m
[0mGET / [32m200[0m 16.653 ms - 4784[0m
[0mGET / [32m200[0m 14.216 ms - 4800[0m
[0mGET / [32m200[0m 17.260 ms - 4983[0m
[0mGET / [32m200[0m 18.178 ms - 4983[0m
[0mGET / [32m200[0m 18.643 ms - 12271[0m
[0mGET / [32m200[0m 20.813 ms - 13354[0m
[0mGET / [32m200[0m 25.789 ms - 13414[0m
[0mGET / [32m200[0m 17.436 ms - 13426[0m
[0mGET / [32m200[0m 19.063 ms - 13433[0m
[0mGET / [32m200[0m 15.854 ms - 13442[0m
[0mGET / [32m200[0m 17.630 ms - 13442[0m
[0mGET / [32m200[0m 22.743 ms - 13452[0m
[0mGET / [32m200[0m 19.910 ms - 13441[0m
[0mGET / [32m200[0m 18.127 ms - 13461[0m
[0mGET / [32m200[0m 18.954 ms - 13474[0m
[0mGET / [32m200[0m 34.756 ms - 13449[0m
[0mGET / [32m200[0m 18.580 ms - 13464[0m
[0mGET / [32m200[0m 20.839 ms - 13464[0m
[0mGET / [32m200[0m 23.002 ms - 13464[0m
[0mGET / [32m200[0m 20.542 ms - 13474[0m
[0mGET / [32m200[0m 18.602 ms - 13464[0m
[0mGET / [32m200[0m 18.145 ms - 13441[0m
[0mGET / [36m304[0m 18.545 ms - -[0m
[0mGET / [32m200[0m 18.961 ms - 13445[0m
[0mGET / [32m200[0m 15.700 ms - 13462[0m
[0mGET / [32m200[0m 20.271 ms - 13496[0m
[0mGET / [32m200[0m 21.446 ms - 13473[0m
[0mGET / [32m200[0m 17.366 ms - 13473[0m
[0mGET / [32m200[0m 18.152 ms - 13464[0m
[0mGET / [32m200[0m 20.044 ms - 13473[0m
[0mGET / [32m200[0m 22.928 ms - 13473[0m
[0mGET / [32m200[0m 16.742 ms - 13473[0m
[0mGET / [32m200[0m 22.896 ms - 13473[0m
[0mGET / [32m200[0m 27.053 ms - 13475[0m
[0mGET / [32m200[0m 19.541 ms - 13475[0m
[0mGET / [32m200[0m 18.475 ms - 13474[0m
[0mGET / [32m200[0m 22.918 ms - 13450[0m
[0mGET / [32m200[0m 22.306 ms - 13455[0m
[0mGET / [32m200[0m 19.163 ms - 13482[0m
[0mGET / [32m200[0m 18.723 ms - 13473[0m
[0mGET / [32m200[0m 18.684 ms - 13474[0m
[0mGET / [32m200[0m 19.646 ms - 13473[0m
[0mGET / [32m200[0m 21.645 ms - 13476[0m
[0mGET / [32m200[0m 19.332 ms - 13473[0m
[0mGET / [32m200[0m 17.718 ms - 13462[0m
[0mGET / [32m200[0m 23.467 ms - 13495[0m
[0mGET / [32m200[0m 20.333 ms - 13486[0m
[0mGET / [32m200[0m 16.892 ms - 13477[0m
[0mGET / [32m200[0m 19.545 ms - 13493[0m
[0mGET / [32m200[0m 20.835 ms - 13562[0m
[0mGET / [36m304[0m 22.564 ms - -[0m
[0mGET / [36m304[0m 19.340 ms - -[0m
[0mGET / [36m304[0m 19.425 ms - -[0m
[0mGET / [36m304[0m 16.576 ms - -[0m
[0mGET / [36m304[0m 17.802 ms - -[0m
[0mGET / [36m304[0m 27.512 ms - -[0m
[0mGET / [32m200[0m 21.001 ms - 13694[0m
[0mGET / [32m200[0m 21.739 ms - 13676[0m
[0mGET / [32m200[0m 19.492 ms - 13653[0m
[0mGET /users/sign-in [36m304[0m 8.348 ms - -[0m
[0mGET /users/css/layout.css [33m404[0m 10.642 ms - 159[0m
[0mGET /users/css/footer.css [33m404[0m 12.715 ms - 159[0m
[0mGET /users/css/layout.css [33m404[0m 2.697 ms - 159[0m
[0mGET /users/css/footer.css [33m404[0m 3.630 ms - 159[0m
[0mPOST /users/create-session [36m302[0m 7.978 ms - 46[0m
[0mGET / [32m200[0m 19.625 ms - 21537[0m
[0mGET /favicon.ico [33m404[0m 4.851 ms - 150[0m
[0mPOST /likes/toggle/?id=6226408f8e58424a010dbf80&type=Post [32m200[0m 140.317 ms - 62[0m
[0mPOST /likes/toggle/?id=6226408f8e58424a010dbf80&type=Post [32m200[0m 14.074 ms - 63[0m
[0mPOST /likes/toggle/?id=62263aeb8e58424a010dbedc&type=Post [32m200[0m 8.350 ms - 62[0m
[0mPOST /likes/toggle/?id=62263aeb8e58424a010dbedc&type=Post [32m200[0m 21.093 ms - 63[0m
[0mGET /users/sign-out [36m302[0m 6.962 ms - 46[0m
[0mGET / [32m200[0m 24.296 ms - 14180[0m
[0mGET /favicon.ico [33m404[0m 3.313 ms - 150[0m
[0mGET / [32m200[0m 588.946 ms - 13653[0m
[0mGET /favicon.ico [33m404[0m 20.556 ms - 150[0m
[0mGET / [36m304[0m 20.911 ms - -[0m
[0mGET / [32m200[0m 55.344 ms - 13653[0m
[0mGET / [32m200[0m 167.577 ms - 13653[0m
[0mGET /favicon.ico [0m-[0m - ms - -[0m
[0mGET / [32m200[0m 386.355 ms - 13653[0m
[0mGET /favicon.ico [33m404[0m 77.990 ms - 150[0m
[0mGET / [32m200[0m 42.568 ms - 13653[0m
[0mGET /favicon.ico [33m404[0m 6.195 ms - 150[0m
[0mGET /users/sign-in [32m200[0m 156.305 ms - 8754[0m
[0mGET /users/css/layout.css [33m404[0m 11.611 ms - 159[0m
[0mGET /users/css/footer.css [33m404[0m 6.873 ms - 159[0m
[0mGET /users/css/layout.css [33m404[0m 5.221 ms - 159[0m
[0mGET /users/css/footer.css [33m404[0m 10.579 ms - 159[0m
[0mPOST /users/create-session [36m302[0m 65.624 ms - 46[0m
[0mGET / [32m200[0m 47.052 ms - 21537[0m
[0mGET /favicon.ico [0m-[0m - ms - -[0m
[0mGET / [32m200[0m 27.891 ms - 21007[0m
[0mGET /favicon.ico [33m404[0m 5.446 ms - 150[0m
[0mGET / [32m200[0m 19.284 ms - 13653[0m
[0mGET / [32m200[0m 41.105 ms - 21007[0m
[0mGET /favicon.ico [0m-[0m - ms - -[0m
[0mGET /users/newsfeed [32m200[0m 38.147 ms - 6092[0m
[0mGET /users/css/layout.css [33m404[0m 105.512 ms - 159[0m
[0mGET /users/css/footer.css [33m404[0m 102.577 ms - 159[0m
[0mGET /users/css/layout.css [33m404[0m 10.014 ms - 159[0m
[0mGET /users/css/footer.css [33m404[0m 20.896 ms - 159[0m
[0mGET /users/profile/6224e8ed1f5b79cc3c7d43d4 [32m200[0m 83.714 ms - 6289[0m
[0mGET /users/profile/css/layout.css [33m404[0m 16.120 ms - 167[0m
[0mGET /users/profile/css/footer.css [33m404[0m 10.161 ms - 167[0m
[0mGET /js/user_profile.js [33m404[0m 7.266 ms - 157[0m
[0mGET /users/profile/css/layout.css [33m404[0m 19.127 ms - 167[0m
[0mGET /users/profile/css/footer.css [33m404[0m 21.416 ms - 167[0m
[0mGET /js/user_profile.js [33m404[0m 5.439 ms - 157[0m
[0mGET / [36m304[0m 22.316 ms - -[0m
[0mPOST /likes/toggle/?id=6226408f8e58424a010dbf80&type=Post [32m200[0m 44.149 ms - 62[0m
[0mPOST /likes/toggle/?id=6226408f8e58424a010dbf80&type=Post [32m200[0m 24.634 ms - 63[0m
[0mPOST /likes/toggle/?id=62263aeb8e58424a010dbedc&type=Post [32m200[0m 16.341 ms - 62[0m
[0mPOST /likes/toggle/?id=62263aeb8e58424a010dbedc&type=Post [32m200[0m 16.989 ms - 63[0m
[0mGET /users/sign-out [36m302[0m 5.175 ms - 46[0m
[0mGET / [32m200[0m 124.352 ms - 14180[0m
[0mGET / [32m200[0m 3024.880 ms - 13653[0m
[0mGET /favicon.ico [33m404[0m 359.402 ms - 150[0m
[0mGET /users/sign-in [32m200[0m 19.985 ms - 8754[0m
[0mGET /users/css/layout.css [33m404[0m 18.706 ms - 159[0m
[0mGET /users/css/footer.css [33m404[0m 26.223 ms - 159[0m
[0mGET /users/css/layout.css [33m404[0m 3.493 ms - 159[0m
[0mGET /users/auth/google [36m302[0m 138.819 ms - 0[0m
[0mGET /users/auth/google/callback?code=4%2F0AX4XfWgE8sRmxWIkIPCTrSfbsSSnn-CRl0SyHNFnEOqnN8V0kStweq524BR4DP7rC7j6ow&scope=email+profile+https%3A%2F%2Fwww.googleapis.com%2Fauth%2Fuserinfo.profile+https%3A%2F%2Fwww.googleapis.com%2Fauth%2Fuserinfo.email+openid&authuser=0&prompt=consent [36m302[0m 980.274 ms - 46[0m
[0mGET / [32m200[0m 29.448 ms - 21537[0m
[0mGET /users/profile/6224e8ed1f5b79cc3c7d43d4 [32m200[0m 30.901 ms - 6289[0m
[0mGET /users/profile/css/layout.css [33m404[0m 31.583 ms - 167[0m
[0mGET /users/profile/css/footer.css [33m404[0m 31.750 ms - 167[0m
[0mGET /js/user_profile.js [33m404[0m 12.791 ms - 157[0m
[0mGET /users/profile/css/layout.css [33m404[0m 13.830 ms - 167[0m
[0mGET /users/profile/css/footer.css [33m404[0m 16.025 ms - 167[0m
[0mGET /users/sign-out [36m302[0m 7.707 ms - 46[0m
[0mGET / [32m200[0m 24.184 ms - 14180[0m
[0mGET /favicon.ico [33m404[0m 1.860 ms - 150[0m
[0mGET /users/sign-in [36m304[0m 9.473 ms - -[0m
[0mGET /users/css/layout.css [33m404[0m 9.296 ms - 159[0m
[0mGET /users/css/footer.css [33m404[0m 5.844 ms - 159[0m
[0mGET /users/css/layout.css [33m404[0m 9.602 ms - 159[0m
[0mGET /users/css/footer.css [33m404[0m 9.594 ms - 159[0m
[0mGET /users/sign-up [32m200[0m 403.903 ms - 11318[0m
[0mGET /users/css/layout.css [33m404[0m 16.170 ms - 159[0m
[0mGET /users/css/footer.css [33m404[0m 5.997 ms - 159[0m
[0mGET /users/auth/google [36m302[0m 2.968 ms - 0[0m
[0mGET /users/auth/google/callback?code=4%2F0AX4XfWjbqiWVc-M6dK8Kn0PV58Gg2okrT4sra39wPt7AJZr4tFRuV7xgN73_DYcY0oT0UQ&scope=email+profile+https%3A%2F%2Fwww.googleapis.com%2Fauth%2Fuserinfo.profile+https%3A%2F%2Fwww.googleapis.com%2Fauth%2Fuserinfo.email+openid&authuser=0&prompt=none [36m302[0m 735.525 ms - 46[0m
[0mGET / [32m200[0m 33.312 ms - 21537[0m
[0mGET /favicon.ico [33m404[0m 7.034 ms - 150[0m
[0mGET /users/profile/6224e8ed1f5b79cc3c7d43d4 [36m304[0m 19.570 ms - -[0m
[0mGET /users/profile/css/layout.css [33m404[0m 10.800 ms - 167[0m
[0mGET /users/profile/css/footer.css [33m404[0m 9.549 ms - 167[0m
[0mGET /js/user_profile.js [33m404[0m 4.789 ms - 157[0m
[0mGET /users/profile/css/layout.css [33m404[0m 8.199 ms - 167[0m
[0mGET /users/profile/css/footer.css [33m404[0m 8.013 ms - 167[0m
[0mPOST /users/update/6224e8ed1f5b79cc3c7d43d4 [36m302[0m 23.952 ms - 164[0m
[0mGET /users/profile/6224e8ed1f5b79cc3c7d43d4 [36m304[0m 11.199 ms - -[0m
[0mGET /users/profile/css/layout.css [33m404[0m 20.464 ms - 167[0m
[0mGET /users/profile/css/footer.css [33m404[0m 9.856 ms - 167[0m
[0mGET /js/user_profile.js [33m404[0m 12.571 ms - 157[0m
[0mGET /users/profile/css/layout.css [33m404[0m 8.882 ms - 167[0m
[0mGET /users/profile/css/footer.css [33m404[0m 8.629 ms - 167[0m
[0mGET /users/profile/6224e8ed1f5b79cc3c7d43d4 [32m200[0m 13.495 ms - 6291[0m
[0mGET /users/profile/css/layout.css [33m404[0m 24.956 ms - 167[0m
[0mGET /users/profile/css/footer.css [33m404[0m 9.640 ms - 167[0m
[0mGET /js/user_profile.js [33m404[0m 13.659 ms - 157[0m
[0mGET /users/profile/css/layout.css [33m404[0m 11.079 ms - 167[0m
[0mGET /users/profile/css/footer.css [33m404[0m 12.447 ms - 167[0m
[0mGET /users/profile/6224e8ed1f5b79cc3c7d43d4 [36m304[0m 15.886 ms - -[0m
[0mGET /users/profile/css/layout.css [33m404[0m 12.345 ms - 167[0m
[0mGET /users/profile/css/footer.css [33m404[0m 6.191 ms - 167[0m
[0mGET /js/user_profile.js [33m404[0m 6.790 ms - 157[0m
[0mGET /users/profile/css/layout.css [33m404[0m 7.539 ms - 167[0m
[0mGET /users/profile/css/footer.css [33m404[0m 8.741 ms - 167[0m
[0mGET / [32m200[0m 28.201 ms - 21009[0m
[0mGET /users/profile/6224e8ed1f5b79cc3c7d43d4 [36m304[0m 9.246 ms - -[0m
[0mGET /users/profile/css/layout.css [33m404[0m 7.545 ms - 167[0m
[0mGET /users/profile/css/footer.css [33m404[0m 7.224 ms - 167[0m
[0mGET /js/user_profile.js [33m404[0m 4.963 ms - 157[0m
[0mGET / [36m304[0m 33.213 ms - -[0m
[0mGET / [36m304[0m 27.020 ms - -[0m
[0mGET / [36m304[0m 30.231 ms - -[0m
[0mGET / [32m200[0m 394.418 ms - 13653[0m
[0mGET /users/sign-in [32m200[0m 96.185 ms - 8754[0m
[0mGET /users/css/layout.css [33m404[0m 11.640 ms - 159[0m
[0mGET /users/css/footer.css [33m404[0m 8.693 ms - 159[0m
[0mGET /users/css/layout.css [33m404[0m 5.153 ms - 159[0m
[0mGET /users/css/footer.css [33m404[0m 69.887 ms - 159[0m
[0mGET /favicon.ico [33m404[0m 3.584 ms - 150[0m
[0mPOST /users/create-session [36m302[0m 8.514 ms - 72[0m
[0mGET /users/sign-in [32m200[0m 7.138 ms - 9252[0m
[0mGET /users/css/layout.css [33m404[0m 4.081 ms - 159[0m
[0mGET /users/css/footer.css [33m404[0m 9.858 ms - 159[0m
[0mGET /users/css/layout.css [33m404[0m 2.770 ms - 159[0m
[0mGET /users/css/footer.css [33m404[0m 3.111 ms - 159[0m
[0mPOST /users/create-session [36m302[0m 5.563 ms - 46[0m
[0mGET / [32m200[0m 25.252 ms - 21539[0m
[0mGET / [36m304[0m 26.730 ms - -[0m
[0mGET / [32m200[0m 26.469 ms - 13653[0m
[0mGET /favicon.ico [33m404[0m 6.332 ms - 150[0m
[0mGET /users/sign-in [32m200[0m 12.345 ms - 8754[0m
[0mGET /users/css/layout.css [33m404[0m 8.284 ms - 159[0m
[0mGET /users/css/footer.css [33m404[0m 7.370 ms - 159[0m
[0mPOST /users/create-session [36m302[0m 12.202 ms - 72[0m
[0mGET /users/sign-in [32m200[0m 15.037 ms - 9252[0m
[0mGET /users/css/layout.css [33m404[0m 5.944 ms - 159[0m
[0mGET /users/css/footer.css [33m404[0m 1.693 ms - 159[0m
[0mGET /users/css/footer.css [33m404[0m 3.544 ms - 159[0m
[0mGET /users/css/layout.css [33m404[0m 124.103 ms - 159[0m
[0mPOST /users/create-session [36m302[0m 9.235 ms - 72[0m
[0mGET /users/sign-in [36m304[0m 9.693 ms - -[0m
[0mGET /users/css/layout.css [33m404[0m 8.706 ms - 159[0m
[0mGET /users/css/footer.css [33m404[0m 2.109 ms - 159[0m
[0mPOST /users/create-session [36m302[0m 12.144 ms - 46[0m
[0mGET / [32m200[0m 22.144 ms - 21539[0m
[0mGET / [32m200[0m 23.802 ms - 21009[0m
[0mPOST /likes/toggle/?id=6226408f8e58424a010dbf80&type=Post [32m200[0m 152.226 ms - 62[0m
[0mPOST /likes/toggle/?id=6226408f8e58424a010dbf80&type=Post [32m200[0m 18.695 ms - 63[0m
[0mPOST /likes/toggle/?id=62263aeb8e58424a010dbedc&type=Post [32m200[0m 22.982 ms - 62[0m
[0mPOST /likes/toggle/?id=62263aeb8e58424a010dbedc&type=Post [32m200[0m 21.735 ms - 63[0m
[0mGET / [36m304[0m 23.640 ms - -[0m
[0mGET / [36m304[0m 21.976 ms - -[0m
[0mGET /users/profile/6224e8ed1f5b79cc3c7d43d4 [32m200[0m 1283.089 ms - 6291[0m
[0mGET /users/profile/css/layout.css [33m404[0m 10.036 ms - 167[0m
[0mGET /users/profile/css/footer.css [33m404[0m 4.538 ms - 167[0m
[0mGET /js/user_profile.js [33m404[0m 4.877 ms - 157[0m
[0mGET /js/user_profile.js [33m404[0m 11.117 ms - 157[0m
[0mGET /users/newsfeed [32m200[0m 846.975 ms - 6092[0m
[0mGET /users/css/layout.css [33m404[0m 17.596 ms - 159[0m
[0mGET /users/css/footer.css [33m404[0m 11.608 ms - 159[0m
[0mGET /users/sign-out [36m302[0m 7.482 ms - 46[0m
[0mGET / [32m200[0m 19.517 ms - 14180[0m
[0mGET / [32m200[0m 22.470 ms - 13662[0m
[0mGET / [36m304[0m 38.149 ms - -[0m
[0mGET /users/sign-in [32m200[0m 5.226 ms - 8754[0m
[0mGET /users/css/layout.css [33m404[0m 3.206 ms - 159[0m
[0mGET /users/css/footer.css [33m404[0m 2.561 ms - 159[0m
[0mPOST /users/create-session [36m302[0m 5.370 ms - 46[0m
[0mGET / [32m200[0m 27.002 ms - 21539[0m
[0mPOST /likes/toggle/?id=6226408f8e58424a010dbf80&type=Post [32m200[0m 15.362 ms - 62[0m
[0mPOST /likes/toggle/?id=6226408f8e58424a010dbf80&type=Post [32m200[0m 18.697 ms - 63[0m
[0mPOST /likes/toggle/?id=62263aeb8e58424a010dbedc&type=Post [32m200[0m 9.019 ms - 62[0m
[0mPOST /likes/toggle/?id=62263aeb8e58424a010dbedc&type=Post [32m200[0m 8.755 ms - 63[0m
[0mGET /users/profile/6224e8ed1f5b79cc3c7d43d4 [32m200[0m 7.364 ms - 6291[0m
[0mGET /users/profile/css/layout.css [33m404[0m 12.896 ms - 167[0m
[0mGET /users/profile/css/footer.css [33m404[0m 8.916 ms - 167[0m
[0mGET /js/user_profile.js [33m404[0m 6.970 ms - 157[0m
[0mGET /users/profile/css/layout.css [33m404[0m 10.102 ms - 167[0m
[0mGET /users/profile/css/footer.css [33m404[0m 9.116 ms - 167[0m
[0mGET /js/user_profile.js [33m404[0m 3.287 ms - 157[0m
[0mPOST /users/update/6224e8ed1f5b79cc3c7d43d4 [36m302[0m 75.755 ms - 164[0m
[0mGET /users/profile/6224e8ed1f5b79cc3c7d43d4 [32m200[0m 8.644 ms - 6291[0m
[0mGET /users/profile/css/layout.css [33m404[0m 24.667 ms - 167[0m
[0mGET /users/profile/css/footer.css [33m404[0m 22.780 ms - 167[0m
[0mGET /js/user_profile.js [33m404[0m 11.337 ms - 157[0m
[0mGET /users/profile/css/layout.css [33m404[0m 5.196 ms - 167[0m
[0mGET /users/profile/css/footer.css [33m404[0m 7.077 ms - 167[0m
[0mGET /js/user_profile.js [33m404[0m 3.182 ms - 157[0m
[0mGET / [32m200[0m 28.506 ms - 21009[0m
[0mGET / [32m200[0m 30.089 ms - 21009[0m
[0mGET / [36m304[0m 19.056 ms - -[0m
[0mGET / [32m200[0m 21.986 ms - 21012[0m
[0mGET / [32m200[0m 19.419 ms - 21013[0m
[0mGET / [36m304[0m 58.996 ms - -[0m
[0mGET / [32m200[0m 25.729 ms - 21013[0m
[0mGET / [36m304[0m 20.791 ms - -[0m
[0mGET / [36m304[0m 19.546 ms - -[0m
[0mGET / [32m200[0m 25.263 ms - 13662[0m
[0mGET / [32m200[0m 25.142 ms - 21032[0m
[0mGET / [32m200[0m 18.933 ms - 21040[0m
[0mGET / [32m200[0m 19.717 ms - 21048[0m
[0mGET / [32m200[0m 24.948 ms - 21044[0m
[0mGET / [32m200[0m 20.081 ms - 21049[0m
[0mGET / [32m200[0m 18.835 ms - 21065[0m
[0mGET / [32m200[0m 1521.379 ms - 13662[0m
[0mGET /users/sign-in [32m200[0m 57.537 ms - 8754[0m
[0mGET /users/css/layout.css [33m404[0m 29.118 ms - 159[0m
[0mGET /users/css/footer.css [33m404[0m 31.852 ms - 159[0m
[0mGET /users/css/layout.css [33m404[0m 4.861 ms - 159[0m
[0mGET /users/css/footer.css [33m404[0m 3.955 ms - 159[0m
[0mPOST /users/create-session [36m302[0m 41.710 ms - 46[0m
[0mGET / [32m200[0m 98.070 ms - 21595[0m
[0mGET / [32m200[0m 21.662 ms - 21083[0m
[0mGET / [32m200[0m 24.419 ms - 21223[0m
[0mGET /posts/destroy/6226408f8e58424a010dbf80 [36m302[0m 509.457 ms - 88[0m
[0mGET / [32m200[0m 18.992 ms - 16554[0m
[0mGET / [32m200[0m 60.710 ms - 16031[0m
[0mGET / [32m200[0m 20.912 ms - 16031[0m
[0mGET / [32m200[0m 16.507 ms - 16028[0m
[0mGET /favicon.ico [0m-[0m - ms - -[0m
[0mGET / [32m200[0m 23.802 ms - 16027[0m
[0mGET / [32m200[0m 17.635 ms - 16037[0m
[0mGET /posts/destroy/62263aeb8e58424a010dbedc [36m302[0m 11.122 ms - 88[0m
[0mGET / [32m200[0m 9.928 ms - 11356[0m
[0mPOST /posts/create [36m302[0m 14.884 ms - 44[0m
[0mGET / [32m200[0m 241.079 ms - 14295[0m
[0mGET / [32m200[0m 13.928 ms - 13809[0m
[0mPOST /likes/toggle/?id=62587072dbbf8c0bf4ab5cfe&type=Post [32m200[0m 23.134 ms - 63[0m
[0mPOST /likes/toggle/?id=62587072dbbf8c0bf4ab5cfe&type=Post [32m200[0m 18.702 ms - 62[0m
[0mPOST /likes/toggle/?id=62587072dbbf8c0bf4ab5cfe&type=Post [32m200[0m 16.638 ms - 63[0m
[0mGET / [32m200[0m 37.563 ms - 13839[0m
[0mGET /favicon.ico [33m404[0m 7.827 ms - 150[0m
[0mGET / [32m200[0m 137.030 ms - 13840[0m
[0mGET / [32m200[0m 22.096 ms - 13857[0m
[0mGET / [32m200[0m 20.982 ms - 13830[0m
[0mGET /uploads/users/avatars/avatar-1646586137743-429017639 [33m404[0m 2.445 ms - 191[0m
[0mGET /favicon.ico [33m404[0m 7.516 ms - 150[0m
[0mGET / [32m200[0m 13.642 ms - 10077[0m
[0mGET /users/sign-in [36m304[0m 33.621 ms - -[0m
[0mGET /users/css/layout.css [33m404[0m 8.805 ms - 159[0m
[0mGET /users/css/footer.css [33m404[0m 10.006 ms - 159[0m
[0mPOST /users/create-session [36m302[0m 3.747 ms - 46[0m
[0mGET / [32m200[0m 16.249 ms - 14360[0m
[0mGET /posts/destroy/62587072dbbf8c0bf4ab5cfe [36m302[0m 31.189 ms - 98[0m
[0mGET / [32m200[0m 9.650 ms - 11356[0m
[0mGET / [32m200[0m 12.748 ms - 10817[0m
[0mPOST /posts/create [36m302[0m 11.768 ms - 49[0m
[0mGET / [32m200[0m 12.650 ms - 14325[0m
[0mGET / [32m200[0m 15.291 ms - 13839[0m
[0mPOST /likes/toggle/?id=62587191dbbf8c0bf4ab5d4a&type=Post [32m200[0m 29.426 ms - 63[0m
[0mGET / [32m200[0m 16.745 ms - 13839[0m
[0mGET / [32m200[0m 16.413 ms - 13910[0m
[0mGET /favicon.ico [0m-[0m - ms - -[0m
[0mGET / [32m200[0m 39.469 ms - 13910[0m
[0mGET / [32m200[0m 15.539 ms - 13839[0m
[0mGET /favicon.ico [0m-[0m - ms - -[0m
[0mGET / [32m200[0m 34.837 ms - 13839[0m
[0mGET / [32m200[0m 17.421 ms - 13878[0m
[0mGET /favicon.ico [0m-[0m - ms - -[0m
[0mGET / [32m200[0m 18.559 ms - 13891[0m
[0mGET /favicon.ico [0m-[0m - ms - -[0m
[0mGET / [32m200[0m 20.366 ms - 13934[0m
[0mGET /favicon.ico [0m-[0m - ms - -[0m
[0mGET / [32m200[0m 42.752 ms - 13939[0m
[0mGET /favicon.ico [0m-[0m - ms - -[0m
[0mGET / [32m200[0m 17.264 ms - 13892[0m
[0mGET / [32m200[0m 1487.815 ms - 13892[0m
[0mGET /favicon.ico [33m404[0m 3.845 ms - 150[0m
[0mGET / [32m200[0m 22.032 ms - 14455[0m
[0mGET /favicon.ico [0m-[0m - ms - -[0m
[0mGET / [36m304[0m 22.884 ms - -[0m
[0mGET /favicon.ico [0m-[0m - ms - -[0m
[0mGET / [32m200[0m 27.830 ms - 14375[0m
[0mGET /favicon.ico [0m-[0m - ms - -[0m
[0mGET / [32m200[0m 20.842 ms - 13859[0m
[0mGET /favicon.ico [0m-[0m - ms - -[0m
[0mGET / [36m304[0m 18.836 ms - -[0m
[0mGET / [36m304[0m 16.833 ms - -[0m
[0mGET / [32m200[0m 15.201 ms - 13859[0m
[0mGET /favicon.ico [33m404[0m 5.360 ms - 150[0m
[0mGET / [32m200[0m 17.750 ms - 13855[0m
[0mGET /favicon.ico [0m-[0m - ms - -[0m
[0mGET / [32m200[0m 43.974 ms - 13855[0m
[0mGET / [36m304[0m 15.210 ms - -[0m
[0mGET / [36m304[0m 22.204 ms - -[0m
[0mGET / [36m304[0m 15.802 ms - -[0m
[0mGET /users/sign-out [36m302[0m 21.451 ms - 46[0m
[0mGET / [32m200[0m 34.589 ms - 10613[0m
[0mGET /users/sign-in [32m200[0m 24.776 ms - 8754[0m
[0mGET /users/css/layout.css [33m404[0m 4.927 ms - 159[0m
[0mGET /users/css/footer.css [33m404[0m 4.967 ms - 159[0m
[0mPOST /users/create-session [36m302[0m 5.233 ms - 46[0m
[0mGET / [32m200[0m 14.883 ms - 14385[0m
[0mGET / [32m200[0m 17.040 ms - 13865[0m
[0mGET / [32m200[0m 88.012 ms - 13865[0m
[0mGET /favicon.ico [0m-[0m - ms - -[0m
[0mGET / [32m200[0m 2766.109 ms - 10086[0m
[0mGET /favicon.ico [33m404[0m 6.326 ms - 150[0m
[0mGET /users/sign-in [36m304[0m 26.080 ms - -[0m
[0mGET /users/css/layout.css [33m404[0m 10.310 ms - 159[0m
[0mGET /users/css/footer.css [33m404[0m 9.277 ms - 159[0m
[0mGET /users/css/layout.css [33m404[0m 2.748 ms - 159[0m
[0mGET /users/css/footer.css [33m404[0m 3.156 ms - 159[0m
[0mPOST /users/create-session [36m302[0m 67.633 ms - 46[0m
[0mGET / [32m200[0m 66.023 ms - 14395[0m
[0mGET / [32m200[0m 18.297 ms - 13865[0m
[0mGET / [32m200[0m 18.564 ms - 13813[0m
[0mGET / [36m304[0m 98.916 ms - -[0m
[0mGET / [32m200[0m 16.073 ms - 13813[0m
[0mGET / [32m200[0m 27.216 ms - 14093[0m
[0mGET /favicon.ico [0m-[0m - ms - -[0m
[0mGET /favicon.ico [33m404[0m 1.329 ms - 150[0m
[0mGET / [32m200[0m 16.255 ms - 10047[0m
[0mGET /users/sign-in [36m304[0m 157.989 ms - -[0m
[0mGET /users/css/layout.css [33m404[0m 2.243 ms - 159[0m
[0mGET /users/css/footer.css [33m404[0m 2.253 ms - 159[0m
[0mPOST /users/create-session [36m302[0m 6.165 ms - 46[0m
[0mGET / [32m200[0m 23.351 ms - 14623[0m
[0mGET / [32m200[0m 20.668 ms - 14093[0m
[0mGET / [0m-[0m - ms - -[0m
[0mGET / [36m304[0m 17.409 ms - -[0m
[0mGET / [36m304[0m 19.920 ms - -[0m
[0mGET / [36m304[0m 17.787 ms - -[0m
[0mGET /favicon.ico [0m-[0m - ms - -[0m
[0mGET / [36m304[0m 21.912 ms - -[0m
[0mGET / [32m200[0m 22.908 ms - 10047[0m
[0mGET / [32m200[0m 17.709 ms - 14093[0m
[0mGET /favicon.ico [0m-[0m - ms - -[0m
[0mGET / [36m304[0m 69.903 ms - -[0m
[0mGET / [36m304[0m 28.181 ms - -[0m
[0mGET / [32m200[0m 21.392 ms - 14093[0m
[0mGET / [32m200[0m 19.301 ms - 14093[0m
[0mGET /favicon.ico [0m-[0m - ms - -[0m
[0mGET / [36m304[0m 15.149 ms - -[0m
[0mGET / [36m304[0m 34.356 ms - -[0m
[0mGET / [32m200[0m 15.936 ms - 14093[0m
[0mPOST /likes/toggle/?id=62587191dbbf8c0bf4ab5d4a&type=Post [32m200[0m 126.221 ms - 62[0m
[0mPOST /likes/toggle/?id=62587191dbbf8c0bf4ab5d4a&type=Post [32m200[0m 11.832 ms - 63[0m
[0mGET / [36m304[0m 32.140 ms - -[0m
[0mGET / [36m304[0m 18.666 ms - -[0m
[0mGET / [36m304[0m 21.006 ms - -[0m
[0mGET / [36m304[0m 18.667 ms - -[0m
[0mPOST /posts/create [36m302[0m 8.289 ms - 44[0m
[0mGET / [32m200[0m 20.093 ms - 17606[0m
[0mGET / [32m200[0m 20.905 ms - 17120[0m
[0mGET / [32m200[0m 20.805 ms - 17120[0m
[0mGET /favicon.ico [0m-[0m - ms - -[0m
[0mGET / [32m200[0m 17.024 ms - 17120[0m
[0mGET / [32m200[0m 24.131 ms - 17170[0m
[0mGET /favicon.ico [0m-[0m - ms - -[0m
[0mGET / [32m200[0m 25.949 ms - 17207[0m
[0mGET /favicon.ico [0m-[0m - ms - -[0m
[0mGET / [32m200[0m 21.774 ms - 17220[0m
[0mGET /favicon.ico [0m-[0m - ms - -[0m
[0mGET / [32m200[0m 25.545 ms - 17237[0m
[0mGET /favicon.ico [0m-[0m - ms - -[0m
[0mGET / [32m200[0m 19.275 ms - 17226[0m
[0mGET /favicon.ico [0m-[0m - ms - -[0m
[0mGET / [32m200[0m 22.160 ms - 17226[0m
[0mGET /favicon.ico [0m-[0m - ms - -[0m
[0mGET / [32m200[0m 23.438 ms - 17226[0m
[0mGET /favicon.ico [0m-[0m - ms - -[0m
[0mGET / [32m200[0m 18.645 ms - 17232[0m
[0mGET /favicon.ico [0m-[0m - ms - -[0m
[0mGET / [32m200[0m 21.143 ms - 17232[0m
[0mGET /favicon.ico [0m-[0m - ms - -[0m
[0mGET / [32m200[0m 21.855 ms - 17232[0m
[0mGET /favicon.ico [0m-[0m - ms - -[0m
[0mGET / [36m304[0m 18.982 ms - -[0m
[0mGET /favicon.ico [0m-[0m - ms - -[0m
[0mGET / [32m200[0m 23.363 ms - 17232[0m
[0mGET /favicon.ico [0m-[0m - ms - -[0m
[0mPOST /posts/create [36m302[0m 9.048 ms - 44[0m
[0mGET / [32m200[0m 21.431 ms - 20745[0m
[0mPOST /posts/create [36m302[0m 5.341 ms - 44[0m
[0mGET / [32m200[0m 20.327 ms - 23772[0m
[0mPOST /posts/create [36m302[0m 8.179 ms - 44[0m
[0mGET / [32m200[0m 20.439 ms - 26799[0m
[0mPOST /posts/create [36m302[0m 71.289 ms - 44[0m
[0mGET / [32m200[0m 23.399 ms - 29826[0m
[0mPOST /posts/create [36m302[0m 7.335 ms - 44[0m
[0mGET / [32m200[0m 26.676 ms - 32853[0m
[0mGET / [32m200[0m 26.982 ms - 32367[0m
[0mGET /favicon.ico [0m-[0m - ms - -[0m
[0mPOST /likes/toggle/?id=62591f5afdc0d87eec105fa6&type=Post [32m200[0m 11.319 ms - 63[0m
[0mGET / [32m200[0m 25.740 ms - 34251[0m
[0mGET / [36m304[0m 42.463 ms - -[0m
[0mGET / [32m200[0m 53.632 ms - 34251[0m
[0mGET /favicon.ico [0m-[0m - ms - -[0m
[0mGET / [32m200[0m 49.509 ms - 34260[0m
[0mGET / [32m200[0m 55.953 ms - 32367[0m
[0mGET /favicon.ico [0m-[0m - ms - -[0m
[0mGET /users/sign-out [36m302[0m 8.865 ms - 46[0m
[0mGET / [32m200[0m 68.406 ms - 19112[0m
[0mGET /favicon.ico [0m-[0m - ms - -[0m
[0mGET /users/sign-in [32m200[0m 13.783 ms - 8754[0m
[0mGET /users/css/layout.css [33m404[0m 9.371 ms - 159[0m
[0mGET /users/css/footer.css [33m404[0m 10.395 ms - 159[0m
[0mGET /users/css/layout.css [33m404[0m 1.993 ms - 159[0m
[0mGET /users/css/footer.css [33m404[0m 3.483 ms - 159[0m
[0mGET /favicon.ico [0m-[0m - ms - -[0m
[0mPOST /users/create-session [36m302[0m 6.758 ms - 46[0m
[0mGET / [32m200[0m 23.320 ms - 32897[0m
[0mGET /favicon.ico [0m-[0m - ms - -[0m
[0mGET /users/profile/6224e8ed1f5b79cc3c7d43d4 [32m200[0m 29.468 ms - 6291[0m
[0mGET /users/profile/css/layout.css [33m404[0m 20.638 ms - 167[0m
[0mGET /users/profile/css/footer.css [33m404[0m 19.318 ms - 167[0m
[0mGET /js/user_profile.js [33m404[0m 11.455 ms - 157[0m
[0mGET /users/profile/css/layout.css [33m404[0m 7.994 ms - 167[0m
[0mGET /users/profile/css/footer.css [33m404[0m 9.011 ms - 167[0m
[0mGET /js/user_profile.js [33m404[0m 7.693 ms - 157[0m
[0mGET / [32m200[0m 26.422 ms - 32367[0m
[0mGET /users/profile/6224e8ed1f5b79cc3c7d43d4 [32m200[0m 14.247 ms - 6291[0m
[0mGET /users/profile/css/layout.css [33m404[0m 23.365 ms - 167[0m
[0mGET /users/profile/css/footer.css [33m404[0m 24.245 ms - 167[0m
[0mGET /js/user_profile.js [33m404[0m 58.135 ms - 157[0m
[0mGET /users/profile/css/layout.css [33m404[0m 5.335 ms - 167[0m
[0mGET /users/profile/css/footer.css [33m404[0m 6.716 ms - 167[0m
[0mGET /js/user_profile.js [33m404[0m 3.683 ms - 157[0m
[0mGET /users/profile/6224e8ed1f5b79cc3c7d43d4 [36m304[0m 13.619 ms - -[0m
[0mGET /users/profile/css/layout.css [33m404[0m 15.422 ms - 167[0m
[0mGET /users/profile/css/footer.css [33m404[0m 12.429 ms - 167[0m
[0mGET /js/user_profile.js [33m404[0m 8.379 ms - 157[0m
[0mGET /users/profile/css/layout.css [33m404[0m 4.096 ms - 167[0m
[0mGET /users/profile/css/footer.css [33m404[0m 4.843 ms - 167[0m
[0mGET /js/user_profile.js [33m404[0m 3.453 ms - 157[0m
[0mGET / [36m304[0m 21.254 ms - -[0m
[0mGET / [32m200[0m 278.654 ms - 18585[0m
[0mGET / [36m304[0m 30.250 ms - -[0m
[0mGET /favicon.ico [0m-[0m - ms - -[0m
[0mGET / [36m304[0m 30.570 ms - -[0m
[0mGET / [36m304[0m 28.761 ms - -[0m
[0mGET / [32m200[0m 29.545 ms - 32367[0m
[0mGET / [36m304[0m 25.864 ms - -[0m
[0mGET / [32m200[0m 22.287 ms - 32367[0m
[0mGET /favicon.ico [0m-[0m - ms - -[0m
[0mGET / [36m304[0m 22.355 ms - -[0m
[0mGET /favicon.ico [0m-[0m - ms - -[0m
[0mGET / [32m200[0m 3653.916 ms - 18585[0m
[0mGET /favicon.ico [33m404[0m 143.683 ms - 150[0m
[0mGET /users/sign-in [32m200[0m 247.651 ms - 8754[0m
[0mGET /users/css/layout.css [33m404[0m 7.025 ms - 159[0m
[0mGET /users/css/footer.css [33m404[0m 8.977 ms - 159[0m
[0mGET /users/css/layout.css [33m404[0m 2.902 ms - 159[0m
[0mGET /users/css/footer.css [33m404[0m 6.522 ms - 159[0m
[0mPOST /users/create-session [36m302[0m 374.804 ms - 46[0m
[0mGET / [32m200[0m 181.452 ms - 32897[0m
[0mGET /favicon.ico [33m404[0m 6.561 ms - 150[0m
[0mGET /users/create-session [33m404[0m 1.749 ms - 159[0m
[0mGET /users/create-session [33m404[0m 4.027 ms - 159[0m
[0mGET /users/css/layout.css [33m404[0m 4.125 ms - 159[0m
[0mGET /users/css/footer.css [33m404[0m 2.802 ms - 159[0m
[0mGET /favicon.ico [33m404[0m 5.295 ms - 150[0m
[0mPOST /users/create-session [36m302[0m 23.012 ms - 46[0m
[0mGET / [32m200[0m 63.486 ms - 32897[0m
[0mGET /users/create-session [33m404[0m 7.105 ms - 159[0m
[0mGET /users/create-session [33m404[0m 8.213 ms - 159[0m
[0mPOST /users/create-session [36m302[0m 13.643 ms - 46[0m
[0mGET / [36m304[0m 449.562 ms - -[0m
[0mGET /users/create-session [33m404[0m 7.353 ms - 159[0m
[0mGET /users/create-session [33m404[0m 5.347 ms - 159[0m
[0mGET / [32m200[0m 54.927 ms - 32367[0m
[0mGET / [36m304[0m 66.656 ms - -[0m
[0mGET /posts/destroy/62591f5afdc0d87eec105f8b [36m302[0m 624.425 ms - 98[0m
[0mGET / [32m200[0m 45.238 ms - 29879[0m
[0mGET / [32m200[0m 46.033 ms - 29340[0m
[0mGET / [36m304[0m 28.751 ms - -[0m
[0mGET / [32m200[0m 41.671 ms - 29340[0m
[0mGET / [36m304[0m 150.651 ms - -[0m
[0mGET / [36m304[0m 209.724 ms - -[0m
[0mGET /posts/destroy/62591f5afdc0d87eec105f8b [36m302[0m 203.079 ms - 46[0m
[0mPOST /likes/toggle/?id=62587191dbbf8c0bf4ab5d4a&type=Post [32m200[0m 79.278 ms - 62[0m
[0mPOST /likes/toggle/?id=62587191dbbf8c0bf4ab5d4a&type=Post [32m200[0m 398.973 ms - 63[0m
[0mGET / [36m304[0m 33.070 ms - -[0m
[0mGET / [36m304[0m 22.929 ms - -[0m
[0mGET / [36m304[0m 43.497 ms - -[0m
[0mGET /users/profile/6224e8ed1f5b79cc3c7d43d4 [32m200[0m 1129.905 ms - 6291[0m
[0mGET /users/profile/css/layout.css [33m404[0m 32.896 ms - 167[0m
[0mGET /users/profile/css/footer.css [33m404[0m 13.209 ms - 167[0m
[0mGET /js/user_profile.js [33m404[0m 11.925 ms - 157[0m
[0mGET /js/user_profile.js [33m404[0m 13.558 ms - 157[0m
[0mGET /users/newsfeed [32m200[0m 569.518 ms - 6092[0m
[0mGET /users/css/layout.css [33m404[0m 12.369 ms - 159[0m
[0mGET /users/css/footer.css [33m404[0m 12.473 ms - 159[0m
[0mGET /users/profile/6224e8ed1f5b79cc3c7d43d4 [36m304[0m 28.958 ms - -[0m
[0mGET /users/profile/css/layout.css [33m404[0m 6.712 ms - 167[0m
[0mGET /users/profile/css/footer.css [33m404[0m 7.010 ms - 167[0m
[0mGET /js/user_profile.js [33m404[0m 4.650 ms - 157[0m
[0mGET /js/user_profile.js [33m404[0m 13.650 ms - 157[0m
[0mGET /users/sign-out [36m302[0m 15.788 ms - 46[0m
[0mGET / [32m200[0m 34.327 ms - 17689[0m
[0mGET / [0m-[0m - ms - -[0m
[0mGET / [0m-[0m - ms - -[0m
[0mGET / [32m200[0m 2351.316 ms - 17162[0m
[0mGET /favicon.ico [0m-[0m - ms - -[0m
[0mGET /users/sign-in [32m200[0m 51.182 ms - 8754[0m
[0mGET /users/css/layout.css [33m404[0m 7.979 ms - 159[0m
[0mGET /users/css/footer.css [33m404[0m 12.316 ms - 159[0m
[0mGET /users/css/layout.css [33m404[0m 3.784 ms - 159[0m
[0mGET /users/css/footer.css [33m404[0m 4.696 ms - 159[0m
[0mGET /favicon.ico [0m-[0m - ms - -[0m
[0mPOST /users/create-session [36m302[0m 55.738 ms - 46[0m
[0mGET / [32m200[0m 36.956 ms - 29870[0m
[0mGET /favicon.ico [0m-[0m - ms - -[0m
[0mPOST /likes/toggle/?id=62587191dbbf8c0bf4ab5d4a&type=Post [32m200[0m 400.055 ms - 62[0m
[0mPOST /likes/toggle/?id=62587191dbbf8c0bf4ab5d4a&type=Post [32m200[0m 24.341 ms - 63[0m
[0mGET / [32m200[0m 27.107 ms - 29340[0m
[0mGET / [32m200[0m 31.815 ms - 29340[0m
[0mGET / [32m200[0m 37.750 ms - 29340[0m
[0mGET / [32m200[0m 32.655 ms - 29340[0m
[0mGET / [32m200[0m 29.359 ms - 29340[0m
[0mGET / [32m200[0m 27.323 ms - 29340[0m
[0mGET /favicon.ico [0m-[0m - ms - -[0m
[0mGET / [32m200[0m 35.980 ms - 29340[0m
[0mGET / [32m200[0m 28.850 ms - 29340[0m
[0mGET / [32m200[0m 36.117 ms - 29340[0m
[0mGET /favicon.ico [0m-[0m - ms - -[0m
[0mGET / [32m200[0m 23.768 ms - 29340[0m
[0mGET /favicon.ico [0m-[0m - ms - -[0m
[0mGET / [32m200[0m 34.017 ms - 29340[0m
[0mGET /favicon.ico [0m-[0m - ms - -[0m
[0mGET / [32m200[0m 42.562 ms - 29340[0m
[0mGET /favicon.ico [33m404[0m 1255.326 ms - 150[0m
[0mGET / [32m200[0m 25.964 ms - 29340[0m
[0mGET /favicon.ico [33m404[0m 5.619 ms - 150[0m
