[0mGET /users/css/layout.css [33m404[0m 8.151 ms - 159[0m
[0mGET /users/css/footer.css [33m404[0m 8.630 ms - 159[0m
[0mGET /users/css/layout.css [33m404[0m 5.239 ms - 159[0m
[0mGET /users/css/footer.css [33m404[0m 5.370 ms - 159[0m
[0mGET /users/newsfeed [32m200[0m 8.325 ms - 6260[0m
[0mGET /users/css/layout.css [33m404[0m 5.083 ms - 159[0m
[0mGET /users/css/footer.css [33m404[0m 6.245 ms - 159[0m
[0mGET /users/css/layout.css [33m404[0m 14.240 ms - 159[0m
[0mGET /users/css/footer.css [33m404[0m 16.659 ms - 159[0m
[0mGET /users/newsfeed [32m200[0m 6.331 ms - 6259[0m
[0mGET /users/css/layout.css [33m404[0m 8.827 ms - 159[0m
[0mGET /users/css/footer.css [33m404[0m 8.595 ms - 159[0m
[0mGET /users/css/layout.css [33m404[0m 7.363 ms - 159[0m
[0mGET /users/css/footer.css [33m404[0m 3.840 ms - 159[0m
[0mGET /users/newsfeed [32m200[0m 23.389 ms - 6259[0m
[0mGET /users/css/layout.css [33m404[0m 7.464 ms - 159[0m
[0mGET /users/css/footer.css [33m404[0m 7.744 ms - 159[0m
[0mGET /users/css/layout.css [33m404[0m 4.679 ms - 159[0m
[0mGET /users/css/footer.css [33m404[0m 5.129 ms - 159[0m
[0mGET /users/newsfeed [32m200[0m 17.496 ms - 6269[0m
[0mGET /users/css/layout.css [33m404[0m 3.777 ms - 159[0m
[0mGET /users/css/footer.css [33m404[0m 3.329 ms - 159[0m
[0mGET /users/css/layout.css [33m404[0m 5.506 ms - 159[0m
[0mGET /users/css/footer.css [33m404[0m 4.257 ms - 159[0m
[0mGET /users/newsfeed [32m200[0m 11.384 ms - 6271[0m
[0mGET /users/css/layout.css [33m404[0m 6.167 ms - 159[0m
[0mGET /users/css/footer.css [33m404[0m 6.475 ms - 159[0m
[0mGET /users/css/layout.css [33m404[0m 6.529 ms - 159[0m
[0mGET /users/css/footer.css [33m404[0m 6.262 ms - 159[0m
[0mGET /users/newsfeed [32m200[0m 5.850 ms - 6271[0m
[0mGET /users/css/layout.css [33m404[0m 7.510 ms - 159[0m
[0mGET /users/css/footer.css [33m404[0m 6.889 ms - 159[0m
[0mGET /users/css/layout.css [33m404[0m 4.891 ms - 159[0m
[0mGET /users/css/footer.css [33m404[0m 4.279 ms - 159[0m
[0mGET /users/newsfeed [32m200[0m 10.384 ms - 6271[0m
[0mGET /users/css/layout.css [33m404[0m 17.669 ms - 159[0m
[0mGET /users/css/footer.css [33m404[0m 6.390 ms - 159[0m
[0mGET /users/css/layout.css [33m404[0m 7.825 ms - 159[0m
[0mGET /users/css/footer.css [33m404[0m 7.770 ms - 159[0m
[0mGET /users/newsfeed [36m304[0m 6.514 ms - -[0m
[0mGET /users/css/layout.css [33m404[0m 9.927 ms - 159[0m
[0mGET /users/css/footer.css [33m404[0m 8.481 ms - 159[0m
[0mGET /users/css/layout.css [33m404[0m 3.355 ms - 159[0m
[0mGET /users/css/footer.css [33m404[0m 3.751 ms - 159[0m
[0mGET / [32m200[0m 34.439 ms - 20343[0m
[0mGET /users/newsfeed [36m304[0m 6.616 ms - -[0m
[0mGET /users/css/layout.css [33m404[0m 9.362 ms - 159[0m
[0mGET /users/css/footer.css [33m404[0m 9.596 ms - 159[0m
[0mGET /users/css/layout.css [33m404[0m 6.279 ms - 159[0m
[0mGET /users/css/footer.css [33m404[0m 6.448 ms - 159[0m
[0mGET /users/newsfeed [36m304[0m 7.672 ms - -[0m
[0mGET /users/css/layout.css [33m404[0m 15.348 ms - 159[0m
[0mGET /users/css/footer.css [33m404[0m 15.768 ms - 159[0m
[0mGET /users/css/layout.css [33m404[0m 7.261 ms - 159[0m
[0mGET /users/css/footer.css [33m404[0m 7.496 ms - 159[0m
[0mGET /favicon.ico [0m-[0m - ms - -[0m
[0mGET /users/newsfeed [32m200[0m 7.166 ms - 6276[0m
[0mGET /users/css/layout.css [33m404[0m 8.384 ms - 159[0m
[0mGET /users/css/footer.css [33m404[0m 10.517 ms - 159[0m
[0mGET /users/css/layout.css [33m404[0m 5.416 ms - 159[0m
[0mGET /users/css/footer.css [33m404[0m 5.965 ms - 159[0m
[0mGET /users/newsfeed [32m200[0m 11.565 ms - 6284[0m
[0mGET /users/css/layout.css [33m404[0m 14.020 ms - 159[0m
[0mGET /users/css/footer.css [33m404[0m 6.000 ms - 159[0m
[0mGET /users/css/layout.css [33m404[0m 6.563 ms - 159[0m
[0mGET /users/css/footer.css [33m404[0m 7.060 ms - 159[0m
[0mGET /users/newsfeed [32m200[0m 9.639 ms - 6281[0m
[0mGET /users/css/layout.css [33m404[0m 5.553 ms - 159[0m
[0mGET /users/css/footer.css [33m404[0m 7.970 ms - 159[0m
[0mGET /users/css/layout.css [33m404[0m 7.505 ms - 159[0m
[0mGET /users/css/footer.css [33m404[0m 8.244 ms - 159[0m
[0mGET /users/newsfeed [32m200[0m 9.815 ms - 6284[0m
[0mGET /users/css/layout.css [33m404[0m 10.826 ms - 159[0m
[0mGET /users/css/footer.css [33m404[0m 9.523 ms - 159[0m
[0mGET /users/css/layout.css [33m404[0m 6.955 ms - 159[0m
[0mGET /users/css/footer.css [33m404[0m 7.380 ms - 159[0m
[0mGET /users/newsfeed [32m200[0m 9.151 ms - 6284[0m
[0mGET /users/css/layout.css [33m404[0m 17.035 ms - 159[0m
[0mGET /users/css/footer.css [33m404[0m 9.504 ms - 159[0m
[0mGET /users/css/layout.css [33m404[0m 10.739 ms - 159[0m
[0mGET /users/css/footer.css [33m404[0m 10.519 ms - 159[0m
[0mGET /users/newsfeed [32m200[0m 10.271 ms - 6284[0m
[0mGET /users/css/layout.css [33m404[0m 13.432 ms - 159[0m
[0mGET /users/css/footer.css [33m404[0m 12.079 ms - 159[0m
[0mGET /users/css/layout.css [33m404[0m 9.702 ms - 159[0m
[0mGET /users/css/footer.css [33m404[0m 7.167 ms - 159[0m
[0mGET /users/newsfeed [32m200[0m 8.548 ms - 6284[0m
[0mGET /users/css/layout.css [33m404[0m 15.092 ms - 159[0m
[0mGET /users/css/footer.css [33m404[0m 6.176 ms - 159[0m
[0mGET /users/css/layout.css [33m404[0m 9.256 ms - 159[0m
[0mGET /users/css/footer.css [33m404[0m 9.958 ms - 159[0m
[0mGET /users/newsfeed [32m200[0m 5.513 ms - 6287[0m
[0mGET /users/css/layout.css [33m404[0m 16.030 ms - 159[0m
[0mGET /users/css/footer.css [33m404[0m 13.871 ms - 159[0m
[0mGET /users/css/layout.css [33m404[0m 7.878 ms - 159[0m
[0mGET /users/css/footer.css [33m404[0m 8.739 ms - 159[0m
[0mGET /users/newsfeed [32m200[0m 7.549 ms - 6287[0m
[0mGET /users/css/layout.css [33m404[0m 14.063 ms - 159[0m
[0mGET /users/css/footer.css [33m404[0m 12.939 ms - 159[0m
[0mGET /users/css/layout.css [33m404[0m 10.721 ms - 159[0m
[0mGET /users/css/footer.css [33m404[0m 10.625 ms - 159[0m
[0mGET /users/newsfeed [32m200[0m 8.915 ms - 6287[0m
[0mGET /users/css/layout.css [33m404[0m 16.387 ms - 159[0m
[0mGET /users/css/footer.css [33m404[0m 11.027 ms - 159[0m
[0mGET /users/css/layout.css [33m404[0m 5.552 ms - 159[0m
[0mGET /users/css/footer.css [33m404[0m 6.758 ms - 159[0m
[0mGET /users/newsfeed [32m200[0m 7.241 ms - 6287[0m
[0mGET /users/css/layout.css [33m404[0m 17.345 ms - 159[0m
[0mGET /users/css/footer.css [33m404[0m 10.409 ms - 159[0m
[0mGET /users/css/layout.css [33m404[0m 7.260 ms - 159[0m
[0mGET /users/css/footer.css [33m404[0m 4.489 ms - 159[0m
[0mGET /users/newsfeed [36m304[0m 6.584 ms - -[0m
[0mGET /users/css/layout.css [33m404[0m 5.958 ms - 159[0m
[0mGET /users/css/footer.css [33m404[0m 6.352 ms - 159[0m
[0mGET /users/css/layout.css [33m404[0m 4.700 ms - 159[0m
[0mGET /users/css/footer.css [33m404[0m 5.357 ms - 159[0m
[0mGET /users/profile/6224e8ed1f5b79cc3c7d43d4 [32m200[0m 32.482 ms - 6484[0m
[0mGET /users/profile/css/layout.css [33m404[0m 12.637 ms - 167[0m
[0mGET /users/profile/css/footer.css [33m404[0m 11.367 ms - 167[0m
[0mGET /js/user_profile.js [33m404[0m 7.217 ms - 157[0m
[0mGET /users/profile/css/layout.css [33m404[0m 17.708 ms - 167[0m
[0mGET /users/profile/css/footer.css [33m404[0m 19.931 ms - 167[0m
[0mGET /js/user_profile.js [33m404[0m 12.298 ms - 157[0m
[0mGET /users/newsfeed [36m304[0m 9.057 ms - -[0m
[0mGET /users/css/layout.css [33m404[0m 25.361 ms - 159[0m
[0mGET /users/css/footer.css [33m404[0m 23.872 ms - 159[0m
[0mGET /users/css/layout.css [33m404[0m 4.023 ms - 159[0m
[0mGET /users/css/footer.css [33m404[0m 4.265 ms - 159[0m
[0mGET /users/newsfeed [36m304[0m 6.797 ms - -[0m
[0mGET /users/css/layout.css [33m404[0m 13.210 ms - 159[0m
[0mGET /users/css/footer.css [33m404[0m 11.529 ms - 159[0m
[0mGET /users/css/layout.css [33m404[0m 6.940 ms - 159[0m
[0mGET /users/css/footer.css [33m404[0m 6.728 ms - 159[0m
[0mGET /users/profile/6224e8ed1f5b79cc3c7d43d4 [32m200[0m 15.613 ms - 6484[0m
[0mGET /users/profile/css/layout.css [33m404[0m 15.624 ms - 167[0m
[0mGET /users/profile/css/footer.css [33m404[0m 8.928 ms - 167[0m
[0mGET /js/user_profile.js [33m404[0m 6.824 ms - 157[0m
[0mGET /users/profile/css/layout.css [33m404[0m 11.018 ms - 167[0m
[0mGET /users/profile/css/footer.css [33m404[0m 9.999 ms - 167[0m
[0mGET /js/user_profile.js [33m404[0m 4.902 ms - 157[0m
[0mGET / [36m304[0m 25.094 ms - -[0m
[0mGET / [32m200[0m 30.909 ms - 20359[0m
[0mGET / [32m200[0m 277.037 ms - 12504[0m
[0mGET /favicon.ico [33m404[0m 33.043 ms - 150[0m
[0mGET /users/sign-in [32m200[0m 143.529 ms - 9004[0m
[0mGET /users/css/layout.css [33m404[0m 14.061 ms - 159[0m
[0mGET /users/css/footer.css [33m404[0m 11.907 ms - 159[0m
[0mGET /users/css/layout.css [33m404[0m 4.096 ms - 159[0m
[0mGET /users/css/footer.css [33m404[0m 5.050 ms - 159[0m
[0mPOST /users/create-session [36m302[0m 44.563 ms - 46[0m
[0mGET / [32m200[0m 26.699 ms - 20886[0m
[0mGET /favicon.ico [33m404[0m 6.473 ms - 150[0m
[0mGET / [32m200[0m 345.880 ms - 12504[0m
[0mGET /favicon.ico [33m404[0m 8.989 ms - 150[0m
[0mGET /users/sign-in [32m200[0m 97.763 ms - 9004[0m
[0mGET /users/css/layout.css [33m404[0m 5.764 ms - 159[0m
[0mGET /users/css/footer.css [33m404[0m 37.830 ms - 159[0m
[0mGET /users/css/layout.css [33m404[0m 5.321 ms - 159[0m
[0mGET /users/css/footer.css [33m404[0m 5.478 ms - 159[0m
[0mPOST /users/create-session [36m302[0m 53.001 ms - 46[0m
[0mGET / [32m200[0m 102.810 ms - 20886[0m
[0mGET /users/newsfeed [32m200[0m 194.658 ms - 6287[0m
[0mGET /users/css/layout.css [33m404[0m 18.763 ms - 159[0m
[0mGET /users/css/footer.css [33m404[0m 10.051 ms - 159[0m
[0mGET /users/css/layout.css [33m404[0m 12.744 ms - 159[0m
[0mGET /users/css/footer.css [33m404[0m 12.057 ms - 159[0m
[0mGET /users/newsfeed [36m304[0m 12.852 ms - -[0m
[0mGET /users/css/layout.css [33m404[0m 69.364 ms - 159[0m
[0mGET /users/css/footer.css [33m404[0m 15.497 ms - 159[0m
[0mGET /users/css/layout.css [33m404[0m 9.731 ms - 159[0m
[0mGET /users/css/footer.css [33m404[0m 9.246 ms - 159[0m
[0mGET /users/newsfeed [36m304[0m 9.130 ms - -[0m
[0mGET /users/css/layout.css [33m404[0m 17.030 ms - 159[0m
[0mGET /users/css/footer.css [33m404[0m 11.520 ms - 159[0m
[0mGET /users/css/layout.css [33m404[0m 7.514 ms - 159[0m
[0mGET /users/css/footer.css [33m404[0m 7.399 ms - 159[0m
[0mGET /users/newsfeed [32m200[0m 10.600 ms - 6294[0m
[0mGET /users/css/layout.css [33m404[0m 17.184 ms - 159[0m
[0mGET /users/css/footer.css [33m404[0m 10.176 ms - 159[0m
[0mGET /users/css/layout.css [33m404[0m 8.559 ms - 159[0m
[0mGET /users/css/footer.css [33m404[0m 8.619 ms - 159[0m
[0mGET / [32m200[0m 23.688 ms - 20368[0m
[0mGET /users/frien [33m404[0m 5.164 ms - 150[0m
[0mGET /users/frien [33m404[0m 49.981 ms - 150[0m
[0mGET /users/friends [31m500[0m 164.030 ms - 1888[0m
[0mGET /users/friends [31m500[0m 6.259 ms - 1889[0m
[0mGET /users/friends [31m500[0m 5.699 ms - 1889[0m
[0mGET /users/friends [31m500[0m 7.203 ms - 1889[0m
[0mGET /users/friends [31m500[0m 5.076 ms - 1889[0m
[0mGET /users/friends [31m500[0m 5.693 ms - 1889[0m
[0mGET /users/friends [31m500[0m 7.602 ms - 1889[0m
[0mGET /users/friends [31m500[0m 5.707 ms - 1889[0m
[0mGET /users/friends [31m500[0m 4.995 ms - 1889[0m
[0mGET /users/friends [31m500[0m 5.682 ms - 1881[0m
[0mGET /users/friends [31m500[0m 4.798 ms - 1881[0m
[0mGET /users/friends [31m500[0m 9.705 ms - 1881[0m
[0mGET /users/friends [31m500[0m 7.862 ms - 1881[0m
[0mGET /users/friends [31m500[0m 4.534 ms - 1881[0m
[0mGET /users/friends [31m500[0m 10.938 ms - 1881[0m
[0mGET / [32m200[0m 64.367 ms - 20356[0m
[0mGET /users/newsfeed [32m200[0m 8.823 ms - 6287[0m
[0mGET /users/css/layout.css [33m404[0m 16.949 ms - 159[0m
[0mGET /users/css/footer.css [33m404[0m 8.475 ms - 159[0m
[0mGET /users/css/layout.css [33m404[0m 7.894 ms - 159[0m
[0mGET /users/css/footer.css [33m404[0m 8.452 ms - 159[0m
[0mGET /users/friends [31m500[0m 6.990 ms - 1889[0m
[0mGET /users/friends [31m500[0m 5.085 ms - 1898[0m
[0mGET /users/friends [31m500[0m 6.167 ms - 1898[0m
[0mGET /users/friends [31m500[0m 4.997 ms - 1898[0m
[0mGET /users/friends [31m500[0m 4.756 ms - 1898[0m
[0mGET /users/friend [33m404[0m 4.020 ms - 151[0m
[0mGET /users/friends [31m500[0m 5.553 ms - 1898[0m
[0mGET / [32m200[0m 23.450 ms - 20356[0m
[0mGET /users/friends [32m200[0m 12.818 ms - 4846[0m
[0mGET /users/css/layout.css [33m404[0m 13.658 ms - 159[0m
[0mGET /users/css/footer.css [33m404[0m 7.842 ms - 159[0m
[0mGET /users/css/layout.css [33m404[0m 5.474 ms - 159[0m
[0mGET /users/css/footer.css [33m404[0m 6.612 ms - 159[0m
[0mGET /users/friends [31m500[0m 6.632 ms - 1818[0m
[0mGET /users/friends [32m200[0m 7.564 ms - 4846[0m
[0mGET /users/css/layout.css [33m404[0m 9.092 ms - 159[0m
[0mGET /users/css/footer.css [33m404[0m 8.468 ms - 159[0m
[0mGET /users/css/layout.css [33m404[0m 8.814 ms - 159[0m
[0mGET /users/css/footer.css [33m404[0m 9.055 ms - 159[0m
[0mGET /users/friends [36m302[0m 718.935 ms - 72[0m
[0mGET /users/friends [36m302[0m 5.389 ms - 72[0m
[0mGET /users/friends [36m302[0m 4.104 ms - 72[0m
[0mGET /users/friends [36m302[0m 3.917 ms - 72[0m
[0mGET /users/friends [36m302[0m 4.113 ms - 72[0m
[0mGET /users/friends [36m302[0m 3.565 ms - 72[0m
[0mGET /users/friends [36m302[0m 3.642 ms - 72[0m
[0mGET /users/friends [36m302[0m 3.801 ms - 72[0m
[0mGET /users/friends [36m302[0m 4.368 ms - 72[0m
[0mGET /users/friends [36m302[0m 3.586 ms - 72[0m
[0mGET /users/friends [36m302[0m 4.270 ms - 72[0m
[0mGET /users/friends [36m302[0m 3.331 ms - 72[0m
[0mGET /users/friends [36m302[0m 5.855 ms - 72[0m
[0mGET /users/friends [36m302[0m 3.919 ms - 72[0m
[0mGET /users/friends [36m302[0m 3.753 ms - 72[0m
[0mGET /users/friends [36m302[0m 3.147 ms - 72[0m
[0mGET /users/friends [36m302[0m 3.211 ms - 72[0m
[0mGET /users/friends [36m302[0m 3.447 ms - 72[0m
[0mGET /users/friends [36m302[0m 3.217 ms - 72[0m
[0mGET /users/friends [36m302[0m 3.318 ms - 72[0m
[0mGET /users/friends [36m302[0m 3.129 ms - 72[0m
[0mGET /users/friends [36m302[0m 3.955 ms - 72[0m
[0mGET /users/friends [36m302[0m 3.248 ms - 72[0m
[0mGET /users/friends [36m302[0m 3.405 ms - 72[0m
[0mGET /users/friends [36m302[0m 5.713 ms - 72[0m
[0mGET /users/friends [36m302[0m 4.205 ms - 72[0m
[0mGET /users/friends [36m302[0m 3.949 ms - 72[0m
[0mGET /users/friends [36m302[0m 3.290 ms - 72[0m
[0mGET /users/friends [36m302[0m 3.317 ms - 72[0m
[0mGET /users/friends [36m302[0m 3.253 ms - 72[0m
[0mGET /users/friends [36m302[0m 4.716 ms - 72[0m
[0mGET /users/friends [36m302[0m 3.433 ms - 72[0m
[0mGET /users/friends [36m302[0m 3.615 ms - 72[0m
[0mGET /users/friends [36m302[0m 3.681 ms - 72[0m
[0mGET /users/friends [36m302[0m 3.307 ms - 72[0m
[0mGET /users/friends [36m302[0m 3.671 ms - 72[0m
[0mGET /users/friends [36m302[0m 3.365 ms - 72[0m
[0mGET /users/friends [36m302[0m 3.529 ms - 72[0m
[0mGET /users/friends [36m302[0m 3.499 ms - 72[0m
[0mGET /users/friends [36m302[0m 3.568 ms - 72[0m
[0mGET /users/friends [36m302[0m 4.071 ms - 72[0m
[0mGET /users/friends [36m302[0m 3.296 ms - 72[0m
[0mGET / [32m200[0m 139.568 ms - 20354[0m
[0mGET /users/newsfeed [36m302[0m 12.391 ms - 74[0m
[0mGET /users/newsfeed [36m302[0m 4.775 ms - 74[0m
[0mGET /users/newsfeed [36m302[0m 4.188 ms - 74[0m
[0mGET /users/newsfeed [36m302[0m 4.382 ms - 74[0m
[0mGET /users/newsfeed [36m302[0m 3.845 ms - 74[0m
[0mGET /users/newsfeed [36m302[0m 3.531 ms - 74[0m
[0mGET /users/newsfeed [36m302[0m 3.897 ms - 74[0m
[0mGET /users/newsfeed [36m302[0m 5.434 ms - 74[0m
[0mGET /users/newsfeed [36m302[0m 3.850 ms - 74[0m
[0mGET /users/newsfeed [36m302[0m 5.131 ms - 74[0m
[0mGET /users/newsfeed [36m302[0m 3.655 ms - 74[0m
[0mGET /users/newsfeed [36m302[0m 4.435 ms - 74[0m
[0mGET /users/newsfeed [36m302[0m 3.318 ms - 74[0m
[0mGET /users/newsfeed [36m302[0m 4.149 ms - 74[0m
[0mGET /users/newsfeed [36m302[0m 3.146 ms - 74[0m
[0mGET /users/newsfeed [36m302[0m 5.035 ms - 74[0m
[0mGET /users/newsfeed [36m302[0m 3.236 ms - 74[0m
[0mGET /users/newsfeed [36m302[0m 21.687 ms - 74[0m
[0mGET /users/newsfeed [36m302[0m 4.735 ms - 74[0m
[0mGET /users/newsfeed [36m302[0m 3.184 ms - 74[0m
[0mGET /users/newsfeed [36m302[0m 4.450 ms - 74[0m
[0mGET /users/newsfeed [32m200[0m 36.531 ms - 6287[0m
[0mGET /users/css/layout.css [33m404[0m 29.731 ms - 159[0m
[0mGET /users/css/footer.css [33m404[0m 36.261 ms - 159[0m
[0mGET /users/css/layout.css [33m404[0m 10.758 ms - 159[0m
[0mGET /users/css/footer.css [33m404[0m 10.604 ms - 159[0m
[0mGET /users/newsfeed [32m200[0m 11.325 ms - 6287[0m
[0mGET /users/css/layout.css [33m404[0m 17.011 ms - 159[0m
[0mGET /users/css/footer.css [33m404[0m 9.123 ms - 159[0m
[0mGET /users/css/layout.css [33m404[0m 10.454 ms - 159[0m
[0mGET /users/css/footer.css [33m404[0m 10.301 ms - 159[0m
[0mGET /users/friends [36m302[0m 6.868 ms - 72[0m
[0mGET /users/friends [36m302[0m 6.277 ms - 72[0m
[0mGET /users/friends [36m302[0m 6.072 ms - 72[0m
[0mGET /users/friends [36m302[0m 4.385 ms - 72[0m
[0mGET /users/friends [36m302[0m 4.664 ms - 72[0m
[0mGET /users/friends [36m302[0m 3.550 ms - 72[0m
[0mGET /users/friends [36m302[0m 6.235 ms - 72[0m
[0mGET /users/friends [36m302[0m 5.132 ms - 72[0m
[0mGET /users/friends [36m302[0m 3.433 ms - 72[0m
[0mGET /users/friends [36m302[0m 4.665 ms - 72[0m
[0mGET /users/friends [36m302[0m 3.438 ms - 72[0m
[0mGET /users/friends [36m302[0m 4.968 ms - 72[0m
[0mGET /users/friends [36m302[0m 3.544 ms - 72[0m
[0mGET /users/friends [36m302[0m 5.784 ms - 72[0m
[0mGET /users/friends [36m302[0m 3.664 ms - 72[0m
[0mGET /users/friends [36m302[0m 4.622 ms - 72[0m
[0mGET /users/friends [36m302[0m 4.092 ms - 72[0m
[0mGET /users/friends [36m302[0m 5.066 ms - 72[0m
[0mGET /users/friends [36m302[0m 3.557 ms - 72[0m
[0mGET /users/friends [36m302[0m 4.688 ms - 72[0m
[0mGET /users/friends [36m302[0m 4.711 ms - 72[0m
[0mGET /users/friends [36m302[0m 32.628 ms - 72[0m
[0mGET /users/friends [36m302[0m 4.706 ms - 72[0m
[0mGET /users/friends [36m302[0m 4.187 ms - 72[0m
[0mGET /users/friends [36m302[0m 3.961 ms - 72[0m
[0mGET /users/friends [36m302[0m 3.851 ms - 72[0m
[0mGET /users/friends [36m302[0m 4.457 ms - 72[0m
[0mGET /users/friends [36m302[0m 3.545 ms - 72[0m
[0mGET /users/friends [36m302[0m 4.212 ms - 72[0m
[0mGET /users/friends [36m302[0m 3.573 ms - 72[0m
[0mGET /users/friends [36m302[0m 4.741 ms - 72[0m
[0mGET /users/friends [36m302[0m 3.858 ms - 72[0m
[0mGET /users/friends [36m302[0m 5.756 ms - 72[0m
[0mGET /users/friends [36m302[0m 3.877 ms - 72[0m
[0mGET /users/friends [36m302[0m 3.505 ms - 72[0m
[0mGET /users/friends [36m302[0m 4.312 ms - 72[0m
[0mGET /users/friends [36m302[0m 3.661 ms - 72[0m
[0mGET /users/friends [36m302[0m 4.530 ms - 72[0m
[0mGET /users/friends [36m302[0m 3.960 ms - 72[0m
[0mGET /users/friends [36m302[0m 3.564 ms - 72[0m
[0mGET /users/friends [36m302[0m 4.736 ms - 72[0m
[0mGET /users/friends [36m302[0m 4.058 ms - 72[0m
[0mGET /users/friends [36m302[0m 1306.744 ms - 72[0m
[0mGET /users/friends [36m302[0m 9.430 ms - 72[0m
[0mGET /users/friends [36m302[0m 4.857 ms - 72[0m
[0mGET /users/friends [36m302[0m 3.714 ms - 72[0m
[0mGET /users/friends [36m302[0m 3.527 ms - 72[0m
[0mGET /users/friends [36m302[0m 3.403 ms - 72[0m
[0mGET /users/friends [36m302[0m 3.664 ms - 72[0m
[0mGET /users/friends [36m302[0m 3.523 ms - 72[0m
[0mGET /users/friends [36m302[0m 3.787 ms - 72[0m
[0mGET /users/friends [36m302[0m 4.439 ms - 72[0m
[0mGET /users/friends [36m302[0m 3.405 ms - 72[0m
[0mGET /users/friends [36m302[0m 3.724 ms - 72[0m
[0mGET /users/friends [36m302[0m 3.975 ms - 72[0m
[0mGET /users/friends [36m302[0m 3.967 ms - 72[0m
[0mGET /users/friends [36m302[0m 3.540 ms - 72[0m
[0mGET /users/friends [36m302[0m 4.011 ms - 72[0m
[0mGET /users/friends [36m302[0m 3.359 ms - 72[0m
[0mGET /users/friends [36m302[0m 3.827 ms - 72[0m
[0mGET /users/friends [36m302[0m 3.493 ms - 72[0m
[0mGET /users/friends [36m302[0m 5.146 ms - 72[0m
[0mGET /users/friends [36m302[0m 3.380 ms - 72[0m
[0mGET /users/friends [31m500[0m 31.731 ms - 1818[0m
[0mGET /users/friends [31m500[0m 10.004 ms - 1826[0m
[0mGET /users/friends [31m500[0m 8.956 ms - 1826[0m
[0mGET /users/friends [31m500[0m 5.594 ms - 1826[0m
[0mGET /users/friends [31m500[0m 6.757 ms - 1826[0m
[0mGET /users/friends [32m200[0m 11.396 ms - 4890[0m
[0mGET /users/css/layout.css [33m404[0m 12.311 ms - 159[0m
[0mGET /users/css/footer.css [33m404[0m 23.717 ms - 159[0m
[0mGET /users/css/layout.css [33m404[0m 8.726 ms - 159[0m
[0mGET /users/css/footer.css [33m404[0m 8.769 ms - 159[0m
[0mGET /favicon.ico [0m-[0m - ms - -[0m
[0mGET /users/friends [32m200[0m 10.028 ms - 4890[0m
[0mGET /users/css/layout.css [33m404[0m 17.091 ms - 159[0m
[0mGET /users/css/footer.css [33m404[0m 10.171 ms - 159[0m
[0mGET /users/css/layout.css [33m404[0m 8.951 ms - 159[0m
[0mGET /users/css/footer.css [33m404[0m 11.181 ms - 159[0m
[0mGET /users/newsfeed [36m304[0m 5.951 ms - -[0m
[0mGET /users/css/layout.css [33m404[0m 14.954 ms - 159[0m
[0mGET /users/css/footer.css [33m404[0m 5.640 ms - 159[0m
[0mGET /users/css/layout.css [33m404[0m 9.187 ms - 159[0m
[0mGET /users/css/footer.css [33m404[0m 10.144 ms - 159[0m
[0mGET /users/css/layout.css [33m404[0m 6.589 ms - 159[0m
[0mGET /users/css/footer.css [33m404[0m 2.541 ms - 159[0m
[0mGET /users/css/layout.css [33m404[0m 4.828 ms - 159[0m
[0mGET /users/css/footer.css [33m404[0m 3.013 ms - 159[0m
[0mGET /favicon.ico [33m404[0m 7.732 ms - 150[0m
[0mGET /users/profile/6224e8ed1f5b79cc3c7d43d4 [36m302[0m 7.491 ms - 72[0m
[0mGET /users/sign-in [36m304[0m 419.503 ms - -[0m
[0mGET /users/css/layout.css [33m404[0m 10.807 ms - 159[0m
[0mGET /users/css/footer.css [33m404[0m 3.613 ms - 159[0m
[0mGET /users/css/layout.css [33m404[0m 2.433 ms - 159[0m
[0mGET /users/css/footer.css [33m404[0m 2.770 ms - 159[0m
[0mGET /users/auth/google [36m302[0m 211.277 ms - 0[0m
[0mPOST /users/create-session [36m302[0m 8.982 ms - 46[0m
[0mGET / [32m200[0m 66.931 ms - 20884[0m
[0mGET /users/newsfeed [36m304[0m 21.544 ms - -[0m
[0mGET /users/css/layout.css [33m404[0m 9.047 ms - 159[0m
[0mGET /users/css/footer.css [33m404[0m 8.814 ms - 159[0m
[0mGET /users/css/layout.css [33m404[0m 4.793 ms - 159[0m
[0mGET /users/css/footer.css [33m404[0m 5.329 ms - 159[0m
[0mGET /users/profile/6224e8ed1f5b79cc3c7d43d4 [32m200[0m 44.005 ms - 6484[0m
[0mGET /users/profile/css/layout.css [33m404[0m 5.684 ms - 167[0m
[0mGET /users/profile/css/footer.css [33m404[0m 7.532 ms - 167[0m
[0mGET /js/user_profile.js [33m404[0m 7.011 ms - 157[0m
[0mGET /users/profile/css/layout.css [33m404[0m 15.521 ms - 167[0m
[0mGET /users/profile/css/footer.css [33m404[0m 14.585 ms - 167[0m
[0mGET /js/user_profile.js [33m404[0m 11.283 ms - 157[0m
[0mGET / [32m200[0m 25.615 ms - 20354[0m
[0mGET /users/profile/6224e8ed1f5b79cc3c7d43d4 [32m200[0m 12.227 ms - 6262[0m
[0mGET /users/profile/css/layout.css [33m404[0m 19.732 ms - 167[0m
[0mGET /users/profile/css/footer.css [33m404[0m 18.693 ms - 167[0m
[0mGET /js/user_profile.js [33m404[0m 7.795 ms - 157[0m
[0mGET /users/profile/css/layout.css [33m404[0m 6.009 ms - 167[0m
[0mGET /users/profile/css/footer.css [33m404[0m 6.817 ms - 167[0m
[0mGET /js/user_profile.js [33m404[0m 13.095 ms - 157[0m
[0mGET / [32m200[0m 42.312 ms - 20132[0m
[0mGET /users/newsfeed [32m200[0m 7.846 ms - 6065[0m
[0mGET /users/css/layout.css [33m404[0m 7.778 ms - 159[0m
[0mGET /users/css/footer.css [33m404[0m 3.655 ms - 159[0m
[0mGET /users/css/layout.css [33m404[0m 14.917 ms - 159[0m
[0mGET /users/css/footer.css [33m404[0m 14.073 ms - 159[0m
[0mGET / [36m304[0m 24.249 ms - -[0m
[0mGET /users/profile/6224e8ed1f5b79cc3c7d43d4 [36m304[0m 12.962 ms - -[0m
[0mGET /users/profile/css/layout.css [33m404[0m 14.285 ms - 167[0m
[0mGET /users/profile/css/footer.css [33m404[0m 12.373 ms - 167[0m
[0mGET /js/user_profile.js [33m404[0m 6.546 ms - 157[0m
[0mGET /users/profile/css/layout.css [33m404[0m 7.626 ms - 167[0m
[0mGET /users/profile/css/footer.css [33m404[0m 7.080 ms - 167[0m
[0mGET /js/user_profile.js [33m404[0m 6.635 ms - 157[0m
[0mGET / [36m304[0m 37.602 ms - -[0m
[0mGET / [36m304[0m 31.988 ms - -[0m
[0mGET /users/sign-out [36m302[0m 10.776 ms - 46[0m
[0mGET / [32m200[0m 24.085 ms - 12779[0m
[0mGET /users/sign-in [32m200[0m 8.230 ms - 8754[0m
[0mGET /users/css/layout.css [33m404[0m 4.709 ms - 159[0m
[0mGET /users/css/footer.css [33m404[0m 10.805 ms - 159[0m
[0mGET /users/css/layout.css [33m404[0m 4.023 ms - 159[0m
[0mGET /users/css/footer.css [33m404[0m 5.728 ms - 159[0m
[0mPOST /users/create-session [36m302[0m 6.053 ms - 46[0m
[0mGET / [32m200[0m 20.693 ms - 20662[0m
[0mGET / [32m200[0m 40.206 ms - 20161[0m
[0mGET / [32m200[0m 32.880 ms - 20161[0m
[0mGET / [32m200[0m 20.332 ms - 20159[0m
[0mGET /favicon.ico [0m-[0m - ms - -[0m
[0mGET / [32m200[0m 22.233 ms - 20652[0m
[0mGET /favicon.ico [0m-[0m - ms - -[0m
[0mGET / [32m200[0m 20.149 ms - 20159[0m
[0mGET /favicon.ico [0m-[0m - ms - -[0m
[0mGET / [32m200[0m 19.195 ms - 20159[0m
[0mGET / [36m304[0m 40.040 ms - -[0m
[0mGET /users/profile/6224e8ed1f5b79cc3c7d43d4 [32m200[0m 16.344 ms - 6289[0m
[0mGET /users/profile/css/layout.css [33m404[0m 14.787 ms - 167[0m
[0mGET /users/profile/css/footer.css [33m404[0m 12.668 ms - 167[0m
[0mGET /js/user_profile.js [33m404[0m 5.999 ms - 157[0m
[0mGET /users/profile/css/layout.css [33m404[0m 6.388 ms - 167[0m
[0mGET /users/profile/css/footer.css [33m404[0m 4.741 ms - 167[0m
[0mGET /js/user_profile.js [33m404[0m 16.960 ms - 157[0m
[0mPOST /users/update/6224e8ed1f5b79cc3c7d43d4 [36m302[0m 38.467 ms - 174[0m
[0mGET /users/profile/6224e8ed1f5b79cc3c7d43d4 [36m304[0m 7.298 ms - -[0m
[0mGET /users/profile/css/layout.css [33m404[0m 17.208 ms - 167[0m
[0mGET /users/profile/css/footer.css [33m404[0m 22.870 ms - 167[0m
[0mGET /js/user_profile.js [33m404[0m 8.312 ms - 157[0m
[0mGET /users/profile/css/layout.css [33m404[0m 4.388 ms - 167[0m
[0mGET /users/profile/css/footer.css [33m404[0m 4.828 ms - 167[0m
[0mGET /js/user_profile.js [33m404[0m 6.899 ms - 157[0m
[0mGET / [36m304[0m 35.336 ms - -[0m
[0mGET / [36m304[0m 36.019 ms - -[0m
[0mPOST /likes/toggle/?id=6226408f8e58424a010dbf80&type=Post [32m200[0m 33.791 ms - 62[0m
[0mPOST /likes/toggle/?id=6226408f8e58424a010dbf80&type=Post [32m200[0m 30.398 ms - 63[0m
[0mPOST /likes/toggle/?id=62263aeb8e58424a010dbedc&type=Post [32m200[0m 28.047 ms - 62[0m
[0mPOST /likes/toggle/?id=62263aeb8e58424a010dbedc&type=Post [32m200[0m 55.944 ms - 63[0m
[0mGET / [32m200[0m 2657.114 ms - 12252[0m
[0mGET /favicon.ico [33m404[0m 256.302 ms - 150[0m
[0mGET /users/sign-in [32m200[0m 26.281 ms - 8754[0m
[0mGET /users/css/layout.css [33m404[0m 4.761 ms - 159[0m
[0mGET /users/css/footer.css [33m404[0m 4.144 ms - 159[0m
[0mGET /users/css/layout.css [33m404[0m 4.397 ms - 159[0m
[0mGET /users/css/footer.css [33m404[0m 60.136 ms - 159[0m
[0mGET / [36m304[0m 39.246 ms - -[0m
[0mGET /users/sign-in [36m304[0m 7.349 ms - -[0m
[0mGET /users/css/layout.css [33m404[0m 8.791 ms - 159[0m
[0mGET /users/css/footer.css [33m404[0m 8.966 ms - 159[0m
[0mGET /users/css/layout.css [33m404[0m 9.897 ms - 159[0m
[0mGET /users/css/footer.css [33m404[0m 12.938 ms - 159[0m
[0mPOST /users/create-session [36m302[0m 188.477 ms - 46[0m
[0mGET / [32m200[0m 24.343 ms - 20689[0m
[0mGET /users/sign-out [36m302[0m 6.067 ms - 46[0m
[0mGET / [32m200[0m 24.142 ms - 12779[0m
[0mGET /users/sign-in [36m304[0m 10.562 ms - -[0m
[0mGET /users/css/layout.css [33m404[0m 8.299 ms - 159[0m
[0mGET /users/css/footer.css [33m404[0m 11.002 ms - 159[0m
[0mGET /users/css/layout.css [33m404[0m 2.660 ms - 159[0m
[0mGET /users/css/footer.css [33m404[0m 3.274 ms - 159[0m
[0mGET /users/auth/github [36m302[0m 12.015 ms - 0[0m
[0mPOST /users/create-session [36m302[0m 5.056 ms - 46[0m
[0mGET / [32m200[0m 23.850 ms - 20689[0m
[0mGET /users/newsfeed [32m200[0m 21.629 ms - 6092[0m
[0mGET /users/css/layout.css [33m404[0m 15.500 ms - 159[0m
[0mGET /users/css/footer.css [33m404[0m 15.575 ms - 159[0m
[0mGET /users/css/layout.css [33m404[0m 10.099 ms - 159[0m
[0mGET /users/css/footer.css [33m404[0m 952.021 ms - 159[0m
[0mGET /users/newsfeed [36m304[0m 13.962 ms - -[0m
[0mGET /users/css/layout.css [33m404[0m 20.220 ms - 159[0m
[0mGET /users/css/footer.css [33m404[0m 6.687 ms - 159[0m
[0mGET /users/css/layout.css [33m404[0m 9.907 ms - 159[0m
[0mGET /users/css/footer.css [33m404[0m 10.220 ms - 159[0m
[0mGET /users/newsfeed [36m304[0m 9.721 ms - -[0m
[0mGET /users/css/layout.css [33m404[0m 14.818 ms - 159[0m
[0mGET /users/css/footer.css [33m404[0m 15.292 ms - 159[0m
[0mGET /users/css/layout.css [33m404[0m 6.768 ms - 159[0m
[0mGET /users/css/footer.css [33m404[0m 6.854 ms - 159[0m
[0mGET /users/profile/6224e8ed1f5b79cc3c7d43d4 [36m304[0m 515.327 ms - -[0m
[0mGET /users/profile/css/layout.css [33m404[0m 9.192 ms - 167[0m
[0mGET /users/profile/css/footer.css [33m404[0m 7.555 ms - 167[0m
[0mGET /js/user_profile.js [33m404[0m 5.759 ms - 157[0m
[0mGET /users/profile/css/layout.css [33m404[0m 7.914 ms - 167[0m
[0mGET /users/profile/css/footer.css [33m404[0m 8.510 ms - 167[0m
[0mGET /js/user_profile.js [33m404[0m 5.160 ms - 157[0m
[0mGET / [32m200[0m 23.925 ms - 20159[0m
[0mGET / [32m200[0m 1550.929 ms - 12252[0m
[0mGET /favicon.ico [33m404[0m 25.239 ms - 150[0m
[0mGET /users/profile/6224e8ed1f5b79cc3c7d43d4 [36m302[0m 22.120 ms - 72[0m
[0mGET /users/sign-in [32m200[0m 30.871 ms - 8754[0m
[0mGET /users/css/layout.css [33m404[0m 24.251 ms - 159[0m
[0mGET /users/css/footer.css [33m404[0m 9.804 ms - 159[0m
[0mGET /users/css/layout.css [33m404[0m 4.620 ms - 159[0m
[0mGET /users/css/footer.css [33m404[0m 2.504 ms - 159[0m
[0mPOST /users/create-session [36m302[0m 8.927 ms - 46[0m
[0mGET / [32m200[0m 23.282 ms - 20689[0m
[0mGET /favicon.ico [33m404[0m 563.358 ms - 150[0m
[0mPOST /likes/toggle/?id=6226408f8e58424a010dbf80&type=Post [32m200[0m 79.087 ms - 62[0m
[0mPOST /likes/toggle/?id=6226408f8e58424a010dbf80&type=Post [32m200[0m 44.682 ms - 63[0m
[0mPOST /likes/toggle/?id=62263aeb8e58424a010dbedc&type=Post [32m200[0m 16.913 ms - 62[0m
[0mPOST /likes/toggle/?id=62263aeb8e58424a010dbedc&type=Post [32m200[0m 21.212 ms - 63[0m
[0mGET /users/profile/6224e8ed1f5b79cc3c7d43d4 [32m200[0m 36.184 ms - 6289[0m
[0mGET /users/profile/css/layout.css [33m404[0m 7.042 ms - 167[0m
[0mGET /users/profile/css/footer.css [33m404[0m 7.829 ms - 167[0m
[0mGET /js/user_profile.js [33m404[0m 3.796 ms - 157[0m
[0mGET /users/profile/css/layout.css [33m404[0m 4.828 ms - 167[0m
[0mGET /users/profile/css/footer.css [33m404[0m 5.293 ms - 167[0m
[0mGET / [32m200[0m 21.339 ms - 20159[0m
[0mPOST /likes/toggle/?id=622b57652e19eef85bfd98af&type=Comment [32m200[0m 18.987 ms - 63[0m
[0mPOST /likes/toggle/?id=6226408f8e58424a010dbf80&type=Post [32m200[0m 18.929 ms - 62[0m
[0mPOST /likes/toggle/?id=6226408f8e58424a010dbf80&type=Post [32m200[0m 20.430 ms - 63[0m
[0mPOST /likes/toggle/?id=62263aeb8e58424a010dbedc&type=Post [32m200[0m 16.632 ms - 62[0m
[0mPOST /likes/toggle/?id=62263aeb8e58424a010dbedc&type=Post [32m200[0m 19.544 ms - 63[0m
[0mPOST /likes/toggle/?id=62263b1c8e58424a010dbee9&type=Comment [32m200[0m 16.919 ms - 62[0m
[0mPOST /likes/toggle/?id=62263b1c8e58424a010dbee9&type=Comment [32m200[0m 18.728 ms - 63[0m
[0mPOST /likes/toggle/?id=62263b1c8e58424a010dbee9&type=Comment [32m200[0m 8.334 ms - 62[0m
[0mPOST /likes/toggle/?id=62263b1c8e58424a010dbee9&type=Comment [32m200[0m 21.550 ms - 63[0m
