[0mGET / [32m200[0m 3396.528 ms - 11371[0m
[0mGET /favicon.ico [0m-[0m - ms - -[0m
[0mGET /users/sign-in [32m200[0m 62.935 ms - 9004[0m
[0mPOST /users/create-session [36m302[0m 102.840 ms - 46[0m
[0mGET / [32m200[0m 26.846 ms - 18443[0m
[0mGET /favicon.ico [0m-[0m - ms - -[0m
[0mGET / [31m500[0m 567.008 ms - 1228[0m
[0mGET / [32m200[0m 248.160 ms - 17912[0m
[0mGET /favicon.ico [33m404[0m 22.580 ms - 150[0m
[0mGET / [36m304[0m 79.077 ms - -[0m
[0mGET /favicon.ico [0m-[0m - ms - -[0m
[0mGET / [36m304[0m 81.647 ms - -[0m
[0mGET /favicon.ico [0m-[0m - ms - -[0m
[0mGET / [36m304[0m 27.853 ms - -[0m
[0mGET / [32m200[0m 29.646 ms - 17921[0m
[0mGET /favicon.ico [0m-[0m - ms - -[0m
[0mGET / [32m200[0m 30.791 ms - 17930[0m
[0mGET / [32m200[0m 36.410 ms - 17910[0m
[0mGET / [36m304[0m 67.146 ms - -[0m
[0mGET /favicon.ico [33m404[0m 8.890 ms - 150[0m
[0mGET / [36m304[0m 36.544 ms - -[0m
[0mGET / [32m200[0m 30.405 ms - 17910[0m
[0mGET /favicon.ico [0m-[0m - ms - -[0m
[0mGET / [32m200[0m 21.989 ms - 17891[0m
[0mGET /favicon.ico [0m-[0m - ms - -[0m
[0mGET /likes/toggle/?id=6226408f8e58424a010dbf80&type=Post [33m404[0m 3.771 ms - 152[0m
[0mGET / [32m200[0m 21.196 ms - 17910[0m
[0mGET /favicon.ico [0m-[0m - ms - -[0m
[0mPOST /likes/toggle/?id=6226408f8e58424a010dbf80&type=Post [32m200[0m 408.806 ms - 62[0m
[0mPOST /likes/toggle/?id=6226408f8e58424a010dbf80&type=Post [32m200[0m 1079.043 ms - 62[0m
[0mPOST /likes/toggle/?id=6226408f8e58424a010dbf80&type=Post [32m200[0m 541.250 ms - 63[0m
[0mPOST /likes/toggle/?id=6226408f8e58424a010dbf80&type=Post [32m200[0m 1499.390 ms - 63[0m
[0mPOST /likes/toggle/?id=6226408f8e58424a010dbf80&type=Post [32m200[0m 28.233 ms - 62[0m
[0mPOST /likes/toggle/?id=6226408f8e58424a010dbf80&type=Post [32m200[0m 510.189 ms - 63[0m
[0mPOST /likes/toggle/?id=6226408f8e58424a010dbf80&type=Post [32m200[0m 17.282 ms - 62[0m
[0mPOST /likes/toggle/?id=6226408f8e58424a010dbf80&type=Post [32m200[0m 13.696 ms - 62[0m
[0mPOST /likes/toggle/?id=6226408f8e58424a010dbf80&type=Post [32m200[0m 12.592 ms - 63[0m
[0mPOST /likes/toggle/?id=6226408f8e58424a010dbf80&type=Post [32m200[0m 16.607 ms - 62[0m
[0mGET / [32m200[0m 25.457 ms - 17910[0m
[0mGET / [36m304[0m 20.292 ms - -[0m
[0mGET / [36m304[0m 56.896 ms - -[0m
[0mGET /favicon.ico [0m-[0m - ms - -[0m
[0mPOST /likes/toggle/?id=62263aeb8e58424a010dbedc&type=Post [32m200[0m 15.716 ms - 62[0m
[0mPOST /likes/toggle/?id=62263aeb8e58424a010dbedc&type=Post [32m200[0m 17.061 ms - 63[0m
[0mPOST /likes/toggle/?id=6226408f8e58424a010dbf80&type=Post [32m200[0m 19.268 ms - 63[0m
[0mPOST /likes/toggle/?id=6226408f8e58424a010dbf80&type=Post [32m200[0m 8.641 ms - 62[0m
[0mPOST /likes/toggle/?id=6226408f8e58424a010dbf80&type=Post [32m200[0m 18.393 ms - 63[0m
[0mGET / [32m200[0m 21.612 ms - 17910[0m
[0mGET /favicon.ico [0m-[0m - ms - -[0m
[0mGET / [32m200[0m 20.778 ms - 17910[0m
[0mGET / [36m304[0m 20.615 ms - -[0m
[0mGET / [36m304[0m 18.660 ms - -[0m
[0mGET /favicon.ico [33m404[0m 9.377 ms - 150[0m
[0mPOST /comments/create [36m302[0m 129.759 ms - 46[0m
[0mGET / [32m200[0m 423.769 ms - 20653[0m
[0mGET /favicon.ico [33m404[0m 14.079 ms - 150[0m
[0mGET / [32m200[0m 27.213 ms - 20148[0m
[0mGET /%=assetsPath('/js/_header.js') [33m404[0m 18.130 ms - 179[0m
[0mGET /%=assetsPath('/js/_header.js') [33m404[0m 7.800 ms - 179[0m
[0mGET /favicon.ico [0m-[0m - ms - -[0m
[0mGET / [36m304[0m 32.797 ms - -[0m
[0mGET /%=assetsPath('/js/_header.js') [33m404[0m 15.435 ms - 179[0m
[0mGET /%=assetsPath('/js/_header.js') [33m404[0m 4.872 ms - 179[0m
[0mGET /%=assetsPath('/js/_header.js' [33m404[0m 6.972 ms - 178[0m
[0mGET / [32m200[0m 26.049 ms - 20132[0m
[0mGET / [32m200[0m 25.019 ms - 20132[0m
[0mGET / [32m200[0m 2426.120 ms - 12440[0m
[0mGET /favicon.ico [0m-[0m - ms - -[0m
[0mGET /users/sign-in [32m200[0m 32.624 ms - 9002[0m
[0mGET /users/css/layout.css [33m404[0m 4.471 ms - 159[0m
[0mGET /users/css/footer.css [33m404[0m 6.010 ms - 159[0m
[0mGET /users/css/layout.css [33m404[0m 3.667 ms - 159[0m
[0mGET /users/css/footer.css [33m404[0m 7.472 ms - 159[0m
[0mGET /favicon.ico [0m-[0m - ms - -[0m
[0mPOST /users/create-session [36m302[0m 66.699 ms - 46[0m
[0mGET / [32m200[0m 38.685 ms - 20662[0m
[0mGET /users/profile/6224e8ed1f5b79cc3c7d43d4 [32m200[0m 28.466 ms - 6387[0m
[0mGET /users/profile/css/layout.css [33m404[0m 15.900 ms - 167[0m
[0mGET /users/profile/css/footer.css [33m404[0m 61.081 ms - 167[0m
[0mGET /js/user_profile.js [33m404[0m 22.458 ms - 157[0m
[0mGET /users/profile/css/layout.css [33m404[0m 6.155 ms - 167[0m
[0mGET /users/profile/css/footer.css [33m404[0m 6.848 ms - 167[0m
[0mGET /js/user_profile.js [33m404[0m 4.856 ms - 157[0m
[0mGET / [32m200[0m 25.953 ms - 20132[0m
[0mGET / [32m200[0m 26.147 ms - 20132[0m
[0mPOST /likes/toggle/?id=6226408f8e58424a010dbf80&type=Post [32m200[0m 140.007 ms - 62[0m
[0mPOST /likes/toggle/?id=6226408f8e58424a010dbf80&type=Post [32m200[0m 25.529 ms - 63[0m
[0mPOST /likes/toggle/?id=62263aeb8e58424a010dbedc&type=Post [32m200[0m 10.416 ms - 62[0m
[0mPOST /likes/toggle/?id=62263aeb8e58424a010dbedc&type=Post [32m200[0m 17.901 ms - 63[0m
[0mGET / [32m200[0m 23.050 ms - 20145[0m
[0mGET / [32m200[0m 21.162 ms - 20143[0m
[0mGET / [32m200[0m 24.125 ms - 20146[0m
[0mGET / [32m200[0m 164.444 ms - 20146[0m
[0mGET / [32m200[0m 24.860 ms - 20146[0m
[0mGET / [32m200[0m 25.218 ms - 20157[0m
[0mGET / [32m200[0m 29.669 ms - 20161[0m
[0mGET / [32m200[0m 19.357 ms - 20161[0m
[0mGET / [32m200[0m 26.067 ms - 20172[0m
[0mGET / [32m200[0m 22.946 ms - 20177[0m
[0mGET /favicon.ico [0m-[0m - ms - -[0m
[0mGET / [32m200[0m 23.887 ms - 20177[0m
[0mGET / [32m200[0m 21.198 ms - 20197[0m
[0mGET / [32m200[0m 18.904 ms - 20197[0m
[0mGET / [32m200[0m 23.225 ms - 20197[0m
[0mGET / [32m200[0m 22.745 ms - 20193[0m
[0mGET / [32m200[0m 20.221 ms - 20193[0m
[0mGET / [32m200[0m 20.755 ms - 20194[0m
[0mGET / [32m200[0m 22.150 ms - 20194[0m
[0mGET / [32m200[0m 19.189 ms - 20217[0m
[0mGET / [32m200[0m 18.921 ms - 20217[0m
[0mGET /favicon.ico [0m-[0m - ms - -[0m
[0mGET / [32m200[0m 22.758 ms - 20230[0m
[0mGET / [32m200[0m 30.741 ms - 20228[0m
[0mGET / [32m200[0m 22.480 ms - 20240[0m
[0mGET / [32m200[0m 20.934 ms - 20247[0m
[0mGET / [32m200[0m 24.823 ms - 20260[0m
[0mGET / [36m304[0m 20.472 ms - -[0m
[0mGET / [32m200[0m 20.324 ms - 20260[0m
[0mGET / [32m200[0m 24.419 ms - 20157[0m
[0mGET /favicon.ico [0m-[0m - ms - -[0m
[0mGET / [32m200[0m 18.442 ms - 20236[0m
[0mGET /favicon.ico [0m-[0m - ms - -[0m
[0mGET / [32m200[0m 20.557 ms - 20236[0m
[0mGET / [32m200[0m 29.886 ms - 20230[0m
[0mGET /favicon.ico [0m-[0m - ms - -[0m
[0mGET / [32m200[0m 22.430 ms - 20228[0m
[0mGET / [32m200[0m 24.609 ms - 20133[0m
[0mGET / [32m200[0m 19.317 ms - 20132[0m
[0mGET / [32m200[0m 20.703 ms - 20135[0m
[0mGET / [32m200[0m 19.751 ms - 20171[0m
[0mGET / [32m200[0m 18.867 ms - 20233[0m
[0mGET /favicon.ico [0m-[0m - ms - -[0m
[0mGET /users/sign-out [36m302[0m 3.666 ms - 46[0m
[0mGET / [32m200[0m 16.120 ms - 12967[0m
[0mGET /favicon.ico [0m-[0m - ms - -[0m
[0mGET /users/sign-in [32m200[0m 38.594 ms - 9002[0m
[0mGET /users/css/layout.css [33m404[0m 4.264 ms - 159[0m
[0mGET /users/css/footer.css [33m404[0m 3.215 ms - 159[0m
[0mGET /users/css/layout.css [33m404[0m 3.143 ms - 159[0m
[0mGET /users/css/footer.css [33m404[0m 4.599 ms - 159[0m
[0mPOST /users/create-session [36m302[0m 4.637 ms - 46[0m
[0mGET / [32m200[0m 17.851 ms - 20763[0m
[0mGET /favicon.ico [0m-[0m - ms - -[0m
[0mGET / [32m200[0m 31.440 ms - 20242[0m
[0mGET /favicon.ico [0m-[0m - ms - -[0m
[0mGET / [32m200[0m 22.804 ms - 20247[0m
[0mGET /favicon.ico [0m-[0m - ms - -[0m
[0mGET / [36m304[0m 25.707 ms - -[0m
[0mGET / [32m200[0m 23.911 ms - 20248[0m
[0mGET /favicon.ico [0m-[0m - ms - -[0m
[0mGET / [32m200[0m 20.615 ms - 20248[0m
[0mGET /favicon.ico [0m-[0m - ms - -[0m
[0mGET / [32m200[0m 21.019 ms - 20248[0m
[0mGET /favicon.ico [0m-[0m - ms - -[0m
[0mPOST /users/create-session [36m302[0m 9.060 ms - 46[0m
[0mGET / [32m200[0m 22.127 ms - 20784[0m
[0mGET / [32m200[0m 25.751 ms - 20255[0m
[0mGET /favicon.ico [0m-[0m - ms - -[0m
[0mGET / [32m200[0m 18.421 ms - 20265[0m
[0mGET / [32m200[0m 20.041 ms - 20273[0m
[0mGET /favicon.ico [33m404[0m 5.587 ms - 150[0m
[0mGET / [32m200[0m 19.675 ms - 20277[0m
[0mGET /favicon.ico [0m-[0m - ms - -[0m
[0mGET / [32m200[0m 22.127 ms - 20277[0m
[0mGET /favicon.ico [0m-[0m - ms - -[0m
[0mGET / [32m200[0m 119.701 ms - 12440[0m
[0mGET / [32m200[0m 727.076 ms - 12440[0m
[0mGET /favicon.ico [0m-[0m - ms - -[0m
[0mGET /users/sign-in [32m200[0m 621.406 ms - 9002[0m
[0mGET /users/css/layout.css [33m404[0m 16.842 ms - 159[0m
[0mGET /users/css/footer.css [33m404[0m 25.023 ms - 159[0m
[0mGET /users/css/layout.css [33m404[0m 5.193 ms - 159[0m
[0mGET /users/css/footer.css [33m404[0m 6.769 ms - 159[0m
[0mPOST /users/create-session [36m302[0m 186.440 ms - 46[0m
[0mGET / [32m200[0m 43.977 ms - 20807[0m
[0mGET /favicon.ico [0m-[0m - ms - -[0m
[0mGET / [32m200[0m 99.216 ms - 20277[0m
[0mGET /favicon.ico [0m-[0m - ms - -[0m
[0mGET / [32m200[0m 28.643 ms - 20277[0m
[0mGET /favicon.ico [0m-[0m - ms - -[0m
[0mGET / [36m304[0m 85.935 ms - -[0m
[0mGET /users/profile/6224e8ed1f5b79cc3c7d43d4 [32m200[0m 64.073 ms - 6467[0m
[0mGET /users/profile/css/layout.css [33m404[0m 34.938 ms - 167[0m
[0mGET /users/profile/css/footer.css [33m404[0m 14.093 ms - 167[0m
[0mGET /js/user_profile.js [33m404[0m 13.168 ms - 157[0m
[0mGET /users/profile/css/layout.css [33m404[0m 16.613 ms - 167[0m
[0mGET /users/profile/css/footer.css [33m404[0m 18.387 ms - 167[0m
[0mGET /js/user_profile.js [33m404[0m 37.993 ms - 157[0m
[0mGET /users/profile/6224e8ed1f5b79cc3c7d43d4 [36m302[0m 50.298 ms - 72[0m
[0mGET /users/sign-in [32m200[0m 234.635 ms - 9004[0m
[0mGET /users/css/layout.css [33m404[0m 9.667 ms - 159[0m
[0mGET /users/css/footer.css [33m404[0m 10.682 ms - 159[0m
[0mGET /users/css/layout.css [33m404[0m 5.340 ms - 159[0m
[0mGET /users/css/footer.css [33m404[0m 5.660 ms - 159[0m
[0mGET /favicon.ico [33m404[0m 2.966 ms - 150[0m
[0mPOST /users/create-session [36m302[0m 16.059 ms - 46[0m
[0mGET / [32m200[0m 71.646 ms - 20809[0m
[0mGET /favicon.ico [0m-[0m - ms - -[0m
[0mGET /users/profile [33m404[0m 8.383 ms - 152[0m
[0mGET / [0m-[0m - ms - -[0m
[0mGET /users/profile/6224e8ed1f5b79cc3c7d43d4 [32m200[0m 28.427 ms - 6469[0m
[0mGET /users/profile/css/layout.css [33m404[0m 20.588 ms - 167[0m
[0mGET /users/profile/css/footer.css [33m404[0m 15.681 ms - 167[0m
[0mGET /js/user_profile.js [33m404[0m 10.189 ms - 157[0m
[0mGET /users/profile/css/layout.css [33m404[0m 10.030 ms - 167[0m
[0mGET /users/profile/css/footer.css [33m404[0m 12.001 ms - 167[0m
[0mGET /js/user_profile.js [33m404[0m 4.425 ms - 157[0m
[0mGET /users/newfeed [33m404[0m 6.162 ms - 152[0m
[0mGET /users/profile/css/layout.css [33m404[0m 13.396 ms - 167[0m
[0mGET /users/profile/css/footer.css [33m404[0m 15.824 ms - 167[0m
[0mGET /users/profile/6224e8ed1f5b79cc3c7d43d4 [36m302[0m 1.389 ms - 36[0m
[0mGET /users/profile/css/layout.css [33m404[0m 1.195 ms - 167[0m
[0mGET /users/profile/css/footer.css [33m404[0m 0.982 ms - 167[0m
[0mGET /users/sign-in [32m200[0m 4.145 ms - 9004[0m
[0mGET / [32m200[0m 23.640 ms - 20279[0m
[0mGET /users/newsfeed [33m404[0m 7.195 ms - 153[0m
[0mGET / [32m200[0m 60.100 ms - 20279[0m
[0mGET /users/newsfeed [33m404[0m 11.371 ms - 153[0m
[0mGET /users/sign-up [36m302[0m 9.595 ms - 72[0m
[0mGET /users/profile [33m404[0m 5.692 ms - 152[0m
[0mGET / [0m-[0m - ms - -[0m
[0mGET / [36m304[0m 56.352 ms - -[0m
[0mGET /users/newsfeed [32m200[0m 8.202 ms - -[0m
[0mGET /users/newsfeed [32m200[0m 26.321 ms - -[0m
[0mGET /users/newsfeed [32m200[0m 30.677 ms - -[0m
[0mGET / [0m-[0m - ms - -[0m
[0mGET /users/newsfeed [32m200[0m 9.348 ms - -[0m
[0mGET /users/newsfeed [32m200[0m 5.694 ms - -[0m
[0mGET /users/newsfeed [32m200[0m 6.483 ms - -[0m
[0mGET / [36m304[0m 26.286 ms - -[0m
[0mGET /users/newsfeed [32m200[0m 4.688 ms - -[0m
[0mGET / [36m304[0m 64.657 ms - -[0m
[0mGET /users/newsfeed [32m200[0m 6.143 ms - -[0m
[0mGET / [36m304[0m 29.335 ms - -[0m
[0mGET /users/newsfeed [32m200[0m 5.475 ms - -[0m
[0mGET / [36m304[0m 67.154 ms - -[0m
[0mGET /users/newsfeed [36m302[0m 8.530 ms - 74[0m
[0mGET /users/newsfeed [36m302[0m 5.848 ms - 74[0m
[0mGET /users/newsfeed [36m302[0m 5.909 ms - 74[0m
[0mGET /users/newsfeed [36m302[0m 4.551 ms - 74[0m
[0mGET /users/newsfeed [36m302[0m 4.127 ms - 74[0m
[0mGET /users/newsfeed [36m302[0m 5.681 ms - 74[0m
[0mGET /users/newsfeed [36m302[0m 4.815 ms - 74[0m
[0mGET /users/newsfeed [36m302[0m 3.757 ms - 74[0m
[0mGET /users/newsfeed [36m302[0m 5.189 ms - 74[0m
[0mGET /users/newsfeed [36m302[0m 3.586 ms - 74[0m
[0mGET /users/newsfeed [36m302[0m 4.631 ms - 74[0m
[0mGET /users/newsfeed [36m302[0m 3.752 ms - 74[0m
[0mGET /users/newsfeed [36m302[0m 4.221 ms - 74[0m
[0mGET /users/newsfeed [36m302[0m 3.875 ms - 74[0m
[0mGET /users/newsfeed [36m302[0m 4.335 ms - 74[0m
[0mGET /users/newsfeed [36m302[0m 3.798 ms - 74[0m
[0mGET /users/newsfeed [36m302[0m 4.170 ms - 74[0m
[0mGET /users/newsfeed [36m302[0m 3.900 ms - 74[0m
[0mGET /users/newsfeed [36m302[0m 4.192 ms - 74[0m
[0mGET /users/newsfeed [36m302[0m 4.206 ms - 74[0m
[0mGET /users/newsfeed [36m302[0m 3.823 ms - 74[0m
[0mGET /users/newsfeed [36m302[0m 5.005 ms - 74[0m
[0mGET /users/newsfeed [36m302[0m 4.050 ms - 74[0m
[0mGET /users/newsfeed [36m302[0m 3.347 ms - 74[0m
[0mGET /users/newsfeed [36m302[0m 3.503 ms - 74[0m
[0mGET /users/newsfeed [36m302[0m 3.583 ms - 74[0m
[0mGET /users/newsfeed [36m302[0m 3.519 ms - 74[0m
[0mGET /users/newsfeed [36m302[0m 4.171 ms - 74[0m
[0mGET /users/newsfeed [36m302[0m 4.959 ms - 74[0m
[0mGET /users/newsfeed [36m302[0m 4.973 ms - 74[0m
[0mGET /users/newsfeed [36m302[0m 3.787 ms - 74[0m
[0mGET /users/newsfeed [36m302[0m 3.884 ms - 74[0m
[0mGET /users/newsfeed [36m302[0m 4.426 ms - 74[0m
[0mGET /users/newsfeed [36m302[0m 3.291 ms - 74[0m
[0mGET /users/newsfeed [36m302[0m 3.915 ms - 74[0m
[0mGET /users/newsfeed [36m302[0m 4.142 ms - 74[0m
[0mGET /users/newsfeed [36m302[0m 3.425 ms - 74[0m
[0mGET /users/newsfeed [36m302[0m 3.450 ms - 74[0m
[0mGET /users/newsfeed [36m302[0m 3.488 ms - 74[0m
[0mGET /users/newsfeed [36m302[0m 4.093 ms - 74[0m
[0mGET /users/newsfeed [36m302[0m 4.845 ms - 74[0m
[0mGET /users/newsfeed [36m302[0m 4.928 ms - 74[0m
[0mGET /users/newsfeed [32m200[0m 25.311 ms - -[0m
[0mGET /users/newsfeed [32m200[0m 6.982 ms - -[0m
[0mGET / [36m304[0m 48.475 ms - -[0m
[0mGET / [36m304[0m 66.222 ms - -[0m
[0mGET /users/newsfeed [36m302[0m 9.962 ms - 74[0m
[0mGET /users/newsfeed [36m302[0m 6.137 ms - 74[0m
[0mGET /users/newsfeed [36m302[0m 5.401 ms - 74[0m
[0mGET /users/newsfeed [36m302[0m 3.568 ms - 74[0m
[0mGET /users/newsfeed [36m302[0m 4.914 ms - 74[0m
[0mGET /users/newsfeed [36m302[0m 4.977 ms - 74[0m
[0mGET /users/newsfeed [36m302[0m 4.496 ms - 74[0m
[0mGET /users/newsfeed [36m302[0m 4.164 ms - 74[0m
[0mGET /users/newsfeed [36m302[0m 4.019 ms - 74[0m
[0mGET /users/newsfeed [36m302[0m 4.444 ms - 74[0m
[0mGET /users/newsfeed [36m302[0m 4.292 ms - 74[0m
[0mGET /users/newsfeed [36m302[0m 3.757 ms - 74[0m
[0mGET /users/newsfeed [36m302[0m 3.410 ms - 74[0m
[0mGET /users/newsfeed [36m302[0m 3.311 ms - 74[0m
[0mGET /users/newsfeed [36m302[0m 3.700 ms - 74[0m
[0mGET /users/newsfeed [36m302[0m 3.418 ms - 74[0m
[0mGET /users/newsfeed [36m302[0m 4.887 ms - 74[0m
[0mGET /users/newsfeed [36m302[0m 4.022 ms - 74[0m
[0mGET /users/newsfeed [36m302[0m 3.409 ms - 74[0m
[0mGET /users/newsfeed [36m302[0m 4.273 ms - 74[0m
[0mGET /users/newsfeed [36m302[0m 4.176 ms - 74[0m
[0mGET /users/newsfeed [36m302[0m 30.271 ms - 74[0m
[0mGET /users/newsfeed [36m302[0m 5.333 ms - 74[0m
[0mGET /users/newsfeed [36m302[0m 4.372 ms - 74[0m
[0mGET /users/newsfeed [36m302[0m 3.933 ms - 74[0m
[0mGET /users/newsfeed [36m302[0m 4.373 ms - 74[0m
[0mGET /users/newsfeed [36m302[0m 6.089 ms - 74[0m
[0mGET /users/newsfeed [36m302[0m 3.631 ms - 74[0m
[0mGET /users/newsfeed [36m302[0m 5.136 ms - 74[0m
[0mGET /users/newsfeed [36m302[0m 3.978 ms - 74[0m
[0mGET /users/newsfeed [36m302[0m 4.250 ms - 74[0m
[0mGET /users/newsfeed [36m302[0m 3.858 ms - 74[0m
[0mGET /users/newsfeed [36m302[0m 3.691 ms - 74[0m
[0mGET /users/newsfeed [36m302[0m 5.237 ms - 74[0m
[0mGET /users/newsfeed [36m302[0m 3.890 ms - 74[0m
[0mGET /users/newsfeed [36m302[0m 4.586 ms - 74[0m
[0mGET /users/newsfeed [36m302[0m 3.476 ms - 74[0m
[0mGET /users/newsfeed [36m302[0m 5.951 ms - 74[0m
[0mGET /users/newsfeed [36m302[0m 3.526 ms - 74[0m
[0mGET /users/newsfeed [36m302[0m 4.582 ms - 74[0m
[0mGET /users/newsfeed [36m302[0m 3.674 ms - 74[0m
[0mGET /users/newsfeed [36m302[0m 4.061 ms - 74[0m
[0mGET /users/newsfeed [36m302[0m 5.694 ms - 74[0m
[0mGET /users/newsfeed [36m302[0m 3.517 ms - 74[0m
[0mGET /users/newsfeed [36m302[0m 5.018 ms - 74[0m
[0mGET /users/newsfeed [36m302[0m 4.409 ms - 74[0m
[0mGET /users/newsfeed [36m302[0m 4.386 ms - 74[0m
[0mGET /users/newsfeed [36m302[0m 3.710 ms - 74[0m
[0mGET /users/newsfeed [36m302[0m 5.028 ms - 74[0m
[0mGET /users/newsfeed [36m302[0m 4.077 ms - 74[0m
[0mGET /users/newsfeed [36m302[0m 3.837 ms - 74[0m
[0mGET /users/newsfeed [36m302[0m 4.461 ms - 74[0m
[0mGET /users/newsfeed [36m302[0m 3.343 ms - 74[0m
[0mGET /users/newsfeed [36m302[0m 3.615 ms - 74[0m
[0mGET /users/newsfeed [36m302[0m 3.430 ms - 74[0m
[0mGET /users/newsfeed [36m302[0m 3.603 ms - 74[0m
[0mGET /users/newsfeed [36m302[0m 3.496 ms - 74[0m
[0mGET /users/newsfeed [36m302[0m 3.761 ms - 74[0m
[0mGET /users/newsfeed [36m302[0m 3.867 ms - 74[0m
[0mGET /users/newsfeed [36m302[0m 3.729 ms - 74[0m
[0mGET /users/newsfeed [36m302[0m 3.624 ms - 74[0m
[0mGET /users/newsfeed [36m302[0m 3.875 ms - 74[0m
[0mGET /users/newsfeed [36m302[0m 4.782 ms - 74[0m
[0mGET /users/newsfeed [36m302[0m 26.135 ms - 74[0m
[0mGET /users/newsfeed [36m302[0m 5.085 ms - 74[0m
[0mGET /users/newsfeed [36m302[0m 4.956 ms - 74[0m
[0mGET /users/newsfeed [36m302[0m 4.221 ms - 74[0m
[0mGET /users/newsfeed [36m302[0m 4.445 ms - 74[0m
[0mGET /users/newsfeed [36m302[0m 3.953 ms - 74[0m
[0mGET /users/newsfeed [36m302[0m 3.904 ms - 74[0m
[0mGET /users/newsfeed [36m302[0m 3.779 ms - 74[0m
[0mGET /users/newsfeed [36m302[0m 3.943 ms - 74[0m
[0mGET /users/newsfeed [36m302[0m 4.538 ms - 74[0m
[0mGET /users/newsfeed [36m302[0m 3.633 ms - 74[0m
[0mGET /users/newsfeed [36m302[0m 4.328 ms - 74[0m
[0mGET /users/newsfeed [36m302[0m 3.566 ms - 74[0m
[0mGET /users/newsfeed [36m302[0m 4.662 ms - 74[0m
[0mGET /users/newsfeed [36m302[0m 3.438 ms - 74[0m
[0mGET /users/newsfeed [36m302[0m 4.691 ms - 74[0m
[0mGET /users/newsfeed [36m302[0m 3.524 ms - 74[0m
[0mGET /users/newsfeed [36m302[0m 5.142 ms - 74[0m
[0mGET /users/newsfeed [36m302[0m 3.817 ms - 74[0m
[0mGET /users/newsfeed [36m302[0m 4.568 ms - 74[0m
[0mGET /users/newsfeed [36m302[0m 3.562 ms - 74[0m
[0mGET /users/newsfeed [36m302[0m 5.535 ms - 74[0m
[0mGET /users/newsfeed [36m302[0m 3.304 ms - 74[0m
[0mGET /users/newsfeed [36m302[0m 5.618 ms - 74[0m
[0mGET /users/newsfeed [36m302[0m 3.415 ms - 74[0m
[0mGET /users/newsfeed [36m302[0m 3.917 ms - 74[0m
[0mGET /users/newsfeed [36m302[0m 3.478 ms - 74[0m
[0mGET /users/newsfeed [36m302[0m 4.952 ms - 74[0m
[0mGET /users/newsfeed [36m302[0m 3.375 ms - 74[0m
[0mGET /users/newsfeed [36m302[0m 4.131 ms - 74[0m
[0mGET /users/newsfeed [36m302[0m 4.334 ms - 74[0m
[0mGET /users/newsfeed [36m302[0m 4.465 ms - 74[0m
[0mGET /users/newsfeed [36m302[0m 3.764 ms - 74[0m
[0mGET /users/newsfeed [36m302[0m 4.274 ms - 74[0m
[0mGET /users/newsfeed [36m302[0m 3.803 ms - 74[0m
[0mGET /users/newsfeed [36m302[0m 4.248 ms - 74[0m
[0mGET /users/newsfeed [36m302[0m 3.686 ms - 74[0m
[0mGET /users/newsfeed [36m302[0m 3.932 ms - 74[0m
[0mGET /users/newsfeed [36m302[0m 3.674 ms - 74[0m
[0mGET /users/newsfeed [36m302[0m 3.844 ms - 74[0m
[0mGET /users/newsfeed [36m302[0m 3.881 ms - 74[0m
[0mGET /users/newsfeed [36m302[0m 3.736 ms - 74[0m
[0mGET /users/newsfeed [36m302[0m 4.582 ms - 74[0m
[0mGET /users/newsfeed [36m302[0m 5.485 ms - 74[0m
[0mGET /users/newsfeed [36m302[0m 3.456 ms - 74[0m
[0mGET /users/newsfeed [36m302[0m 3.284 ms - 74[0m
[0mGET /users/newsfeed [36m302[0m 3.693 ms - 74[0m
[0mGET /users/newsfeed [36m302[0m 3.567 ms - 74[0m
[0mGET /users/newsfeed [36m302[0m 3.593 ms - 74[0m
[0mGET /users/newsfeed [36m302[0m 4.221 ms - 74[0m
[0mGET /users/newsfeed [36m302[0m 3.366 ms - 74[0m
[0mGET /users/newsfeed [36m302[0m 3.451 ms - 74[0m
[0mGET /users/newsfeed [36m302[0m 3.210 ms - 74[0m
[0mGET /users/newsfeed [36m302[0m 7.939 ms - 74[0m
[0mGET /users/newsfeed [36m302[0m 4.930 ms - 74[0m
[0mGET /users/newsfeed [36m302[0m 3.404 ms - 74[0m
[0mGET /users/newsfeed [36m302[0m 4.831 ms - 74[0m
[0mGET /users/newsfeed [36m302[0m 3.331 ms - 74[0m
[0mGET /users/newsfeed [36m302[0m 4.309 ms - 74[0m
[0mGET /users/newsfeed [36m302[0m 4.447 ms - 74[0m
[0mGET /users/newsfeed [36m302[0m 3.353 ms - 74[0m
[0mGET /users/newsfeed [36m302[0m 3.475 ms - 74[0m
[0mGET /users/newsfeed [36m302[0m 3.807 ms - 74[0m
[0mGET /users/newsfeed [32m200[0m 29.216 ms - -[0m
[0mGET /users/newsfeed [32m200[0m 35.179 ms - 4833[0m
[0mGET /users/css/layout.css [33m404[0m 21.013 ms - 159[0m
[0mGET /users/css/footer.css [33m404[0m 13.479 ms - 159[0m
[0mGET /users/css/layout.css [33m404[0m 5.916 ms - 159[0m
[0mGET /users/css/footer.css [33m404[0m 11.094 ms - 159[0m
[0mGET /users/newsfeed [32m200[0m 12.133 ms - 6059[0m
[0mGET /users/css/layout.css [33m404[0m 15.717 ms - 159[0m
[0mGET /users/css/footer.css [33m404[0m 7.044 ms - 159[0m
[0mGET /users/css/layout.css [33m404[0m 8.986 ms - 159[0m
[0mGET /users/css/footer.css [33m404[0m 9.481 ms - 159[0m
[0mGET /users/newsfeed [36m304[0m 9.362 ms - -[0m
[0mGET /users/css/layout.css [33m404[0m 11.836 ms - 159[0m
[0mGET /users/css/footer.css [33m404[0m 6.400 ms - 159[0m
[0mGET /users/css/layout.css [33m404[0m 9.389 ms - 159[0m
[0mGET /users/css/footer.css [33m404[0m 9.851 ms - 159[0m
[0mGET /users/newsfeed?search=covid [32m200[0m 8.434 ms - 6059[0m
[0mGET /users/css/layout.css [33m404[0m 16.052 ms - 159[0m
[0mGET /users/css/footer.css [33m404[0m 7.042 ms - 159[0m
[0mGET /users/css/layout.css [33m404[0m 10.699 ms - 159[0m
[0mGET /users/css/footer.css [33m404[0m 11.147 ms - 159[0m
[0mGET /users/newsfeed?search=covid [36m304[0m 8.889 ms - -[0m
[0mGET /users/css/layout.css [33m404[0m 14.866 ms - 159[0m
[0mGET /users/css/footer.css [33m404[0m 8.998 ms - 159[0m
[0mGET /users/css/layout.css [33m404[0m 9.575 ms - 159[0m
[0mGET /users/css/footer.css [33m404[0m 9.731 ms - 159[0m
[0mGET / [32m200[0m 34.921 ms - 20279[0m
[0mGET / [36m304[0m 30.784 ms - -[0m
[0mGET / [32m200[0m 25.667 ms - 20293[0m
[0mGET /users/newsapi [33m404[0m 4.687 ms - 152[0m
[0mGET /users/newsapi [33m404[0m 5.275 ms - 152[0m
[0mGET /users/newsapi [33m404[0m 4.962 ms - 152[0m
[0mGET /users/newsapi [33m404[0m 5.610 ms - 152[0m
[0mGET /users/newsapi [33m404[0m 4.907 ms - 152[0m
[0mGET /users/newsapi [33m404[0m 4.311 ms - 152[0m
[0mGET /users/newsapi [33m404[0m 4.027 ms - 152[0m
[0mGET /users/newsapi [33m404[0m 4.690 ms - 152[0m
[0mGET /users/newsapi [33m404[0m 5.274 ms - 152[0m
[0mGET /users/newsapi [33m404[0m 5.500 ms - 152[0m
[0mGET /users/newsfeed [32m200[0m 33.393 ms - 4831[0m
[0mGET /users/css/layout.css [33m404[0m 19.470 ms - 159[0m
[0mGET /users/css/footer.css [33m404[0m 11.778 ms - 159[0m
[0mGET /users/css/layout.css [33m404[0m 8.097 ms - 159[0m
[0mGET /users/css/footer.css [33m404[0m 9.201 ms - 159[0m
[0mGET /users/newsfeed [32m200[0m 8.595 ms - 6059[0m
[0mGET /users/css/layout.css [33m404[0m 19.516 ms - 159[0m
[0mGET /users/css/footer.css [33m404[0m 12.473 ms - 159[0m
[0mGET /users/css/layout.css [33m404[0m 7.484 ms - 159[0m
[0mGET /users/css/footer.css [33m404[0m 7.352 ms - 159[0m
[0mGET / [0m-[0m - ms - -[0m
[0mGET / [32m200[0m 25.191 ms - 20279[0m
[0mGET / [32m200[0m 27.546 ms - 20294[0m
[0mGET /users/newsfeed [32m200[0m 9.683 ms - 6074[0m
[0mGET /users/css/layout.css [33m404[0m 13.852 ms - 159[0m
[0mGET /users/css/footer.css [33m404[0m 12.406 ms - 159[0m
[0mGET /users/css/layout.css [33m404[0m 10.530 ms - 159[0m
[0mGET /users/css/footer.css [33m404[0m 10.652 ms - 159[0m
[0mGET /users/newsfeed?search=covid [32m200[0m 8.137 ms - 6074[0m
[0mGET /users/css/layout.css [33m404[0m 14.419 ms - 159[0m
[0mGET /users/css/footer.css [33m404[0m 6.312 ms - 159[0m
[0mGET /users/css/layout.css [33m404[0m 7.613 ms - 159[0m
[0mGET /users/css/footer.css [33m404[0m 8.147 ms - 159[0m
[0mGET /users/newsfeed?search=covid [32m200[0m 8.231 ms - 6084[0m
[0mGET /users/css/layout.css [33m404[0m 14.486 ms - 159[0m
[0mGET /users/css/footer.css [33m404[0m 7.592 ms - 159[0m
[0mGET /users/css/layout.css [33m404[0m 9.250 ms - 159[0m
[0mGET /users/css/footer.css [33m404[0m 9.691 ms - 159[0m
[0mGET /users/newsfeed?search=covid [36m304[0m 12.166 ms - -[0m
[0mGET /users/css/layout.css [33m404[0m 13.130 ms - 159[0m
[0mGET /users/css/footer.css [33m404[0m 5.949 ms - 159[0m
[0mGET /users/css/layout.css [33m404[0m 9.199 ms - 159[0m
[0mGET /users/css/footer.css [33m404[0m 10.582 ms - 159[0m
[0mGET /users/newsfeed?search=covid [32m200[0m 8.090 ms - 6067[0m
[0mGET /users/css/layout.css [33m404[0m 13.701 ms - 159[0m
[0mGET /users/css/footer.css [33m404[0m 11.691 ms - 159[0m
[0mGET /users/css/layout.css [33m404[0m 8.320 ms - 159[0m
[0mGET /users/css/footer.css [33m404[0m 8.732 ms - 159[0m
[0mGET /users/newsfeed [32m200[0m 8.497 ms - 6067[0m
[0mGET /users/css/layout.css [33m404[0m 14.080 ms - 159[0m
[0mGET /users/css/footer.css [33m404[0m 7.154 ms - 159[0m
[0mGET /users/css/layout.css [33m404[0m 8.218 ms - 159[0m
[0mGET /users/css/footer.css [33m404[0m 9.237 ms - 159[0m
[0mGET /users/newsfeed [32m200[0m 6.009 ms - 6054[0m
[0mGET /users/css/layout.css [33m404[0m 15.176 ms - 159[0m
[0mGET /users/css/footer.css [33m404[0m 9.382 ms - 159[0m
[0mGET /users/css/footer.css [33m404[0m 8.211 ms - 159[0m
[0mGET /users/css/layout.css [33m404[0m 9.792 ms - 159[0m
[0mGET /users/newsfeed [32m200[0m 7.764 ms - 6100[0m
[0mGET /users/css/layout.css [33m404[0m 20.864 ms - 159[0m
[0mGET /users/css/footer.css [33m404[0m 17.697 ms - 159[0m
[0mGET /users/js/fetchnewsapi.js [33m404[0m 9.889 ms - 163[0m
[0mGET /users/css/layout.css [33m404[0m 7.147 ms - 159[0m
[0mGET /users/css/footer.css [33m404[0m 7.712 ms - 159[0m
[0mGET /users/js/fetchnewsapi.js [33m404[0m 4.963 ms - 163[0m
[0mGET /users/newsfeed?search=covid [32m200[0m 6.425 ms - 6100[0m
[0mGET /users/css/layout.css [33m404[0m 82.193 ms - 159[0m
[0mGET /users/css/footer.css [33m404[0m 10.614 ms - 159[0m
[0mGET /users/js/fetchnewsapi.js [33m404[0m 9.411 ms - 163[0m
[0mGET /users/css/layout.css [33m404[0m 8.599 ms - 159[0m
[0mGET /users/css/footer.css [33m404[0m 8.595 ms - 159[0m
[0mGET /users/js/fetchnewsapi.js [33m404[0m 4.792 ms - 163[0m
[0mGET /users/newsfeed?search=covid [32m200[0m 10.617 ms - 6101[0m
[0mGET /users/css/layout.css [33m404[0m 11.722 ms - 159[0m
[0mGET /users/css/footer.css [33m404[0m 8.703 ms - 159[0m
[0mGET /users/css/layout.css [33m404[0m 8.431 ms - 159[0m
[0mGET /users/css/footer.css [33m404[0m 8.284 ms - 159[0m
[0mGET / [36m304[0m 21.693 ms - -[0m
[0mGET /users/newsfeed [32m200[0m 7.210 ms - 6101[0m
[0mGET /users/css/layout.css [33m404[0m 15.140 ms - 159[0m
[0mGET /users/css/footer.css [33m404[0m 7.492 ms - 159[0m
[0mGET /users/css/layout.css [33m404[0m 11.662 ms - 159[0m
[0mGET /users/css/footer.css [33m404[0m 10.930 ms - 159[0m
[0mGET /favicon.ico [33m404[0m 2.097 ms - 150[0m
[0mPOST /users/create-session [36m302[0m 8.589 ms - 46[0m
[0mGET / [32m200[0m 48.161 ms - 20824[0m
[0mGET /users/newsfeed [32m200[0m 13.993 ms - 6101[0m
[0mGET /users/css/layout.css [33m404[0m 9.649 ms - 159[0m
[0mGET /users/css/footer.css [33m404[0m 9.108 ms - 159[0m
[0mGET /users/css/layout.css [33m404[0m 10.226 ms - 159[0m
[0mGET /users/css/footer.css [33m404[0m 11.072 ms - 159[0m
[0mGET /users/newsfeed [36m304[0m 8.659 ms - -[0m
[0mGET /users/css/layout.css [33m404[0m 10.060 ms - 159[0m
[0mGET /users/css/footer.css [33m404[0m 7.376 ms - 159[0m
[0mGET /users/css/layout.css [33m404[0m 4.823 ms - 159[0m
[0mGET /users/css/footer.css [33m404[0m 4.670 ms - 159[0m
[0mGET /users/newsfeed [36m304[0m 19.524 ms - -[0m
[0mGET /users/css/layout.css [33m404[0m 9.545 ms - 159[0m
[0mGET /users/css/footer.css [33m404[0m 8.318 ms - 159[0m
[0mGET /users/css/layout.css [33m404[0m 6.019 ms - 159[0m
[0mGET /users/css/footer.css [33m404[0m 5.641 ms - 159[0m
[0mGET / [32m200[0m 38.693 ms - 20294[0m
[0mGET /users/newsfeed [36m304[0m 7.213 ms - -[0m
[0mGET /users/css/layout.css [33m404[0m 25.919 ms - 159[0m
[0mGET /users/css/footer.css [33m404[0m 24.158 ms - 159[0m
[0mGET /users/css/layout.css [33m404[0m 6.321 ms - 159[0m
[0mGET /users/css/footer.css [33m404[0m 5.093 ms - 159[0m
[0mGET /users/newsfeed [36m304[0m 21.521 ms - -[0m
[0mGET /users/css/layout.css [33m404[0m 11.599 ms - 159[0m
[0mGET /users/css/footer.css [33m404[0m 11.864 ms - 159[0m
[0mGET /users/css/layout.css [33m404[0m 7.438 ms - 159[0m
[0mGET /users/css/footer.css [33m404[0m 7.035 ms - 159[0m
[0mGET /users/newsfeed [36m304[0m 8.944 ms - -[0m
[0mGET /users/css/layout.css [33m404[0m 15.429 ms - 159[0m
[0mGET /users/css/footer.css [33m404[0m 14.983 ms - 159[0m
[0mGET /users/css/layout.css [33m404[0m 8.891 ms - 159[0m
[0mGET /users/css/footer.css [33m404[0m 9.109 ms - 159[0m
[0mGET / [36m304[0m 24.159 ms - -[0m
[0mGET / [36m304[0m 19.182 ms - -[0m
[0mGET / [36m304[0m 34.764 ms - -[0m
[0mGET /users/newsfeed [36m304[0m 34.639 ms - -[0m
[0mGET /users/css/layout.css [33m404[0m 21.926 ms - 159[0m
[0mGET /users/css/footer.css [33m404[0m 14.333 ms - 159[0m
[0mGET /users/css/layout.css [33m404[0m 12.852 ms - 159[0m
[0mGET /users/css/footer.css [33m404[0m 16.816 ms - 159[0m
[0mGET /users/newsfeed [36m304[0m 35.842 ms - -[0m
[0mGET /users/css/layout.css [33m404[0m 21.925 ms - 159[0m
[0mGET /users/css/footer.css [33m404[0m 14.095 ms - 159[0m
[0mGET /users/css/layout.css [33m404[0m 8.661 ms - 159[0m
[0mGET /users/css/footer.css [33m404[0m 12.172 ms - 159[0m
[0mGET /users/newsfeed [36m304[0m 8.417 ms - -[0m
[0mGET /users/css/layout.css [33m404[0m 19.202 ms - 159[0m
[0mGET /users/css/footer.css [33m404[0m 13.211 ms - 159[0m
[0mGET /users/css/layout.css [33m404[0m 6.784 ms - 159[0m
[0mGET /users/css/footer.css [33m404[0m 7.827 ms - 159[0m
[0mGET /users/newsfeed [32m200[0m 6.760 ms - 5496[0m
[0mGET /users/friends [31m500[0m 8.864 ms - 1355[0m
[0mGET /users/friends [32m200[0m 28.566 ms - -[0m
[0mGET /users/friends [31m500[0m 31.476 ms - 1888[0m
[0mGET / [36m304[0m 171.059 ms - -[0m
[0mGET /users/newsfeed [36m304[0m 27.515 ms - -[0m
[0mGET /users/css/layout.css [33m404[0m 6.970 ms - 159[0m
[0mGET /users/css/footer.css [33m404[0m 9.837 ms - 159[0m
[0mGET /users/css/layout.css [33m404[0m 4.832 ms - 159[0m
[0mGET /users/css/footer.css [33m404[0m 5.425 ms - 159[0m
[0mGET /users/newsfeed [36m304[0m 8.493 ms - -[0m
[0mGET /users/css/layout.css [33m404[0m 8.575 ms - 159[0m
[0mGET /users/css/footer.css [33m404[0m 8.555 ms - 159[0m
[0mGET /users/css/layout.css [33m404[0m 15.926 ms - 159[0m
[0mGET /users/css/footer.css [33m404[0m 8.260 ms - 159[0m
[0mGET /users/newsfeed [36m304[0m 6.386 ms - -[0m
[0mGET /users/css/layout.css [33m404[0m 8.615 ms - 159[0m
[0mGET /users/css/footer.css [33m404[0m 9.352 ms - 159[0m
[0mGET /users/css/layout.css [33m404[0m 23.714 ms - 159[0m
[0mGET /users/css/footer.css [33m404[0m 22.440 ms - 159[0m
[0mGET / [36m304[0m 20.916 ms - -[0m
[0mPOST /posts/create [36m302[0m 23.170 ms - 49[0m
[0mPOST /posts/create [36m302[0m 72.048 ms - 49[0m
[0mGET / [32m200[0m 65.384 ms - 29351[0m
[0mPOST /posts/create [36m302[0m 73.625 ms - 49[0m
[0mGET / [36m304[0m 39.048 ms - -[0m
[0mGET / [32m200[0m 21.846 ms - 28865[0m
[0mGET / [36m304[0m 25.345 ms - -[0m
[0mGET / [36m304[0m 23.375 ms - -[0m
[0mGET /posts/destroy/6234c1fdf57325eb3315021c [36m302[0m 23.798 ms - 98[0m
[0mGET / [32m200[0m 27.216 ms - 26547[0m
[0mGET /posts/destroy/6234c1fdf57325eb33150218 [36m302[0m 10.899 ms - 98[0m
[0mGET / [32m200[0m 21.448 ms - 23690[0m
[0mGET /posts/destroy/6234c1fdf57325eb33150216 [36m302[0m 18.808 ms - 98[0m
[0mGET / [32m200[0m 17.767 ms - 20833[0m
[0mGET / [32m200[0m 21.117 ms - 20294[0m
[0mGET / [36m304[0m 19.206 ms - -[0m
[0mGET /favicon.ico [33m404[0m 4.386 ms - 150[0m
[0mGET /posts/destroy/6234c1fdf57325eb33150218 [36m302[0m 6.765 ms - 46[0m
[0mGET / [32m200[0m 34.298 ms - 20780[0m
[0mGET / [32m200[0m 20.487 ms - 20294[0m
[0mGET /users/newsfeed [36m304[0m 17.948 ms - -[0m
[0mGET /users/css/layout.css [33m404[0m 13.388 ms - 159[0m
[0mGET /users/css/footer.css [33m404[0m 10.147 ms - 159[0m
[0mGET /users/css/layout.css [33m404[0m 8.951 ms - 159[0m
[0mGET /users/css/footer.css [33m404[0m 10.078 ms - 159[0m
[0mGET /users/sign-out [36m302[0m 5.156 ms - 46[0m
[0mGET / [32m200[0m 17.679 ms - 12969[0m
[0mGET /users/sign-in [32m200[0m 19.822 ms - 9004[0m
[0mGET /users/css/layout.css [33m404[0m 8.029 ms - 159[0m
[0mGET /users/css/footer.css [33m404[0m 8.028 ms - 159[0m
[0mGET /users/css/layout.css [33m404[0m 8.255 ms - 159[0m
[0mGET /users/css/footer.css [33m404[0m 8.298 ms - 159[0m
[0mPOST /users/create-session [36m302[0m 13.774 ms - 46[0m
[0mGET / [32m200[0m 25.034 ms - 20824[0m
[0mGET /users/newsfeed [36m304[0m 7.608 ms - -[0m
[0mGET /users/css/layout.css [33m404[0m 5.478 ms - 159[0m
[0mGET /users/css/footer.css [33m404[0m 5.745 ms - 159[0m
[0mGET /users/css/layout.css [33m404[0m 4.218 ms - 159[0m
[0mGET /users/css/footer.css [33m404[0m 4.594 ms - 159[0m
[0mGET /users/newsfeed [36m304[0m 19.234 ms - -[0m
[0mGET /users/css/layout.css [33m404[0m 8.520 ms - 159[0m
[0mGET /users/css/footer.css [33m404[0m 8.871 ms - 159[0m
[0mGET /users/css/layout.css [33m404[0m 22.469 ms - 159[0m
[0mGET /users/css/footer.css [33m404[0m 10.043 ms - 159[0m
[0mGET / [36m304[0m 64.217 ms - -[0m
[0mGET /favicon.ico [0m-[0m - ms - -[0m
[0mGET /users/newsfeed [36m304[0m 9.689 ms - -[0m
[0mGET /users/css/layout.css [33m404[0m 17.224 ms - 159[0m
[0mGET /users/css/footer.css [33m404[0m 23.402 ms - 159[0m
[0mGET /users/css/layout.css [33m404[0m 11.245 ms - 159[0m
[0mGET /users/css/footer.css [33m404[0m 10.348 ms - 159[0m
[0mGET / [32m200[0m 29.503 ms - 20294[0m
[0mGET /users/newsfeed [36m304[0m 10.442 ms - -[0m
[0mGET /users/css/layout.css [33m404[0m 15.669 ms - 159[0m
[0mGET /users/css/footer.css [33m404[0m 5.699 ms - 159[0m
[0mGET /users/css/layout.css [33m404[0m 8.252 ms - 159[0m
[0mGET /users/css/footer.css [33m404[0m 8.613 ms - 159[0m
[0mGET /users/newsfeed [32m200[0m 9.539 ms - 6145[0m
[0mGET /users/css/layout.css [33m404[0m 19.286 ms - 159[0m
[0mGET /users/css/footer.css [33m404[0m 14.791 ms - 159[0m
[0mGET /users/css/layout.css [33m404[0m 7.480 ms - 159[0m
[0mGET /users/css/footer.css [33m404[0m 6.728 ms - 159[0m
[0mGET /users/newsfeed [36m304[0m 10.248 ms - -[0m
[0mGET /users/css/layout.css [33m404[0m 17.624 ms - 159[0m
[0mGET /users/css/footer.css [33m404[0m 14.687 ms - 159[0m
[0mGET /users/css/layout.css [33m404[0m 7.074 ms - 159[0m
[0mGET /users/css/footer.css [33m404[0m 5.200 ms - 159[0m
[0mGET /users/newsfeed [32m200[0m 9.104 ms - 6101[0m
[0mGET /users/css/layout.css [33m404[0m 16.384 ms - 159[0m
[0mGET /users/css/footer.css [33m404[0m 8.136 ms - 159[0m
[0mGET /users/css/layout.css [33m404[0m 9.161 ms - 159[0m
[0mGET /users/css/footer.css [33m404[0m 8.079 ms - 159[0m
[0mGET /users/newsfeed [32m200[0m 11.642 ms - 6153[0m
[0mGET /users/css/layout.css [33m404[0m 16.334 ms - 159[0m
[0mGET /users/css/footer.css [33m404[0m 10.873 ms - 159[0m
[0mGET /users/css/layout.css [33m404[0m 8.544 ms - 159[0m
[0mGET /users/css/footer.css [33m404[0m 7.463 ms - 159[0m
[0mGET /users/newsfeed [32m200[0m 8.958 ms - 6099[0m
[0mGET /users/css/layout.css [33m404[0m 15.870 ms - 159[0m
[0mGET /users/css/footer.css [33m404[0m 14.062 ms - 159[0m
[0mGET /users/css/layout.css [33m404[0m 5.125 ms - 159[0m
[0mGET /users/css/footer.css [33m404[0m 8.286 ms - 159[0m
[0mGET / [36m304[0m 19.517 ms - -[0m
[0mGET / [32m200[0m 23.477 ms - 12487[0m
[0mGET /favicon.ico [0m-[0m - ms - -[0m
[0mGET /users/sign-in [32m200[0m 9.233 ms - 9004[0m
[0mGET /users/css/layout.css [33m404[0m 11.896 ms - 159[0m
[0mGET /users/css/footer.css [33m404[0m 7.431 ms - 159[0m
[0mGET /users/css/layout.css [33m404[0m 2.082 ms - 159[0m
[0mGET /users/css/footer.css [33m404[0m 2.993 ms - 159[0m
[0mGET /favicon.ico [0m-[0m - ms - -[0m
[0mPOST /users/create-session [36m302[0m 9.614 ms - 46[0m
[0mGET / [32m200[0m 18.798 ms - 20869[0m
[0mGET /favicon.ico [0m-[0m - ms - -[0m
[0mGET / [32m200[0m 20.712 ms - 20343[0m
[0mGET /favicon.ico [0m-[0m - ms - -[0m
[0mGET /users/newsfeed [32m200[0m 7.569 ms - 6144[0m
[0mGET /users/css/layout.css [33m404[0m 6.569 ms - 159[0m
[0mGET /users/css/footer.css [33m404[0m 13.172 ms - 159[0m
[0mGET /users/css/layout.css [33m404[0m 9.955 ms - 159[0m
[0mGET /users/css/footer.css [33m404[0m 9.492 ms - 159[0m
[0mGET /users/newsfeed [32m200[0m 11.023 ms - 6186[0m
[0mGET /users/css/layout.css [33m404[0m 10.400 ms - 159[0m
[0mGET /users/css/footer.css [33m404[0m 8.994 ms - 159[0m
[0mGET /users/css/layout.css [33m404[0m 7.048 ms - 159[0m
[0mGET /users/css/footer.css [33m404[0m 7.508 ms - 159[0m
[0mGET /users/newsfeed [32m200[0m 8.731 ms - 6186[0m
[0mGET /users/css/layout.css [33m404[0m 19.487 ms - 159[0m
[0mGET /users/css/footer.css [33m404[0m 17.140 ms - 159[0m
[0mGET /users/css/layout.css [33m404[0m 8.135 ms - 159[0m
[0mGET /users/css/footer.css [33m404[0m 4.822 ms - 159[0m
[0mGET /users/newsfeed [32m200[0m 12.580 ms - 6221[0m
[0mGET /users/css/layout.css [33m404[0m 17.052 ms - 159[0m
[0mGET /users/css/footer.css [33m404[0m 17.453 ms - 159[0m
[0mGET /users/css/layout.css [33m404[0m 12.245 ms - 159[0m
[0mGET /users/css/footer.css [33m404[0m 12.340 ms - 159[0m
[0mGET /users/newsfeed [32m200[0m 9.983 ms - 6221[0m
[0mGET /users/css/layout.css [33m404[0m 12.924 ms - 159[0m
[0mGET /users/css/footer.css [33m404[0m 10.408 ms - 159[0m
[0mGET /users/css/layout.css [33m404[0m 6.962 ms - 159[0m
[0mGET /users/css/footer.css [33m404[0m 7.891 ms - 159[0m
[0mGET /users/newsfeed [32m200[0m 7.927 ms - 6220[0m
[0mGET /users/css/layout.css [33m404[0m 10.772 ms - 159[0m
[0mGET /users/css/footer.css [33m404[0m 9.766 ms - 159[0m
[0mGET /users/css/layout.css [33m404[0m 7.923 ms - 159[0m
[0mGET /users/css/footer.css [33m404[0m 8.831 ms - 159[0m
[0mGET /users/newsfeed [32m200[0m 9.221 ms - 6193[0m
[0mGET /users/css/layout.css [33m404[0m 11.780 ms - 159[0m
[0mGET /users/css/footer.css [33m404[0m 11.586 ms - 159[0m
[0mGET /users/css/layout.css [33m404[0m 7.413 ms - 159[0m
[0mGET /users/css/footer.css [33m404[0m 5.870 ms - 159[0m
[0mGET /users/newsfeed [36m304[0m 19.892 ms - -[0m
[0mGET /users/css/layout.css [33m404[0m 8.722 ms - 159[0m
[0mGET /users/css/footer.css [33m404[0m 4.827 ms - 159[0m
[0mGET /users/css/layout.css [33m404[0m 4.232 ms - 159[0m
[0mGET /users/css/footer.css [33m404[0m 4.496 ms - 159[0m
[0mGET /users/newsfeed [32m200[0m 9.941 ms - 6191[0m
[0mGET /users/css/layout.css [33m404[0m 14.620 ms - 159[0m
[0mGET /users/css/footer.css [33m404[0m 14.851 ms - 159[0m
[0mGET /users/css/layout.css [33m404[0m 6.044 ms - 159[0m
[0mGET /users/css/footer.css [33m404[0m 6.105 ms - 159[0m
[0mGET /users/newsfeed [32m200[0m 22.299 ms - 6190[0m
[0mGET /users/css/layout.css [33m404[0m 12.737 ms - 159[0m
[0mGET /users/css/footer.css [33m404[0m 12.908 ms - 159[0m
[0mGET /users/css/layout.css [33m404[0m 9.221 ms - 159[0m
[0mGET /users/css/footer.css [33m404[0m 5.981 ms - 159[0m
[0mGET /users/newsfeed [32m200[0m 9.035 ms - 6190[0m
[0mGET /users/css/layout.css [33m404[0m 6.786 ms - 159[0m
[0mGET /users/css/footer.css [33m404[0m 8.102 ms - 159[0m
[0mGET /users/css/layout.css [33m404[0m 19.024 ms - 159[0m
[0mGET /users/css/footer.css [33m404[0m 18.447 ms - 159[0m
[0mGET /users/newsfeed [32m200[0m 8.581 ms - 6194[0m
[0mGET /users/css/layout.css [33m404[0m 11.175 ms - 159[0m
[0mGET /users/css/footer.css [33m404[0m 8.858 ms - 159[0m
[0mGET /users/css/layout.css [33m404[0m 4.146 ms - 159[0m
[0mGET /users/css/footer.css [33m404[0m 4.652 ms - 159[0m
[0mGET /users/newsfeed [32m200[0m 18.800 ms - 6195[0m
[0mGET /users/css/layout.css [33m404[0m 7.939 ms - 159[0m
[0mGET /users/css/footer.css [33m404[0m 7.531 ms - 159[0m
[0mGET /users/css/layout.css [33m404[0m 5.429 ms - 159[0m
[0mGET /users/css/footer.css [33m404[0m 5.290 ms - 159[0m
[0mGET /users/newsfeed [32m200[0m 6.587 ms - 6200[0m
[0mGET /users/css/layout.css [33m404[0m 5.017 ms - 159[0m
[0mGET /users/css/footer.css [33m404[0m 5.532 ms - 159[0m
[0mGET /users/css/layout.css [33m404[0m 8.000 ms - 159[0m
[0mGET /users/css/footer.css [33m404[0m 5.974 ms - 159[0m
[0mGET /users/newsfeed [36m304[0m 19.382 ms - -[0m
[0mGET /users/css/layout.css [33m404[0m 7.602 ms - 159[0m
[0mGET /users/css/footer.css [33m404[0m 7.261 ms - 159[0m
[0mGET /users/css/layout.css [33m404[0m 5.140 ms - 159[0m
[0mGET /users/css/footer.css [33m404[0m 8.275 ms - 159[0m
[0mGET /users/newsfeed [32m200[0m 15.796 ms - 6200[0m
[0mGET /users/css/layout.css [33m404[0m 10.677 ms - 159[0m
[0mGET /users/css/footer.css [33m404[0m 7.339 ms - 159[0m
[0mGET /users/css/layout.css [33m404[0m 13.862 ms - 159[0m
[0mGET /users/css/footer.css [33m404[0m 16.964 ms - 159[0m
[0mGET /users/newsfeed [36m304[0m 6.927 ms - -[0m
[0mGET /users/css/layout.css [33m404[0m 6.021 ms - 159[0m
[0mGET /users/css/footer.css [33m404[0m 5.923 ms - 159[0m
[0mGET /users/css/layout.css [33m404[0m 4.889 ms - 159[0m
[0mGET /users/css/footer.css [33m404[0m 4.616 ms - 159[0m
[0mGET /users/newsfeed [32m200[0m 19.502 ms - 6200[0m
[0mGET /users/css/layout.css [33m404[0m 17.362 ms - 159[0m
[0mGET /users/css/footer.css [33m404[0m 15.620 ms - 159[0m
[0mGET /users/css/layout.css [33m404[0m 11.869 ms - 159[0m
[0mGET /users/css/footer.css [33m404[0m 9.655 ms - 159[0m
[0mGET /users/newsfeed [32m200[0m 8.127 ms - 6200[0m
[0mGET /users/css/layout.css [33m404[0m 22.257 ms - 159[0m
[0mGET /users/css/footer.css [33m404[0m 18.462 ms - 159[0m
[0mGET /users/css/layout.css [33m404[0m 6.999 ms - 159[0m
[0mGET /users/css/footer.css [33m404[0m 5.673 ms - 159[0m
[0mGET /users/newsfeed [32m200[0m 9.800 ms - 6191[0m
[0mGET /users/css/layout.css [33m404[0m 6.356 ms - 159[0m
[0mGET /users/css/footer.css [33m404[0m 5.284 ms - 159[0m
[0mGET /users/css/layout.css [33m404[0m 4.912 ms - 159[0m
[0mGET /users/css/footer.css [33m404[0m 5.466 ms - 159[0m
[0mGET /users/newsfeed [32m200[0m 7.336 ms - 6191[0m
[0mGET /users/css/layout.css [33m404[0m 7.904 ms - 159[0m
[0mGET /users/css/footer.css [33m404[0m 9.374 ms - 159[0m
[0mGET /users/css/layout.css [33m404[0m 6.414 ms - 159[0m
[0mGET /users/css/footer.css [33m404[0m 4.855 ms - 159[0m
[0mGET /users/newsfeed [36m304[0m 15.324 ms - -[0m
[0mGET /users/css/layout.css [33m404[0m 7.540 ms - 159[0m
[0mGET /users/css/footer.css [33m404[0m 7.206 ms - 159[0m
[0mGET /users/css/layout.css [33m404[0m 14.077 ms - 159[0m
[0mGET /users/css/footer.css [33m404[0m 8.377 ms - 159[0m
[0mGET /users/newsfeed [32m200[0m 5.863 ms - 6197[0m
[0mGET /users/css/layout.css [33m404[0m 8.745 ms - 159[0m
[0mGET /users/css/footer.css [33m404[0m 8.240 ms - 159[0m
[0mGET /users/css/layout.css [33m404[0m 5.017 ms - 159[0m
[0mGET /users/css/footer.css [33m404[0m 4.736 ms - 159[0m
[0mGET /users/newsfeed [36m304[0m 6.498 ms - -[0m
[0mGET /users/css/layout.css [33m404[0m 6.907 ms - 159[0m
[0mGET /users/css/footer.css [33m404[0m 6.560 ms - 159[0m
[0mGET /users/css/layout.css [33m404[0m 5.629 ms - 159[0m
[0mGET /users/css/footer.css [33m404[0m 4.705 ms - 159[0m
[0mGET /users/newsfeed [32m200[0m 11.377 ms - 6197[0m
[0mGET /users/css/layout.css [33m404[0m 15.155 ms - 159[0m
[0mGET /users/css/footer.css [33m404[0m 8.529 ms - 159[0m
[0mGET /users/css/layout.css [33m404[0m 5.329 ms - 159[0m
[0mGET /users/css/footer.css [33m404[0m 6.319 ms - 159[0m
[0mGET /users/newsfeed [32m200[0m 9.559 ms - 6200[0m
[0mGET /users/css/layout.css [33m404[0m 12.581 ms - 159[0m
[0mGET /users/css/footer.css [33m404[0m 5.059 ms - 159[0m
[0mGET /users/css/layout.css [33m404[0m 5.233 ms - 159[0m
[0mGET /users/css/footer.css [33m404[0m 5.526 ms - 159[0m
[0mGET /users/newsfeed [32m200[0m 10.080 ms - 6218[0m
[0mGET /users/css/layout.css [33m404[0m 13.455 ms - 159[0m
[0mGET /users/css/footer.css [33m404[0m 9.698 ms - 159[0m
[0mGET /users/css/layout.css [33m404[0m 10.358 ms - 159[0m
[0mGET /users/css/footer.css [33m404[0m 11.127 ms - 159[0m
[0mGET /users/newsfeed [32m200[0m 7.970 ms - 6262[0m
[0mGET /users/css/layout.css [33m404[0m 8.769 ms - 159[0m
[0mGET /users/css/footer.css [33m404[0m 8.411 ms - 159[0m
[0mGET /users/css/layout.css [33m404[0m 5.697 ms - 159[0m
[0mGET /users/css/footer.css [33m404[0m 7.854 ms - 159[0m
[0mGET /users/newsfeed [32m200[0m 9.053 ms - 6262[0m
[0mGET /users/css/layout.css [33m404[0m 14.736 ms - 159[0m
[0mGET /users/css/footer.css [33m404[0m 7.836 ms - 159[0m
[0mGET /users/css/layout.css [33m404[0m 6.820 ms - 159[0m
[0mGET /users/css/footer.css [33m404[0m 7.710 ms - 159[0m
[0mGET /users/newsfeed [32m200[0m 8.632 ms - 6259[0m
[0mGET /users/css/layout.css [33m404[0m 13.921 ms - 159[0m
[0mGET /users/css/footer.css [33m404[0m 6.947 ms - 159[0m
[0mGET /users/css/layout.css [33m404[0m 7.255 ms - 159[0m
[0mGET /users/css/footer.css [33m404[0m 7.452 ms - 159[0m
[0mGET /users/newsfeed [32m200[0m 9.291 ms - 6261[0m
[0mGET /users/css/layout.css [33m404[0m 22.534 ms - 159[0m
[0mGET /users/css/footer.css [33m404[0m 20.786 ms - 159[0m
[0mGET /users/css/layout.css [33m404[0m 5.066 ms - 159[0m
[0mGET /users/css/footer.css [33m404[0m 5.543 ms - 159[0m
[0mGET /users/newsfeed [32m200[0m 19.825 ms - 6262[0m
[0mGET /users/css/layout.css [33m404[0m 8.764 ms - 159[0m
[0mGET /users/css/footer.css [33m404[0m 8.717 ms - 159[0m
[0mGET /users/css/layout.css [33m404[0m 6.107 ms - 159[0m
[0mGET /users/css/footer.css [33m404[0m 5.338 ms - 159[0m
[0mGET /users/newsfeed [32m200[0m 9.891 ms - 6261[0m
[0mGET /users/css/layout.css [33m404[0m 9.938 ms - 159[0m
[0mGET /users/css/footer.css [33m404[0m 9.103 ms - 159[0m
[0mGET /users/css/layout.css [33m404[0m 16.385 ms - 159[0m
[0mGET /users/css/footer.css [33m404[0m 16.996 ms - 159[0m
[0mGET /users/newsfeed [32m200[0m 6.301 ms - 6258[0m
[0mGET /users/css/layout.css [33m404[0m 5.974 ms - 159[0m
[0mGET /users/css/footer.css [33m404[0m 4.529 ms - 159[0m
[0mGET /users/css/layout.css [33m404[0m 4.784 ms - 159[0m
[0mGET /users/css/footer.css [33m404[0m 5.275 ms - 159[0m
[0mGET /users/newsfeed [32m200[0m 12.800 ms - 6261[0m
[0mGET /users/css/layout.css [33m404[0m 19.049 ms - 159[0m
[0mGET /users/css/footer.css [33m404[0m 18.784 ms - 159[0m
[0mGET /users/css/layout.css [33m404[0m 16.080 ms - 159[0m
[0mGET /users/css/footer.css [33m404[0m 14.786 ms - 159[0m
[0mGET /users/newsfeed [32m200[0m 6.057 ms - 6261[0m
[0mGET /users/css/layout.css [33m404[0m 9.113 ms - 159[0m
[0mGET /users/css/footer.css [33m404[0m 8.789 ms - 159[0m
[0mGET /users/css/layout.css [33m404[0m 5.138 ms - 159[0m
[0mGET /users/css/footer.css [33m404[0m 5.369 ms - 159[0m
[0mGET /users/newsfeed [32m200[0m 20.520 ms - 6261[0m
[0mGET /users/css/layout.css [33m404[0m 8.539 ms - 159[0m
[0mGET /users/css/footer.css [33m404[0m 8.646 ms - 159[0m
[0mGET /users/css/layout.css [33m404[0m 15.915 ms - 159[0m
[0mGET /users/css/footer.css [33m404[0m 11.846 ms - 159[0m
[0mGET /users/newsfeed [32m200[0m 17.322 ms - 6259[0m
[0mGET /users/css/layout.css [33m404[0m 11.289 ms - 159[0m
[0mGET /users/css/footer.css [33m404[0m 8.294 ms - 159[0m
[0mGET /users/css/layout.css [33m404[0m 7.648 ms - 159[0m
[0mGET /users/css/footer.css [33m404[0m 7.073 ms - 159[0m
[0mGET /users/newsfeed [32m200[0m 6.673 ms - 6260[0m
[0mGET /users/css/layout.css [33m404[0m 9.244 ms - 159[0m
[0mGET /users/css/footer.css [33m404[0m 9.259 ms - 159[0m
[0mGET /users/css/layout.css [33m404[0m 3.912 ms - 159[0m
[0mGET /users/css/footer.css [33m404[0m 7.573 ms - 159[0m
[0mGET /users/newsfeed [32m200[0m 15.952 ms - 6260[0m
[0mGET /users/css/layout.css [33m404[0m 9.197 ms - 159[0m
[0mGET /users/css/footer.css [33m404[0m 7.928 ms - 159[0m
[0mGET /users/css/layout.css [33m404[0m 9.631 ms - 159[0m
[0mGET /users/css/footer.css [33m404[0m 8.807 ms - 159[0m
[0mGET /users/newsfeed [36m304[0m 20.259 ms - -[0m
[0mGET /users/css/layout.css [33m404[0m 4.439 ms - 159[0m
[0mGET /users/css/footer.css [33m404[0m 3.931 ms - 159[0m
[0mGET /users/newsfeed [32m200[0m 15.314 ms - 6260[0m
[0mGET /users/css/layout.css [33m404[0m 3.830 ms - 159[0m
[0mGET /users/css/footer.css [33m404[0m 3.609 ms - 159[0m
[0mGET /users/css/layout.css [33m404[0m 6.512 ms - 159[0m
[0mGET /users/css/footer.css [33m404[0m 6.689 ms - 159[0m
[0mGET /users/css/layout.css [33m404[0m 3.769 ms - 159[0m
[0mGET /users/css/footer.css [33m404[0m 5.131 ms - 159[0m
[0mGET /users/newsfeed [32m200[0m 6.241 ms - 6260[0m
[0mGET /users/css/layout.css [33m404[0m 21.246 ms - 159[0m
[0mGET /users/css/footer.css [33m404[0m 20.716 ms - 159[0m
[0mGET /users/css/layout.css [33m404[0m 7.940 ms - 159[0m
[0mGET /users/css/footer.css [33m404[0m 5.081 ms - 159[0m
[0mGET /users/newsfeed [36m304[0m 24.013 ms - -[0m
