[0mGET / [32m200[0m 328.953 ms - 18589[0m
[0mGET /favicon.ico [33m404[0m 19.418 ms - 150[0m
[0mGET /users/sign-in [32m200[0m 618.645 ms - 8754[0m
[0mGET /users/css/layout.css [33m404[0m 8.219 ms - 159[0m
[0mGET /users/css/footer.css [33m404[0m 22.327 ms - 159[0m
[0mGET /users/auth/google [36m302[0m 378.372 ms - 0[0m
[0mGET /users/auth/google/callback?code=4%2F0AX4XfWh2KvpjUoFSD7Nmy7BzWfS0YIFmVh-S3wrpAnWMYoz2lZcUTp7a0xu1QenMJJz9Iw&scope=email+profile+https%3A%2F%2Fwww.googleapis.com%2Fauth%2Fuserinfo.profile+https%3A%2F%2Fwww.googleapis.com%2Fauth%2Fuserinfo.email+openid&authuser=0&prompt=consent [36m302[0m 1274.501 ms - 46[0m
[0mGET / [32m200[0m 59.032 ms - 33899[0m
[0mGET / [32m200[0m 2035.938 ms - 18589[0m
[0mGET /favicon.ico [33m404[0m 224.681 ms - 150[0m
[0mGET /users/sign-in [32m200[0m 25.460 ms - 8754[0m
[0mGET /users/css/layout.css [33m404[0m 8.153 ms - 159[0m
[0mGET /users/css/footer.css [33m404[0m 8.833 ms - 159[0m
[0mGET /users/css/layout.css [33m404[0m 2.889 ms - 159[0m
[0mGET /users/css/footer.css [33m404[0m 4.997 ms - 159[0m
[0mGET /users/sign-in [36m304[0m 9.957 ms - -[0m
[0mGET /users/css/layout.css [33m404[0m 14.132 ms - 159[0m
[0mGET /users/css/footer.css [33m404[0m 12.115 ms - 159[0m
[0mGET /users/css/layout.css [33m404[0m 2.888 ms - 159[0m
[0mGET /users/css/footer.css [33m404[0m 3.873 ms - 159[0m
[0mGET /users/auth/google [36m302[0m 805.539 ms - 0[0m
[0mGET /users/auth/google/callback?code=4%2F0AX4XfWik3foUmr4_CDJJDFNoacp_PELL2YejnkiYULtauT7DkjB9u8Yw9Ts2VSdtOJKDFw&scope=email+profile+https%3A%2F%2Fwww.googleapis.com%2Fauth%2Fuserinfo.email+openid+https%3A%2F%2Fwww.googleapis.com%2Fauth%2Fuserinfo.profile&authuser=0&prompt=none [36m302[0m 2093.367 ms - 46[0m
[0mGET / [32m200[0m 30.109 ms - 33899[0m
[0mPOST /likes/toggle/?id=62679734bf3729861eef0c61&type=Post [32m200[0m 410.847 ms - 62[0m
[0mPOST /likes/toggle/?id=62679734bf3729861eef0c61&type=Post [32m200[0m 33.121 ms - 63[0m
[0mPOST /comments/create [0m-[0m - ms - -[0m
[0mGET / [32m200[0m 34.063 ms - 33369[0m
[0mPOST /comments/create [36m302[0m 12.759 ms - 46[0m
[0mGET / [32m200[0m 217.462 ms - 38336[0m
[0mPOST /likes/toggle/?id=62679734bf3729861eef0c61&type=Post [32m200[0m 12.203 ms - 62[0m
[0mPOST /likes/toggle/?id=62679734bf3729861eef0c61&type=Post [32m200[0m 17.803 ms - 63[0m
[0mGET / [0m-[0m - ms - -[0m
[0mGET /users/profile [33m404[0m 363.426 ms - 152[0m
[0mGET / [32m200[0m 1553.753 ms - 20735[0m
[0mGET /favicon.ico [0m-[0m - ms - -[0m
[0mGET /users/sign-in [32m200[0m 56.636 ms - 8754[0m
[0mGET /users/css/layout.css [33m404[0m 5.084 ms - 159[0m
[0mGET /users/css/footer.css [33m404[0m 5.986 ms - 159[0m
[0mGET /users/css/layout.css [33m404[0m 4.796 ms - 159[0m
[0mGET /users/css/footer.css [33m404[0m 8.321 ms - 159[0m
[0mGET /users/auth/google [36m302[0m 117.243 ms - 0[0m
[0mGET /users/auth/google/callback?code=4%2F0AX4XfWhn6BVqKyVcokCgXzhz3Bpoe9Aj_4LfS515jdMSnJuYxiqmViBjz1ukMB1alZDdPg&scope=email+profile+openid+https%3A%2F%2Fwww.googleapis.com%2Fauth%2Fuserinfo.email+https%3A%2F%2Fwww.googleapis.com%2Fauth%2Fuserinfo.profile&authuser=0&prompt=none [36m302[0m 3953.727 ms - 46[0m
[0mGET / [32m200[0m 34.651 ms - 38345[0m
[0mGET /users/profile/6224e8ed1f5b79cc3c7d43d4 [32m200[0m 29.007 ms - 6291[0m
[0mGET /users/profile/css/layout.css [33m404[0m 9.162 ms - 167[0m
[0mGET /users/profile/css/footer.css [33m404[0m 9.507 ms - 167[0m
[0mGET /js/user_profile.js [33m404[0m 6.127 ms - 157[0m
[0mGET /users/profile/css/layout.css [33m404[0m 11.731 ms - 167[0m
[0mGET /users/profile/css/footer.css [33m404[0m 12.504 ms - 167[0m
[0mGET /js/user_profile.js [33m404[0m 4.095 ms - 157[0m
[0mGET / [32m200[0m 35.842 ms - 37815[0m
[0mGET / [36m304[0m 92.609 ms - -[0m
[0mGET / [36m304[0m 30.431 ms - -[0m
[0mPOST /likes/toggle/?id=62679734bf3729861eef0c61&type=Post [32m200[0m 107.347 ms - 62[0m
[0mPOST /likes/toggle/?id=62679734bf3729861eef0c61&type=Post [32m200[0m 30.931 ms - 63[0m
[0mPOST /likes/toggle/?id=62828079e441899c5ef62832&type=Comment [32m200[0m 17.748 ms - 63[0m
[0mGET / [32m200[0m 2416.535 ms - 20735[0m
[0mGET /favicon.ico [33m404[0m 492.567 ms - 150[0m
[0mGET /users/sign-in [32m200[0m 50.990 ms - 8754[0m
[0mGET /users/css/layout.css [33m404[0m 6.452 ms - 159[0m
[0mGET /users/css/footer.css [33m404[0m 242.343 ms - 159[0m
[0mGET /users/css/layout.css [33m404[0m 206.697 ms - 159[0m
[0mGET /users/auth/google [36m302[0m 30.298 ms - 0[0m
[0mGET /users/auth/google/callback?code=4%2F0AX4XfWhFQfVZDzZZBiZUbtpgaBb2TSE3B_zVA9e4oF8A9DBKvE8c_Big8W-IxzpVBxo8Zw&scope=email+profile+https%3A%2F%2Fwww.googleapis.com%2Fauth%2Fuserinfo.profile+https%3A%2F%2Fwww.googleapis.com%2Fauth%2Fuserinfo.email+openid&authuser=0&prompt=consent [36m302[0m 826.645 ms - 46[0m
[0mGET / [36m304[0m 226.828 ms - -[0m
[0mGET / [32m200[0m 73.292 ms - 38345[0m
[0mGET / [32m200[0m 169.657 ms - 37815[0m
[0mGET / [36m304[0m 34.489 ms - -[0m
[0mGET /users/profile/6224e8ed1f5b79cc3c7d43d4 [32m200[0m 51.709 ms - 6291[0m
[0mGET /users/profile/css/layout.css [33m404[0m 20.003 ms - 167[0m
[0mGET /users/profile/css/footer.css [33m404[0m 14.008 ms - 167[0m
[0mGET /js/user_profile.js [33m404[0m 6.699 ms - 157[0m
[0mGET / [36m304[0m 33.086 ms - -[0m
[0mPOST /likes/toggle/?id=62679734bf3729861eef0c61&type=Post [32m200[0m 96.772 ms - 62[0m
[0mPOST /likes/toggle/?id=62679734bf3729861eef0c61&type=Post [32m200[0m 344.009 ms - 62[0m
[0mPOST /likes/toggle/?id=62679734bf3729861eef0c61&type=Post [32m200[0m 68.223 ms - 63[0m
[0mPOST /likes/toggle/?id=62679734bf3729861eef0c61&type=Post [32m200[0m 10.441 ms - 62[0m
[0mPOST /likes/toggle/?id=62679734bf3729861eef0c61&type=Post [32m200[0m 18.104 ms - 63[0m
[0mPOST /likes/toggle/?id=62679734bf3729861eef0c61&type=Post [32m200[0m 10.242 ms - 62[0m
[0mPOST /likes/toggle/?id=62679734bf3729861eef0c61&type=Post [32m200[0m 16.417 ms - 63[0m
[0mPOST /likes/toggle/?id=62679734bf3729861eef0c61&type=Post [32m200[0m 15.473 ms - 62[0m
[0mPOST /likes/toggle/?id=62679734bf3729861eef0c61&type=Post [32m200[0m 16.559 ms - 63[0m
[0mGET / [36m304[0m 33.103 ms - -[0m
[0mPOST /likes/toggle/?id=62679734bf3729861eef0c61&type=Post [32m200[0m 9.511 ms - 62[0m
[0mPOST /likes/toggle/?id=62679734bf3729861eef0c61&type=Post [32m200[0m 8.733 ms - 63[0m
[0mGET / [32m200[0m 830.796 ms - 20735[0m
[0mGET /favicon.ico [33m404[0m 6.569 ms - 150[0m
[0mGET /users/sign-up [32m200[0m 59.211 ms - 11318[0m
[0mGET /users/css/layout.css [33m404[0m 11.547 ms - 159[0m
[0mGET /users/css/footer.css [33m404[0m 152.771 ms - 159[0m
[0mGET /users/css/layout.css [33m404[0m 3.045 ms - 159[0m
[0mGET /users/css/footer.css [33m404[0m 3.284 ms - 159[0m
[0mGET /users/sign-in [32m200[0m 25.905 ms - 8754[0m
[0mGET /users/css/layout.css [33m404[0m 8.827 ms - 159[0m
[0mGET /users/css/footer.css [33m404[0m 7.023 ms - 159[0m
[0mGET /users/css/layout.css [33m404[0m 2.866 ms - 159[0m
[0mGET /users/css/footer.css [33m404[0m 3.443 ms - 159[0m
[0mGET /users/auth/google [36m302[0m 25.678 ms - 0[0m
[0mGET /users/auth/google/callback?code=4%2F0AX4XfWh3lC9QUgP_pAHB-IdkiLRcOFUO5tTWAal18K8bZAfXOZTjIT62uK5i1Hse09xVXA&scope=email+profile+https%3A%2F%2Fwww.googleapis.com%2Fauth%2Fuserinfo.profile+openid+https%3A%2F%2Fwww.googleapis.com%2Fauth%2Fuserinfo.email&authuser=0&prompt=none [36m302[0m 992.136 ms - 46[0m
[0mGET / [32m200[0m 56.165 ms - 38345[0m
[0mGET / [32m200[0m 28.428 ms - 20735[0m
[0mGET /favicon.ico [33m404[0m 2.366 ms - 150[0m
[0mGET /users/sign-in [32m200[0m 5.632 ms - 8754[0m
[0mGET /users/css/layout.css [33m404[0m 9.873 ms - 159[0m
[0mGET /users/css/footer.css [33m404[0m 9.106 ms - 159[0m
[0mGET /users/css/layout.css [33m404[0m 361.016 ms - 159[0m
[0mGET /users/css/footer.css [33m404[0m 364.023 ms - 159[0m
[0mGET /users/auth/google [36m302[0m 132.540 ms - 0[0m
[0mGET /users/auth/google/callback?code=4%2F0AX4XfWisQpcnSM-q04yT6jduSkIj3zdXKUzF_Nev_7fsHOkH6rv8tOA23nLzLDLTxlOjGw&scope=email+profile+https%3A%2F%2Fwww.googleapis.com%2Fauth%2Fuserinfo.profile+https%3A%2F%2Fwww.googleapis.com%2Fauth%2Fuserinfo.email+openid&authuser=1&prompt=consent [36m302[0m 642.876 ms - 46[0m
[0mGET / [32m200[0m 474.752 ms - 38345[0m
[0mGET / [32m200[0m 26.604 ms - 37815[0m
[0mGET / [32m200[0m 16176.733 ms - 20735[0m
[0mGET /users/sign-up [36m304[0m 968.235 ms - -[0m
[0mGET /users/css/layout.css [33m404[0m 11.818 ms - 159[0m
[0mGET /users/css/footer.css [33m404[0m 11.560 ms - 159[0m
[0mGET /users/css/layout.css [33m404[0m 3.790 ms - 159[0m
[0mGET /users/css/footer.css [33m404[0m 4.291 ms - 159[0m
[0mGET /users/auth/google [36m302[0m 323.296 ms - 0[0m
[0mGET /users/auth/google/callback?code=4%2F0AX4XfWjzyEESSOrd8uX7xaP0RFDdvnd37GKbqE-50PwOifRMqwtgc1DYQr-UfraowsMW6A&scope=email+profile+openid+https%3A%2F%2Fwww.googleapis.com%2Fauth%2Fuserinfo.profile+https%3A%2F%2Fwww.googleapis.com%2Fauth%2Fuserinfo.email&authuser=0&prompt=none [36m302[0m 2006.590 ms - 46[0m
[0mGET / [32m200[0m 122.341 ms - 38345[0m
[0mGET / [32m200[0m 2617.543 ms - 20735[0m
[0mGET /users/sign-in [36m304[0m 499.788 ms - -[0m
[0mGET /users/css/layout.css [33m404[0m 12.143 ms - 159[0m
[0mGET /users/css/footer.css [33m404[0m 9.720 ms - 159[0m
[0mGET /users/css/layout.css [33m404[0m 3.544 ms - 159[0m
[0mGET /users/css/footer.css [33m404[0m 2.361 ms - 159[0m
[0mGET /users/auth/google [36m302[0m 81.937 ms - 0[0m
[0mGET /users/auth/google/callback?code=4%2F0AX4XfWj5VHz95mp0gUgUOQ9pM7RskPxEZGtzBYEWMJdU9o582M4T424HQnBMqLBsRRkM-A&scope=email+profile+https%3A%2F%2Fwww.googleapis.com%2Fauth%2Fuserinfo.email+https%3A%2F%2Fwww.googleapis.com%2Fauth%2Fuserinfo.profile+openid&authuser=0&prompt=none [36m302[0m 914.901 ms - 46[0m
[0mGET / [32m200[0m 230.202 ms - 38345[0m
[0mGET /users/profile/6224e8ed1f5b79cc3c7d43d4 [36m304[0m 45.819 ms - -[0m
[0mGET /users/profile/css/layout.css [33m404[0m 16.892 ms - 167[0m
[0mGET /users/profile/css/footer.css [33m404[0m 11.018 ms - 167[0m
[0mGET /js/user_profile.js [33m404[0m 150.676 ms - 157[0m
[0mGET /users/profile/css/layout.css [33m404[0m 6.089 ms - 167[0m
[0mGET /users/profile/css/footer.css [33m404[0m 6.495 ms - 167[0m
[0mGET /js/user_profile.js [33m404[0m 8.177 ms - 157[0m
[0mGET / [32m200[0m 33.617 ms - 37815[0m
[0mGET / [36m304[0m 55.135 ms - -[0m
[0mGET / [32m200[0m 27.087 ms - 37815[0m
[0mGET / [36m304[0m 27.949 ms - -[0m
[0mGET /users/sign-out [36m302[0m 5.903 ms - 46[0m
[0mGET / [36m304[0m 29.679 ms - -[0m
[0mGET /favicon.ico [33m404[0m 3.882 ms - 150[0m
[0mPOST /likes/toggle/?id=62679734bf3729861eef0c61&type=Post [31m500[0m 258.855 ms - 34[0m
[0mPOST /likes/toggle/?id=62679734bf3729861eef0c61&type=Post [31m500[0m 7.794 ms - 34[0m
[0mPOST /likes/toggle/?id=62679734bf3729861eef0c61&type=Post [31m500[0m 6.492 ms - 34[0m
[0mPOST /likes/toggle/?id=62679734bf3729861eef0c61&type=Post [31m500[0m 10.653 ms - 34[0m
[0mPOST /likes/toggle/?id=62679734bf3729861eef0c61&type=Post [31m500[0m 7.724 ms - 34[0m
[0mPOST /likes/toggle/?id=62591f59fdc0d87eec105f82&type=Post [31m500[0m 4.908 ms - 34[0m
[0mGET /posts/destroy/62679734bf3729861eef0c61 [36m302[0m 2.536 ms - 72[0m
[0mGET /users/sign-in [32m200[0m 27.836 ms - 8754[0m
[0mGET /users/css/layout.css [33m404[0m 18.747 ms - 159[0m
[0mGET /users/css/footer.css [33m404[0m 11.362 ms - 159[0m
[0mGET /users/css/layout.css [33m404[0m 2.104 ms - 159[0m
[0mGET /users/css/footer.css [33m404[0m 2.844 ms - 159[0m
[0mGET /users/sign-up [32m200[0m 66.925 ms - 11318[0m
[0mGET /users/css/layout.css [33m404[0m 14.979 ms - 159[0m
[0mGET /users/css/footer.css [33m404[0m 6.448 ms - 159[0m
[0mGET /users/css/layout.css [33m404[0m 2.130 ms - 159[0m
[0mGET /users/css/footer.css [33m404[0m 2.635 ms - 159[0m
[0mGET / [32m200[0m 3021.464 ms - 20735[0m
[0mGET /users/sign-in [36m304[0m 189.129 ms - -[0m
[0mGET /users/css/layout.css [33m404[0m 6.410 ms - 159[0m
[0mGET /users/css/footer.css [33m404[0m 11.354 ms - 159[0m
[0mGET /users/css/layout.css [33m404[0m 4.043 ms - 159[0m
[0mGET /users/css/footer.css [33m404[0m 4.289 ms - 159[0m
[0mGET /users/auth/google [36m302[0m 81.087 ms - 0[0m
[0mGET /users/auth/google/callback?code=4%2F0AdQt8qjm45WU-k6WkvwHTRO5T6GY8pb-5lMBQdAa0dQHgWWv2tQkRlKQm88gMryPeRY1lw&scope=email+profile+https%3A%2F%2Fwww.googleapis.com%2Fauth%2Fuserinfo.profile+openid+https%3A%2F%2Fwww.googleapis.com%2Fauth%2Fuserinfo.email&authuser=0&prompt=none [36m302[0m 2084.534 ms - 46[0m
[0mGET / [32m200[0m 83.433 ms - 38345[0m
[0mGET / [32m200[0m 199.399 ms - 37815[0m
[0mGET / [32m200[0m 43.034 ms - 20735[0m
[0mGET /favicon.ico [33m404[0m 5.841 ms - 150[0m
[0mGET /users/sign-in [32m200[0m 1122.746 ms - 8754[0m
[0mGET /users/css/layout.css [33m404[0m 8.119 ms - 159[0m
[0mGET /users/css/footer.css [33m404[0m 16.006 ms - 159[0m
[0mGET /users/css/layout.css [33m404[0m 4.215 ms - 159[0m
[0mGET /users/auth/google [36m302[0m 3.188 ms - 0[0m
[0mGET / [32m200[0m 2594.490 ms - 20735[0m
[0mGET /favicon.ico [33m404[0m 259.936 ms - 150[0m
[0mGET /users/sign-in [32m200[0m 16.715 ms - 8754[0m
[0mGET /users/css/layout.css [33m404[0m 7.343 ms - 159[0m
[0mGET /users/css/footer.css [33m404[0m 11.585 ms - 159[0m
[0mGET /users/css/layout.css [33m404[0m 4.284 ms - 159[0m
[0mGET /users/css/footer.css [33m404[0m 6.345 ms - 159[0m
[0mGET /users/auth/google [36m302[0m 55.453 ms - 0[0m
[0mGET /users/auth/google/callback?code=4%2F0AdQt8qjUsSaJHp_XzD817Y_FGGf5q-lqBckyTGbKsb9m7B4UgFXCJMVnqm2_4TrJJXZL9w&scope=email+profile+https%3A%2F%2Fwww.googleapis.com%2Fauth%2Fuserinfo.profile+https%3A%2F%2Fwww.googleapis.com%2Fauth%2Fuserinfo.email+openid&authuser=0&prompt=consent [36m302[0m 1344.574 ms - 46[0m
[0mGET / [32m200[0m 35.571 ms - 38345[0m
[0mGET / [32m200[0m 70.127 ms - 20735[0m
[0mGET /users/sign-in [36m304[0m 2.987 ms - -[0m
[0mGET /users/css/layout.css [33m404[0m 5.900 ms - 159[0m
[0mGET /users/css/footer.css [33m404[0m 6.221 ms - 159[0m
[0mGET /users/css/layout.css [33m404[0m 3.268 ms - 159[0m
[0mGET /users/css/footer.css [33m404[0m 2.715 ms - 159[0m
[0mGET /users/auth/google [36m302[0m 4.581 ms - 0[0m
[0mGET /users/auth/google/callback?code=4%2F0AdQt8qjd23PVNN-hswJJlKd9ZbzfdFPAfPICXervj7WjJ4Psb7JtQWG6O_2xNf6CbITSGA&scope=email+profile+https%3A%2F%2Fwww.googleapis.com%2Fauth%2Fuserinfo.email+https%3A%2F%2Fwww.googleapis.com%2Fauth%2Fuserinfo.profile+openid&authuser=0&prompt=none [36m302[0m 556.300 ms - 46[0m
[0mGET / [32m200[0m 71.956 ms - 38345[0m
[0mGET / [32m200[0m 1384.186 ms - 20735[0m
[0mGET /favicon.ico [0m-[0m - ms - -[0m
[0mGET /users/sign-in [32m200[0m 319.251 ms - 8754[0m
[0mGET /users/css/layout.css [33m404[0m 9.869 ms - 159[0m
[0mGET /users/css/footer.css [33m404[0m 20.110 ms - 159[0m
[0mGET /users/css/layout.css [33m404[0m 3.413 ms - 159[0m
[0mGET /users/css/footer.css [33m404[0m 4.519 ms - 159[0m
[0mGET /users/auth/google [36m302[0m 120.634 ms - 0[0m
[0mGET /users/auth/google/callback?code=4%2F0AdQt8qj6QSl8Al8AN0ld3Fg2tEUbCr0ijQ1j3CgHmlT6FLdR8_er1ReqbhYg9ThInQ1hSw&scope=email+profile+https%3A%2F%2Fwww.googleapis.com%2Fauth%2Fuserinfo.email+openid+https%3A%2F%2Fwww.googleapis.com%2Fauth%2Fuserinfo.profile&authuser=0&prompt=none [36m302[0m 1189.181 ms - 46[0m
[0mGET / [32m200[0m 51.258 ms - 38345[0m
[0mGET /favicon.ico [0m-[0m - ms - -[0m
[0mGET / [32m200[0m 211.844 ms - 20735[0m
[0mGET /favicon.ico [33m404[0m 5.457 ms - 150[0m
[0mGET / [32m200[0m 289.932 ms - 20735[0m
[0mGET /favicon.ico [33m404[0m 4.670 ms - 150[0m
[0mGET /users/sign-in [32m200[0m 43.549 ms - 8754[0m
[0mGET /users/css/footer.css [33m404[0m 34.085 ms - 159[0m
[0mGET /users/css/layout.css [33m404[0m 6.613 ms - 159[0m
[0mGET /users/css/layout.css [33m404[0m 3.058 ms - 159[0m
[0mGET /users/css/footer.css [33m404[0m 4.270 ms - 159[0m
[0mGET /favicon.ico [0m-[0m - ms - -[0m
[0mGET /users/auth/google [36m302[0m 114.567 ms - 0[0m
[0mGET /users/auth/google/callback?code=4%2F0AdQt8qg3HQxYmsSfE-ejIHVRyxvGjfPfDkKpqtxSre_cGGU4BwulhILOVWPgSFd7GV-kPg&scope=email+profile+openid+https%3A%2F%2Fwww.googleapis.com%2Fauth%2Fuserinfo.profile+https%3A%2F%2Fwww.googleapis.com%2Fauth%2Fuserinfo.email&authuser=0&prompt=none [36m302[0m 1051.620 ms - 46[0m
[0mGET / [32m200[0m 28.602 ms - 38345[0m
